mode: set
github.com/bashfulrobot/configr/cmd/configr/apply.go:55.13,64.2 6 1
github.com/bashfulrobot/configr/cmd/configr/apply.go:66.56,75.30 2 0
github.com/bashfulrobot/configr/cmd/configr/apply.go:75.30,77.3 1 0
github.com/bashfulrobot/configr/cmd/configr/apply.go:80.2,87.19 3 0
github.com/bashfulrobot/configr/cmd/configr/apply.go:87.19,89.3 1 0
github.com/bashfulrobot/configr/cmd/configr/apply.go:89.8,89.44 1 0
github.com/bashfulrobot/configr/cmd/configr/apply.go:89.44,91.3 1 0
github.com/bashfulrobot/configr/cmd/configr/apply.go:91.8,95.17 3 0
github.com/bashfulrobot/configr/cmd/configr/apply.go:95.17,97.4 1 0
github.com/bashfulrobot/configr/cmd/configr/apply.go:101.2,108.21 5 0
github.com/bashfulrobot/configr/cmd/configr/apply.go:108.21,116.17 5 0
github.com/bashfulrobot/configr/cmd/configr/apply.go:116.17,117.26 1 0
github.com/bashfulrobot/configr/cmd/configr/apply.go:117.26,120.5 2 0
github.com/bashfulrobot/configr/cmd/configr/apply.go:121.4,121.73 1 0
github.com/bashfulrobot/configr/cmd/configr/apply.go:123.8,128.46 3 0
github.com/bashfulrobot/configr/cmd/configr/apply.go:128.46,129.26 1 0
github.com/bashfulrobot/configr/cmd/configr/apply.go:129.26,132.5 2 0
github.com/bashfulrobot/configr/cmd/configr/apply.go:133.4,133.60 1 0
github.com/bashfulrobot/configr/cmd/configr/apply.go:136.3,137.17 2 0
github.com/bashfulrobot/configr/cmd/configr/apply.go:137.17,138.26 1 0
github.com/bashfulrobot/configr/cmd/configr/apply.go:138.26,141.5 2 0
github.com/bashfulrobot/configr/cmd/configr/apply.go:142.4,142.55 1 0
github.com/bashfulrobot/configr/cmd/configr/apply.go:147.2,147.24 1 0
github.com/bashfulrobot/configr/cmd/configr/apply.go:147.24,150.3 2 0
github.com/bashfulrobot/configr/cmd/configr/apply.go:153.2,159.30 4 0
github.com/bashfulrobot/configr/cmd/configr/apply.go:159.30,162.3 2 0
github.com/bashfulrobot/configr/cmd/configr/apply.go:165.2,165.52 1 0
github.com/bashfulrobot/configr/cmd/configr/apply.go:165.52,167.25 2 0
github.com/bashfulrobot/configr/cmd/configr/apply.go:167.25,169.4 1 0
github.com/bashfulrobot/configr/cmd/configr/apply.go:173.2,173.17 1 0
github.com/bashfulrobot/configr/cmd/configr/apply.go:173.17,178.83 5 0
github.com/bashfulrobot/configr/cmd/configr/apply.go:178.83,181.4 2 0
github.com/bashfulrobot/configr/cmd/configr/apply.go:184.2,184.12 1 0
github.com/bashfulrobot/configr/cmd/configr/apply.go:184.12,186.3 1 0
github.com/bashfulrobot/configr/cmd/configr/apply.go:192.2,192.75 1 0
github.com/bashfulrobot/configr/cmd/configr/apply.go:192.75,194.3 1 0
github.com/bashfulrobot/configr/cmd/configr/apply.go:197.2,198.24 2 0
github.com/bashfulrobot/configr/cmd/configr/apply.go:198.24,203.22 3 0
github.com/bashfulrobot/configr/cmd/configr/apply.go:203.22,205.4 1 0
github.com/bashfulrobot/configr/cmd/configr/apply.go:208.3,208.72 1 0
github.com/bashfulrobot/configr/cmd/configr/apply.go:208.72,210.4 1 0
github.com/bashfulrobot/configr/cmd/configr/apply.go:212.3,214.17 3 0
github.com/bashfulrobot/configr/cmd/configr/apply.go:214.17,216.4 1 0
github.com/bashfulrobot/configr/cmd/configr/apply.go:220.2,220.115 1 0
github.com/bashfulrobot/configr/cmd/configr/apply.go:220.115,222.3 1 0
github.com/bashfulrobot/configr/cmd/configr/apply.go:225.2,225.33 1 0
github.com/bashfulrobot/configr/cmd/configr/apply.go:225.33,230.66 3 0
github.com/bashfulrobot/configr/cmd/configr/apply.go:230.66,232.4 1 0
github.com/bashfulrobot/configr/cmd/configr/apply.go:234.3,234.63 1 0
github.com/bashfulrobot/configr/cmd/configr/apply.go:234.63,236.4 1 0
github.com/bashfulrobot/configr/cmd/configr/apply.go:240.2,240.39 1 0
github.com/bashfulrobot/configr/cmd/configr/apply.go:240.39,244.49 3 0
github.com/bashfulrobot/configr/cmd/configr/apply.go:244.49,247.87 3 0
github.com/bashfulrobot/configr/cmd/configr/apply.go:247.87,250.5 1 0
github.com/bashfulrobot/configr/cmd/configr/apply.go:254.2,254.12 1 0
github.com/bashfulrobot/configr/cmd/configr/apply.go:254.12,256.3 1 0
github.com/bashfulrobot/configr/cmd/configr/apply.go:256.8,258.3 1 0
github.com/bashfulrobot/configr/cmd/configr/apply.go:260.2,260.12 1 0
github.com/bashfulrobot/configr/cmd/configr/apply.go:264.88,265.32 1 0
github.com/bashfulrobot/configr/cmd/configr/apply.go:265.32,268.3 2 0
github.com/bashfulrobot/configr/cmd/configr/apply.go:269.2,269.14 1 0
github.com/bashfulrobot/configr/cmd/configr/apply.go:273.39,282.35 2 0
github.com/bashfulrobot/configr/cmd/configr/apply.go:282.35,284.21 1 0
github.com/bashfulrobot/configr/cmd/configr/apply.go:284.21,286.18 2 0
github.com/bashfulrobot/configr/cmd/configr/apply.go:286.18,287.13 1 0
github.com/bashfulrobot/configr/cmd/configr/apply.go:289.4,289.40 1 0
github.com/bashfulrobot/configr/cmd/configr/apply.go:292.3,292.42 1 0
github.com/bashfulrobot/configr/cmd/configr/apply.go:292.42,294.4 1 0
github.com/bashfulrobot/configr/cmd/configr/apply.go:297.2,297.86 1 0
github.com/bashfulrobot/configr/cmd/configr/apply.go:301.165,307.16 3 0
github.com/bashfulrobot/configr/cmd/configr/apply.go:307.16,311.3 2 0
github.com/bashfulrobot/configr/cmd/configr/apply.go:314.2,315.16 2 0
github.com/bashfulrobot/configr/cmd/configr/apply.go:315.16,319.3 2 0
github.com/bashfulrobot/configr/cmd/configr/apply.go:322.2,322.20 1 0
github.com/bashfulrobot/configr/cmd/configr/apply.go:322.20,323.85 1 0
github.com/bashfulrobot/configr/cmd/configr/apply.go:323.85,325.4 1 0
github.com/bashfulrobot/configr/cmd/configr/apply.go:326.3,326.90 1 0
github.com/bashfulrobot/configr/cmd/configr/apply.go:326.90,328.4 1 0
github.com/bashfulrobot/configr/cmd/configr/apply.go:329.8,331.3 1 0
github.com/bashfulrobot/configr/cmd/configr/apply.go:333.2,333.31 1 0
github.com/bashfulrobot/configr/cmd/configr/apply.go:333.31,336.22 2 0
github.com/bashfulrobot/configr/cmd/configr/apply.go:336.22,339.101 3 0
github.com/bashfulrobot/configr/cmd/configr/apply.go:339.101,341.5 1 0
github.com/bashfulrobot/configr/cmd/configr/apply.go:342.9,344.92 2 0
github.com/bashfulrobot/configr/cmd/configr/apply.go:344.92,346.5 1 0
github.com/bashfulrobot/configr/cmd/configr/apply.go:351.2,351.35 1 0
github.com/bashfulrobot/configr/cmd/configr/apply.go:351.35,356.83 3 0
github.com/bashfulrobot/configr/cmd/configr/apply.go:356.83,358.4 1 0
github.com/bashfulrobot/configr/cmd/configr/apply.go:360.3,360.99 1 0
github.com/bashfulrobot/configr/cmd/configr/apply.go:360.99,362.4 1 0
github.com/bashfulrobot/configr/cmd/configr/apply.go:366.2,366.32 1 0
github.com/bashfulrobot/configr/cmd/configr/apply.go:366.32,371.77 3 0
github.com/bashfulrobot/configr/cmd/configr/apply.go:371.77,373.4 1 0
github.com/bashfulrobot/configr/cmd/configr/apply.go:375.3,375.93 1 0
github.com/bashfulrobot/configr/cmd/configr/apply.go:375.93,377.4 1 0
github.com/bashfulrobot/configr/cmd/configr/apply.go:381.2,381.13 1 0
github.com/bashfulrobot/configr/cmd/configr/apply.go:381.13,382.70 1 0
github.com/bashfulrobot/configr/cmd/configr/apply.go:382.70,385.4 1 0
github.com/bashfulrobot/configr/cmd/configr/apply.go:388.2,388.12 1 0
github.com/bashfulrobot/configr/cmd/configr/apply.go:392.110,394.35 1 0
github.com/bashfulrobot/configr/cmd/configr/apply.go:394.35,397.73 3 0
github.com/bashfulrobot/configr/cmd/configr/apply.go:397.73,399.4 1 0
github.com/bashfulrobot/configr/cmd/configr/apply.go:403.2,403.39 1 0
github.com/bashfulrobot/configr/cmd/configr/apply.go:403.39,406.81 3 0
github.com/bashfulrobot/configr/cmd/configr/apply.go:406.81,408.4 1 0
github.com/bashfulrobot/configr/cmd/configr/apply.go:412.2,412.36 1 0
github.com/bashfulrobot/configr/cmd/configr/apply.go:412.36,415.75 3 0
github.com/bashfulrobot/configr/cmd/configr/apply.go:415.75,417.4 1 0
github.com/bashfulrobot/configr/cmd/configr/apply.go:420.2,420.12 1 0
github.com/bashfulrobot/configr/cmd/configr/apply.go:424.119,425.29 1 0
github.com/bashfulrobot/configr/cmd/configr/apply.go:425.29,427.3 1 0
github.com/bashfulrobot/configr/cmd/configr/apply.go:429.2,432.47 3 0
github.com/bashfulrobot/configr/cmd/configr/apply.go:436.95,438.74 1 0
github.com/bashfulrobot/configr/cmd/configr/apply.go:438.74,441.3 2 0
github.com/bashfulrobot/configr/cmd/configr/apply.go:443.2,448.70 3 0
github.com/bashfulrobot/configr/cmd/configr/apply.go:448.70,450.3 1 0
github.com/bashfulrobot/configr/cmd/configr/apply.go:452.2,452.12 1 0
github.com/bashfulrobot/configr/cmd/configr/cache.go:48.13,55.2 4 1
github.com/bashfulrobot/configr/cmd/configr/cache.go:57.61,66.16 4 0
github.com/bashfulrobot/configr/cmd/configr/cache.go:66.16,68.3 1 0
github.com/bashfulrobot/configr/cmd/configr/cache.go:71.2,77.34 6 0
github.com/bashfulrobot/configr/cmd/configr/cache.go:77.34,79.3 1 0
github.com/bashfulrobot/configr/cmd/configr/cache.go:79.8,81.3 1 0
github.com/bashfulrobot/configr/cmd/configr/cache.go:83.2,83.27 1 0
github.com/bashfulrobot/configr/cmd/configr/cache.go:83.27,85.3 1 0
github.com/bashfulrobot/configr/cmd/configr/cache.go:85.8,87.3 1 0
github.com/bashfulrobot/configr/cmd/configr/cache.go:89.2,89.12 1 0
github.com/bashfulrobot/configr/cmd/configr/cache.go:92.61,103.16 4 0
github.com/bashfulrobot/configr/cmd/configr/cache.go:103.16,105.3 1 0
github.com/bashfulrobot/configr/cmd/configr/cache.go:107.2,107.50 1 0
github.com/bashfulrobot/configr/cmd/configr/cache.go:107.50,109.3 1 0
github.com/bashfulrobot/configr/cmd/configr/cache.go:111.2,111.42 1 0
github.com/bashfulrobot/configr/cmd/configr/cache.go:111.42,113.3 1 0
github.com/bashfulrobot/configr/cmd/configr/cache.go:113.8,115.3 1 0
github.com/bashfulrobot/configr/cmd/configr/cache.go:117.2,117.12 1 0
github.com/bashfulrobot/configr/cmd/configr/cache.go:120.60,129.16 4 0
github.com/bashfulrobot/configr/cmd/configr/cache.go:129.16,131.3 1 0
github.com/bashfulrobot/configr/cmd/configr/cache.go:133.2,152.12 17 0
github.com/bashfulrobot/configr/cmd/configr/cache.go:156.38,158.18 2 0
github.com/bashfulrobot/configr/cmd/configr/cache.go:158.18,160.3 1 0
github.com/bashfulrobot/configr/cmd/configr/cache.go:161.2,162.46 2 0
github.com/bashfulrobot/configr/cmd/configr/cache.go:162.46,165.3 2 0
github.com/bashfulrobot/configr/cmd/configr/cache.go:166.2,166.76 1 0
github.com/bashfulrobot/configr/cmd/configr/completion.go:34.54,37.16 2 0
github.com/bashfulrobot/configr/cmd/configr/completion.go:38.15,39.47 1 0
github.com/bashfulrobot/configr/cmd/configr/completion.go:40.14,41.46 1 0
github.com/bashfulrobot/configr/cmd/configr/completion.go:42.15,43.53 1 0
github.com/bashfulrobot/configr/cmd/configr/completion.go:44.21,45.61 1 0
github.com/bashfulrobot/configr/cmd/configr/completion.go:46.11,47.53 1 0
github.com/bashfulrobot/configr/cmd/configr/completion.go:52.13,56.143 2 1
github.com/bashfulrobot/configr/cmd/configr/completion.go:56.143,58.3 1 0
github.com/bashfulrobot/configr/cmd/configr/includes.go:43.13,49.2 4 1
github.com/bashfulrobot/configr/cmd/configr/includes.go:51.59,58.19 4 0
github.com/bashfulrobot/configr/cmd/configr/includes.go:58.19,60.3 1 0
github.com/bashfulrobot/configr/cmd/configr/includes.go:60.8,60.44 1 0
github.com/bashfulrobot/configr/cmd/configr/includes.go:60.44,62.3 1 0
github.com/bashfulrobot/configr/cmd/configr/includes.go:62.8,66.17 3 0
github.com/bashfulrobot/configr/cmd/configr/includes.go:66.17,68.4 1 0
github.com/bashfulrobot/configr/cmd/configr/includes.go:71.2,74.20 2 0
github.com/bashfulrobot/configr/cmd/configr/includes.go:74.20,75.49 1 0
github.com/bashfulrobot/configr/cmd/configr/includes.go:75.49,77.4 1 0
github.com/bashfulrobot/configr/cmd/configr/includes.go:78.3,78.16 1 0
github.com/bashfulrobot/configr/cmd/configr/includes.go:82.2,85.18 2 0
github.com/bashfulrobot/configr/cmd/configr/includes.go:85.18,87.3 1 0
github.com/bashfulrobot/configr/cmd/configr/includes.go:90.2,90.20 1 0
github.com/bashfulrobot/configr/cmd/configr/includes.go:90.20,92.3 1 0
github.com/bashfulrobot/configr/cmd/configr/includes.go:95.2,95.48 1 0
github.com/bashfulrobot/configr/cmd/configr/includes.go:98.36,106.27 5 0
github.com/bashfulrobot/configr/cmd/configr/includes.go:106.27,108.3 1 0
github.com/bashfulrobot/configr/cmd/configr/includes.go:109.2,111.27 2 0
github.com/bashfulrobot/configr/cmd/configr/includes.go:111.27,113.37 2 0
github.com/bashfulrobot/configr/cmd/configr/includes.go:113.37,115.4 1 0
github.com/bashfulrobot/configr/cmd/configr/includes.go:115.9,117.4 1 0
github.com/bashfulrobot/configr/cmd/configr/includes.go:120.2,120.12 1 0
github.com/bashfulrobot/configr/cmd/configr/includes.go:123.83,126.16 2 0
github.com/bashfulrobot/configr/cmd/configr/includes.go:126.16,128.3 1 0
github.com/bashfulrobot/configr/cmd/configr/includes.go:130.2,131.51 2 0
github.com/bashfulrobot/configr/cmd/configr/includes.go:131.51,133.3 1 0
github.com/bashfulrobot/configr/cmd/configr/includes.go:135.2,138.27 2 0
github.com/bashfulrobot/configr/cmd/configr/includes.go:138.27,140.37 2 0
github.com/bashfulrobot/configr/cmd/configr/includes.go:140.37,143.59 2 0
github.com/bashfulrobot/configr/cmd/configr/includes.go:143.59,145.5 1 0
github.com/bashfulrobot/configr/cmd/configr/includes.go:145.10,147.5 1 0
github.com/bashfulrobot/configr/cmd/configr/includes.go:149.8,151.3 1 0
github.com/bashfulrobot/configr/cmd/configr/includes.go:153.2,153.12 1 0
github.com/bashfulrobot/configr/cmd/configr/includes.go:156.78,162.2 2 0
github.com/bashfulrobot/configr/cmd/configr/includes.go:164.82,169.16 3 0
github.com/bashfulrobot/configr/cmd/configr/includes.go:169.16,171.3 1 0
github.com/bashfulrobot/configr/cmd/configr/includes.go:173.2,177.35 4 0
github.com/bashfulrobot/configr/cmd/configr/includes.go:177.35,180.17 2 0
github.com/bashfulrobot/configr/cmd/configr/includes.go:180.17,182.4 1 0
github.com/bashfulrobot/configr/cmd/configr/includes.go:183.3,183.41 1 0
github.com/bashfulrobot/configr/cmd/configr/includes.go:187.2,195.12 8 0
github.com/bashfulrobot/configr/cmd/configr/includes.go:198.58,201.21 2 0
github.com/bashfulrobot/configr/cmd/configr/includes.go:201.21,203.3 1 0
github.com/bashfulrobot/configr/cmd/configr/includes.go:205.2,205.19 1 0
github.com/bashfulrobot/configr/cmd/configr/includes.go:205.19,207.3 1 0
github.com/bashfulrobot/configr/cmd/configr/includes.go:209.2,209.30 1 0
github.com/bashfulrobot/configr/cmd/configr/includes.go:209.30,211.45 2 0
github.com/bashfulrobot/configr/cmd/configr/includes.go:211.45,213.4 1 0
github.com/bashfulrobot/configr/cmd/configr/includes.go:214.3,214.92 1 0
github.com/bashfulrobot/configr/cmd/configr/includes.go:217.2,217.28 1 0
github.com/bashfulrobot/configr/cmd/configr/includes.go:217.28,219.3 1 0
github.com/bashfulrobot/configr/cmd/configr/includes.go:221.2,221.34 1 0
github.com/bashfulrobot/configr/cmd/configr/init.go:63.47,78.38 10 0
github.com/bashfulrobot/configr/cmd/configr/init.go:78.38,79.37 1 0
github.com/bashfulrobot/configr/cmd/configr/init.go:79.37,81.16 2 0
github.com/bashfulrobot/configr/cmd/configr/init.go:81.16,83.6 1 0
github.com/bashfulrobot/configr/cmd/configr/init.go:84.10,89.5 4 0
github.com/bashfulrobot/configr/cmd/configr/init.go:93.3,94.38 2 0
github.com/bashfulrobot/configr/cmd/configr/init.go:94.38,95.37 1 0
github.com/bashfulrobot/configr/cmd/configr/init.go:95.37,97.16 2 0
github.com/bashfulrobot/configr/cmd/configr/init.go:97.16,99.6 1 0
github.com/bashfulrobot/configr/cmd/configr/init.go:100.10,104.5 3 0
github.com/bashfulrobot/configr/cmd/configr/init.go:108.3,108.31 1 0
github.com/bashfulrobot/configr/cmd/configr/init.go:108.31,110.41 2 0
github.com/bashfulrobot/configr/cmd/configr/init.go:110.41,111.31 1 0
github.com/bashfulrobot/configr/cmd/configr/init.go:111.31,113.6 1 0
github.com/bashfulrobot/configr/cmd/configr/init.go:113.11,115.6 1 0
github.com/bashfulrobot/configr/cmd/configr/init.go:118.4,118.36 1 0
github.com/bashfulrobot/configr/cmd/configr/init.go:118.36,120.42 2 0
github.com/bashfulrobot/configr/cmd/configr/init.go:120.42,121.32 1 0
github.com/bashfulrobot/configr/cmd/configr/init.go:121.32,122.62 1 0
github.com/bashfulrobot/configr/cmd/configr/init.go:122.62,124.8 1 0
github.com/bashfulrobot/configr/cmd/configr/init.go:124.13,126.8 1 0
github.com/bashfulrobot/configr/cmd/configr/init.go:133.3,133.45 1 0
github.com/bashfulrobot/configr/cmd/configr/init.go:133.45,135.41 2 0
github.com/bashfulrobot/configr/cmd/configr/init.go:135.41,137.5 1 0
github.com/bashfulrobot/configr/cmd/configr/init.go:139.4,139.22 1 0
github.com/bashfulrobot/configr/cmd/configr/init.go:139.22,141.42 2 0
github.com/bashfulrobot/configr/cmd/configr/init.go:141.42,142.61 1 0
github.com/bashfulrobot/configr/cmd/configr/init.go:142.61,144.7 1 0
github.com/bashfulrobot/configr/cmd/configr/init.go:144.12,146.7 1 0
github.com/bashfulrobot/configr/cmd/configr/init.go:148.10,150.5 1 0
github.com/bashfulrobot/configr/cmd/configr/init.go:154.3,155.53 2 0
github.com/bashfulrobot/configr/cmd/configr/init.go:155.53,157.4 1 0
github.com/bashfulrobot/configr/cmd/configr/init.go:157.9,157.31 1 0
github.com/bashfulrobot/configr/cmd/configr/init.go:157.31,160.4 2 0
github.com/bashfulrobot/configr/cmd/configr/init.go:160.9,163.4 2 0
github.com/bashfulrobot/configr/cmd/configr/init.go:165.3,165.14 1 0
github.com/bashfulrobot/configr/cmd/configr/init.go:165.14,167.4 1 0
github.com/bashfulrobot/configr/cmd/configr/init.go:171.43,174.2 2 1
github.com/bashfulrobot/configr/cmd/configr/init.go:176.41,178.16 2 1
github.com/bashfulrobot/configr/cmd/configr/init.go:178.16,180.3 1 1
github.com/bashfulrobot/configr/cmd/configr/init.go:181.2,181.13 1 1
github.com/bashfulrobot/configr/cmd/configr/init.go:184.47,188.23 2 0
github.com/bashfulrobot/configr/cmd/configr/init.go:188.23,195.3 5 0
github.com/bashfulrobot/configr/cmd/configr/init.go:195.8,201.3 4 0
github.com/bashfulrobot/configr/cmd/configr/init.go:204.13,209.2 4 1
github.com/bashfulrobot/configr/cmd/configr/man.go:24.54,26.20 2 1
github.com/bashfulrobot/configr/cmd/configr/man.go:26.20,28.4 1 1
github.com/bashfulrobot/configr/cmd/configr/man.go:28.9,31.18 2 1
github.com/bashfulrobot/configr/cmd/configr/man.go:31.18,33.5 1 0
github.com/bashfulrobot/configr/cmd/configr/man.go:34.4,35.60 2 1
github.com/bashfulrobot/configr/cmd/configr/man.go:39.3,39.51 1 1
github.com/bashfulrobot/configr/cmd/configr/man.go:39.51,41.4 1 1
github.com/bashfulrobot/configr/cmd/configr/man.go:44.3,45.17 2 1
github.com/bashfulrobot/configr/cmd/configr/man.go:45.17,47.4 1 0
github.com/bashfulrobot/configr/cmd/configr/man.go:50.3,58.78 4 1
github.com/bashfulrobot/configr/cmd/configr/man.go:58.78,60.4 1 0
github.com/bashfulrobot/configr/cmd/configr/man.go:63.3,63.45 1 1
github.com/bashfulrobot/configr/cmd/configr/man.go:63.45,64.31 1 1
github.com/bashfulrobot/configr/cmd/configr/man.go:64.31,65.13 1 1
github.com/bashfulrobot/configr/cmd/configr/man.go:68.4,69.18 2 1
github.com/bashfulrobot/configr/cmd/configr/man.go:69.18,71.13 2 0
github.com/bashfulrobot/configr/cmd/configr/man.go:74.4,79.81 4 1
github.com/bashfulrobot/configr/cmd/configr/man.go:79.81,81.13 2 0
github.com/bashfulrobot/configr/cmd/configr/man.go:86.3,87.17 2 1
github.com/bashfulrobot/configr/cmd/configr/man.go:87.17,89.4 1 0
github.com/bashfulrobot/configr/cmd/configr/man.go:91.3,92.30 2 1
github.com/bashfulrobot/configr/cmd/configr/man.go:92.30,94.4 1 1
github.com/bashfulrobot/configr/cmd/configr/man.go:97.3,97.21 1 1
github.com/bashfulrobot/configr/cmd/configr/man.go:97.21,101.4 3 1
github.com/bashfulrobot/configr/cmd/configr/man.go:103.3,103.13 1 1
github.com/bashfulrobot/configr/cmd/configr/man.go:107.13,109.2 1 1
github.com/bashfulrobot/configr/cmd/configr/packages.go:110.13,126.2 13 1
github.com/bashfulrobot/configr/cmd/configr/packages.go:128.64,144.47 6 0
github.com/bashfulrobot/configr/cmd/configr/packages.go:144.47,147.17 3 0
github.com/bashfulrobot/configr/cmd/configr/packages.go:147.17,149.4 1 0
github.com/bashfulrobot/configr/cmd/configr/packages.go:149.9,150.36 1 0
github.com/bashfulrobot/configr/cmd/configr/packages.go:150.36,155.5 1 0
github.com/bashfulrobot/configr/cmd/configr/packages.go:160.2,160.51 1 0
github.com/bashfulrobot/configr/cmd/configr/packages.go:160.51,163.17 3 0
github.com/bashfulrobot/configr/cmd/configr/packages.go:163.17,165.4 1 0
github.com/bashfulrobot/configr/cmd/configr/packages.go:165.9,166.40 1 0
github.com/bashfulrobot/configr/cmd/configr/packages.go:166.40,171.5 1 0
github.com/bashfulrobot/configr/cmd/configr/packages.go:176.2,176.48 1 0
github.com/bashfulrobot/configr/cmd/configr/packages.go:176.48,179.17 3 0
github.com/bashfulrobot/configr/cmd/configr/packages.go:179.17,181.4 1 0
github.com/bashfulrobot/configr/cmd/configr/packages.go:181.9,182.37 1 0
github.com/bashfulrobot/configr/cmd/configr/packages.go:182.37,187.5 1 0
github.com/bashfulrobot/configr/cmd/configr/packages.go:192.2,192.27 1 0
github.com/bashfulrobot/configr/cmd/configr/packages.go:192.27,195.3 2 0
github.com/bashfulrobot/configr/cmd/configr/packages.go:197.2,204.34 5 0
github.com/bashfulrobot/configr/cmd/configr/packages.go:204.34,205.22 1 0
github.com/bashfulrobot/configr/cmd/configr/packages.go:206.14,207.47 1 0
github.com/bashfulrobot/configr/cmd/configr/packages.go:208.18,209.55 1 0
github.com/bashfulrobot/configr/cmd/configr/packages.go:210.15,211.49 1 0
github.com/bashfulrobot/configr/cmd/configr/packages.go:215.2,215.26 1 0
github.com/bashfulrobot/configr/cmd/configr/packages.go:215.26,217.35 2 0
github.com/bashfulrobot/configr/cmd/configr/packages.go:217.35,219.4 1 0
github.com/bashfulrobot/configr/cmd/configr/packages.go:220.3,220.18 1 0
github.com/bashfulrobot/configr/cmd/configr/packages.go:223.2,223.30 1 0
github.com/bashfulrobot/configr/cmd/configr/packages.go:223.30,225.39 2 0
github.com/bashfulrobot/configr/cmd/configr/packages.go:225.39,227.4 1 0
github.com/bashfulrobot/configr/cmd/configr/packages.go:228.3,228.18 1 0
github.com/bashfulrobot/configr/cmd/configr/packages.go:231.2,231.27 1 0
github.com/bashfulrobot/configr/cmd/configr/packages.go:231.27,233.36 2 0
github.com/bashfulrobot/configr/cmd/configr/packages.go:233.36,235.4 1 0
github.com/bashfulrobot/configr/cmd/configr/packages.go:236.3,236.18 1 0
github.com/bashfulrobot/configr/cmd/configr/packages.go:239.2,239.12 1 0
github.com/bashfulrobot/configr/cmd/configr/packages.go:242.62,256.23 5 0
github.com/bashfulrobot/configr/cmd/configr/packages.go:256.23,257.86 1 0
github.com/bashfulrobot/configr/cmd/configr/packages.go:257.86,259.4 1 0
github.com/bashfulrobot/configr/cmd/configr/packages.go:259.9,259.48 1 0
github.com/bashfulrobot/configr/cmd/configr/packages.go:259.48,261.4 1 0
github.com/bashfulrobot/configr/cmd/configr/packages.go:261.10,263.4 0 0
github.com/bashfulrobot/configr/cmd/configr/packages.go:266.2,271.47 4 0
github.com/bashfulrobot/configr/cmd/configr/packages.go:271.47,274.31 3 0
github.com/bashfulrobot/configr/cmd/configr/packages.go:274.31,276.4 1 0
github.com/bashfulrobot/configr/cmd/configr/packages.go:280.2,280.75 1 0
github.com/bashfulrobot/configr/cmd/configr/packages.go:280.75,283.31 3 0
github.com/bashfulrobot/configr/cmd/configr/packages.go:283.31,285.4 1 0
github.com/bashfulrobot/configr/cmd/configr/packages.go:289.2,289.72 1 0
github.com/bashfulrobot/configr/cmd/configr/packages.go:289.72,292.31 3 0
github.com/bashfulrobot/configr/cmd/configr/packages.go:292.31,294.4 1 0
github.com/bashfulrobot/configr/cmd/configr/packages.go:297.2,297.24 1 0
github.com/bashfulrobot/configr/cmd/configr/packages.go:297.24,298.24 1 0
github.com/bashfulrobot/configr/cmd/configr/packages.go:298.24,300.4 1 0
github.com/bashfulrobot/configr/cmd/configr/packages.go:300.9,302.4 1 0
github.com/bashfulrobot/configr/cmd/configr/packages.go:303.3,303.13 1 0
github.com/bashfulrobot/configr/cmd/configr/packages.go:307.2,317.12 5 0
github.com/bashfulrobot/configr/cmd/configr/packages.go:320.62,329.20 3 0
github.com/bashfulrobot/configr/cmd/configr/packages.go:329.20,331.3 1 0
github.com/bashfulrobot/configr/cmd/configr/packages.go:331.8,333.3 1 0
github.com/bashfulrobot/configr/cmd/configr/packages.go:336.2,336.47 1 0
github.com/bashfulrobot/configr/cmd/configr/packages.go:336.47,339.21 2 0
github.com/bashfulrobot/configr/cmd/configr/packages.go:339.21,341.18 2 0
github.com/bashfulrobot/configr/cmd/configr/packages.go:341.18,343.5 1 0
github.com/bashfulrobot/configr/cmd/configr/packages.go:343.10,343.32 1 0
github.com/bashfulrobot/configr/cmd/configr/packages.go:343.32,345.34 2 0
github.com/bashfulrobot/configr/cmd/configr/packages.go:345.34,347.6 1 0
github.com/bashfulrobot/configr/cmd/configr/packages.go:348.5,348.18 1 0
github.com/bashfulrobot/configr/cmd/configr/packages.go:350.9,355.4 3 0
github.com/bashfulrobot/configr/cmd/configr/packages.go:359.2,359.51 1 0
github.com/bashfulrobot/configr/cmd/configr/packages.go:359.51,362.17 3 0
github.com/bashfulrobot/configr/cmd/configr/packages.go:362.17,364.4 1 0
github.com/bashfulrobot/configr/cmd/configr/packages.go:364.9,364.31 1 0
github.com/bashfulrobot/configr/cmd/configr/packages.go:364.31,366.33 2 0
github.com/bashfulrobot/configr/cmd/configr/packages.go:366.33,368.5 1 0
github.com/bashfulrobot/configr/cmd/configr/packages.go:369.4,369.17 1 0
github.com/bashfulrobot/configr/cmd/configr/packages.go:374.2,374.48 1 0
github.com/bashfulrobot/configr/cmd/configr/packages.go:374.48,377.17 3 0
github.com/bashfulrobot/configr/cmd/configr/packages.go:377.17,379.4 1 0
github.com/bashfulrobot/configr/cmd/configr/packages.go:379.9,379.31 1 0
github.com/bashfulrobot/configr/cmd/configr/packages.go:379.31,381.33 2 0
github.com/bashfulrobot/configr/cmd/configr/packages.go:381.33,383.5 1 0
github.com/bashfulrobot/configr/cmd/configr/packages.go:384.4,384.17 1 0
github.com/bashfulrobot/configr/cmd/configr/packages.go:388.2,388.12 1 0
github.com/bashfulrobot/configr/cmd/configr/packages.go:391.65,400.20 3 0
github.com/bashfulrobot/configr/cmd/configr/packages.go:400.20,402.3 1 0
github.com/bashfulrobot/configr/cmd/configr/packages.go:402.8,404.3 1 0
github.com/bashfulrobot/configr/cmd/configr/packages.go:407.2,414.47 2 0
github.com/bashfulrobot/configr/cmd/configr/packages.go:414.47,418.17 4 0
github.com/bashfulrobot/configr/cmd/configr/packages.go:418.17,420.4 1 0
github.com/bashfulrobot/configr/cmd/configr/packages.go:420.9,422.4 1 0
github.com/bashfulrobot/configr/cmd/configr/packages.go:423.3,423.16 1 0
github.com/bashfulrobot/configr/cmd/configr/packages.go:427.2,427.51 1 0
github.com/bashfulrobot/configr/cmd/configr/packages.go:427.51,431.17 4 0
github.com/bashfulrobot/configr/cmd/configr/packages.go:431.17,433.4 1 0
github.com/bashfulrobot/configr/cmd/configr/packages.go:433.9,435.4 1 0
github.com/bashfulrobot/configr/cmd/configr/packages.go:436.3,436.16 1 0
github.com/bashfulrobot/configr/cmd/configr/packages.go:440.2,440.48 1 0
github.com/bashfulrobot/configr/cmd/configr/packages.go:440.48,444.17 4 0
github.com/bashfulrobot/configr/cmd/configr/packages.go:444.17,446.4 1 0
github.com/bashfulrobot/configr/cmd/configr/packages.go:446.9,448.4 1 0
github.com/bashfulrobot/configr/cmd/configr/packages.go:449.3,449.16 1 0
github.com/bashfulrobot/configr/cmd/configr/packages.go:452.2,452.12 1 0
github.com/bashfulrobot/configr/cmd/configr/packages.go:455.62,471.14 6 0
github.com/bashfulrobot/configr/cmd/configr/packages.go:471.14,476.17 4 0
github.com/bashfulrobot/configr/cmd/configr/packages.go:476.17,478.4 1 0
github.com/bashfulrobot/configr/cmd/configr/packages.go:480.3,480.28 1 0
github.com/bashfulrobot/configr/cmd/configr/packages.go:480.28,483.4 2 0
github.com/bashfulrobot/configr/cmd/configr/packages.go:485.3,486.35 2 0
github.com/bashfulrobot/configr/cmd/configr/packages.go:486.35,487.26 1 0
github.com/bashfulrobot/configr/cmd/configr/packages.go:487.26,489.5 1 0
github.com/bashfulrobot/configr/cmd/configr/packages.go:489.10,491.5 1 0
github.com/bashfulrobot/configr/cmd/configr/packages.go:493.3,495.13 2 0
github.com/bashfulrobot/configr/cmd/configr/packages.go:499.2,501.16 3 0
github.com/bashfulrobot/configr/cmd/configr/packages.go:501.16,503.3 1 0
github.com/bashfulrobot/configr/cmd/configr/packages.go:505.2,505.28 1 0
github.com/bashfulrobot/configr/cmd/configr/packages.go:505.28,508.3 2 0
github.com/bashfulrobot/configr/cmd/configr/packages.go:510.2,512.14 2 0
github.com/bashfulrobot/configr/cmd/configr/packages.go:512.14,514.36 2 0
github.com/bashfulrobot/configr/cmd/configr/packages.go:514.36,515.32 1 0
github.com/bashfulrobot/configr/cmd/configr/packages.go:515.32,517.5 1 0
github.com/bashfulrobot/configr/cmd/configr/packages.go:517.10,519.5 1 0
github.com/bashfulrobot/configr/cmd/configr/packages.go:521.8,522.36 1 0
github.com/bashfulrobot/configr/cmd/configr/packages.go:522.36,524.4 1 0
github.com/bashfulrobot/configr/cmd/configr/packages.go:527.2,530.12 3 0
github.com/bashfulrobot/configr/cmd/configr/restore.go:53.13,66.2 10 1
github.com/bashfulrobot/configr/cmd/configr/restore.go:68.58,77.48 2 0
github.com/bashfulrobot/configr/cmd/configr/restore.go:77.48,79.3 1 0
github.com/bashfulrobot/configr/cmd/configr/restore.go:82.2,83.20 2 0
github.com/bashfulrobot/configr/cmd/configr/restore.go:83.20,86.17 3 0
github.com/bashfulrobot/configr/cmd/configr/restore.go:86.17,88.4 1 0
github.com/bashfulrobot/configr/cmd/configr/restore.go:92.2,96.16 3 0
github.com/bashfulrobot/configr/cmd/configr/restore.go:96.16,102.3 2 0
github.com/bashfulrobot/configr/cmd/configr/restore.go:105.2,106.19 2 0
github.com/bashfulrobot/configr/cmd/configr/restore.go:106.19,108.3 1 0
github.com/bashfulrobot/configr/cmd/configr/restore.go:108.8,111.3 1 0
github.com/bashfulrobot/configr/cmd/configr/restore.go:113.2,117.17 3 0
github.com/bashfulrobot/configr/cmd/configr/restore.go:117.17,119.3 1 0
github.com/bashfulrobot/configr/cmd/configr/restore.go:120.2,120.16 1 0
github.com/bashfulrobot/configr/cmd/configr/restore.go:120.16,122.3 1 0
github.com/bashfulrobot/configr/cmd/configr/restore.go:123.2,123.23 1 0
github.com/bashfulrobot/configr/cmd/configr/restore.go:123.23,125.3 1 0
github.com/bashfulrobot/configr/cmd/configr/restore.go:126.2,126.20 1 0
github.com/bashfulrobot/configr/cmd/configr/restore.go:126.20,128.3 1 0
github.com/bashfulrobot/configr/cmd/configr/restore.go:129.2,129.21 1 0
github.com/bashfulrobot/configr/cmd/configr/restore.go:129.21,131.3 1 0
github.com/bashfulrobot/configr/cmd/configr/restore.go:132.2,132.15 1 0
github.com/bashfulrobot/configr/cmd/configr/restore.go:132.15,134.3 1 0
github.com/bashfulrobot/configr/cmd/configr/restore.go:136.2,136.25 1 0
github.com/bashfulrobot/configr/cmd/configr/restore.go:136.25,138.3 1 0
github.com/bashfulrobot/configr/cmd/configr/restore.go:139.2,139.24 1 0
github.com/bashfulrobot/configr/cmd/configr/restore.go:139.24,141.3 1 0
github.com/bashfulrobot/configr/cmd/configr/restore.go:144.2,144.9 1 0
github.com/bashfulrobot/configr/cmd/configr/restore.go:145.19,146.64 1 0
github.com/bashfulrobot/configr/cmd/configr/restore.go:147.18,148.61 1 0
github.com/bashfulrobot/configr/cmd/configr/restore.go:149.25,150.76 1 0
github.com/bashfulrobot/configr/cmd/configr/restore.go:151.22,152.73 1 0
github.com/bashfulrobot/configr/cmd/configr/restore.go:153.23,154.66 1 0
github.com/bashfulrobot/configr/cmd/configr/restore.go:155.17,156.64 1 0
github.com/bashfulrobot/configr/cmd/configr/restore.go:159.2,159.12 1 0
github.com/bashfulrobot/configr/cmd/configr/restore.go:163.115,166.23 2 0
github.com/bashfulrobot/configr/cmd/configr/restore.go:166.23,169.3 2 0
github.com/bashfulrobot/configr/cmd/configr/restore.go:171.2,173.33 2 0
github.com/bashfulrobot/configr/cmd/configr/restore.go:173.33,180.28 6 0
github.com/bashfulrobot/configr/cmd/configr/restore.go:180.28,182.4 1 0
github.com/bashfulrobot/configr/cmd/configr/restore.go:182.9,184.4 1 0
github.com/bashfulrobot/configr/cmd/configr/restore.go:185.3,185.16 1 0
github.com/bashfulrobot/configr/cmd/configr/restore.go:188.2,188.12 1 0
github.com/bashfulrobot/configr/cmd/configr/restore.go:192.112,195.23 2 0
github.com/bashfulrobot/configr/cmd/configr/restore.go:195.23,198.3 2 0
github.com/bashfulrobot/configr/cmd/configr/restore.go:200.2,201.33 2 0
github.com/bashfulrobot/configr/cmd/configr/restore.go:201.33,202.29 1 0
github.com/bashfulrobot/configr/cmd/configr/restore.go:202.29,204.4 1 0
github.com/bashfulrobot/configr/cmd/configr/restore.go:207.2,207.21 1 0
github.com/bashfulrobot/configr/cmd/configr/restore.go:207.21,210.3 2 0
github.com/bashfulrobot/configr/cmd/configr/restore.go:212.2,214.52 2 0
github.com/bashfulrobot/configr/cmd/configr/restore.go:218.131,221.36 2 0
github.com/bashfulrobot/configr/cmd/configr/restore.go:221.36,222.28 1 0
github.com/bashfulrobot/configr/cmd/configr/restore.go:222.28,224.9 2 0
github.com/bashfulrobot/configr/cmd/configr/restore.go:228.2,228.23 1 0
github.com/bashfulrobot/configr/cmd/configr/restore.go:228.23,230.3 1 0
github.com/bashfulrobot/configr/cmd/configr/restore.go:232.2,232.33 1 0
github.com/bashfulrobot/configr/cmd/configr/restore.go:232.33,234.3 1 0
github.com/bashfulrobot/configr/cmd/configr/restore.go:237.2,237.66 1 0
github.com/bashfulrobot/configr/cmd/configr/restore.go:237.66,239.3 1 0
github.com/bashfulrobot/configr/cmd/configr/restore.go:241.2,243.85 2 0
github.com/bashfulrobot/configr/cmd/configr/restore.go:247.138,249.2 1 0
github.com/bashfulrobot/configr/cmd/configr/restore.go:252.117,254.2 1 0
github.com/bashfulrobot/configr/cmd/configr/restore.go:257.115,259.16 2 0
github.com/bashfulrobot/configr/cmd/configr/restore.go:259.16,261.3 1 0
github.com/bashfulrobot/configr/cmd/configr/restore.go:263.2,268.28 5 0
github.com/bashfulrobot/configr/cmd/configr/restore.go:268.28,273.51 4 0
github.com/bashfulrobot/configr/cmd/configr/restore.go:273.51,274.17 1 0
github.com/bashfulrobot/configr/cmd/configr/restore.go:274.17,276.5 1 0
github.com/bashfulrobot/configr/cmd/configr/restore.go:278.8,280.3 1 0
github.com/bashfulrobot/configr/cmd/configr/restore.go:282.2,282.12 1 0
github.com/bashfulrobot/configr/cmd/configr/restore.go:286.41,288.18 2 0
github.com/bashfulrobot/configr/cmd/configr/restore.go:288.18,290.3 1 0
github.com/bashfulrobot/configr/cmd/configr/restore.go:291.2,292.46 2 0
github.com/bashfulrobot/configr/cmd/configr/restore.go:292.46,295.3 2 0
github.com/bashfulrobot/configr/cmd/configr/restore.go:296.2,297.46 1 0
github.com/bashfulrobot/configr/cmd/configr/restore.go:301.59,303.9 1 0
github.com/bashfulrobot/configr/cmd/configr/restore.go:304.27,305.41 1 0
github.com/bashfulrobot/configr/cmd/configr/restore.go:306.42,310.17 3 0
github.com/bashfulrobot/configr/cmd/configr/restore.go:310.17,312.4 1 0
github.com/bashfulrobot/configr/cmd/configr/restore.go:313.3,313.24 1 0
github.com/bashfulrobot/configr/cmd/configr/restore.go:314.10,316.39 1 0
github.com/bashfulrobot/configr/cmd/configr/root.go:29.16,31.16 2 0
github.com/bashfulrobot/configr/cmd/configr/root.go:31.16,33.3 1 0
github.com/bashfulrobot/configr/cmd/configr/root.go:37.34,39.2 1 1
github.com/bashfulrobot/configr/cmd/configr/root.go:41.13,53.2 7 1
github.com/bashfulrobot/configr/cmd/configr/root.go:55.19,57.63 1 1
github.com/bashfulrobot/configr/cmd/configr/root.go:57.63,59.3 1 0
github.com/bashfulrobot/configr/cmd/configr/root.go:59.8,59.70 1 1
github.com/bashfulrobot/configr/cmd/configr/root.go:59.70,62.3 1 0
github.com/bashfulrobot/configr/cmd/configr/root.go:62.8,73.3 7 1
github.com/bashfulrobot/configr/cmd/configr/root.go:76.2,85.47 8 1
github.com/bashfulrobot/configr/cmd/configr/validate.go:21.47,27.20 3 0
github.com/bashfulrobot/configr/cmd/configr/validate.go:27.20,29.4 1 0
github.com/bashfulrobot/configr/cmd/configr/validate.go:32.3,32.46 1 0
github.com/bashfulrobot/configr/cmd/configr/validate.go:32.46,35.4 2 0
github.com/bashfulrobot/configr/cmd/configr/validate.go:37.3,41.17 3 0
github.com/bashfulrobot/configr/cmd/configr/validate.go:41.17,44.4 2 0
github.com/bashfulrobot/configr/cmd/configr/validate.go:47.3,50.25 2 0
github.com/bashfulrobot/configr/cmd/configr/validate.go:50.25,54.4 3 0
github.com/bashfulrobot/configr/cmd/configr/validate.go:56.3,56.31 1 0
github.com/bashfulrobot/configr/cmd/configr/validate.go:56.31,58.4 1 0
github.com/bashfulrobot/configr/cmd/configr/validate.go:60.3,62.14 2 0
github.com/bashfulrobot/configr/cmd/configr/validate.go:62.14,67.4 3 0
github.com/bashfulrobot/configr/cmd/configr/validate.go:71.13,74.2 2 1
github.com/bashfulrobot/configr/main.go:11.13,13.64 2 0
github.com/bashfulrobot/configr/main.go:13.64,15.3 1 0
