mode: set
github.com/bashfulrobot/configr/cmd/configr/apply.go:55.13,64.2 6 1
github.com/bashfulrobot/configr/cmd/configr/apply.go:66.56,75.30 2 0
github.com/bashfulrobot/configr/cmd/configr/apply.go:75.30,77.3 1 0
github.com/bashfulrobot/configr/cmd/configr/apply.go:80.2,87.19 3 0
github.com/bashfulrobot/configr/cmd/configr/apply.go:87.19,89.3 1 0
github.com/bashfulrobot/configr/cmd/configr/apply.go:89.8,89.44 1 0
github.com/bashfulrobot/configr/cmd/configr/apply.go:89.44,91.3 1 0
github.com/bashfulrobot/configr/cmd/configr/apply.go:91.8,95.17 3 0
github.com/bashfulrobot/configr/cmd/configr/apply.go:95.17,97.4 1 0
github.com/bashfulrobot/configr/cmd/configr/apply.go:101.2,108.21 5 0
github.com/bashfulrobot/configr/cmd/configr/apply.go:108.21,116.17 5 0
github.com/bashfulrobot/configr/cmd/configr/apply.go:116.17,117.26 1 0
github.com/bashfulrobot/configr/cmd/configr/apply.go:117.26,120.5 2 0
github.com/bashfulrobot/configr/cmd/configr/apply.go:121.4,121.73 1 0
github.com/bashfulrobot/configr/cmd/configr/apply.go:123.8,128.46 3 0
github.com/bashfulrobot/configr/cmd/configr/apply.go:128.46,129.26 1 0
github.com/bashfulrobot/configr/cmd/configr/apply.go:129.26,132.5 2 0
github.com/bashfulrobot/configr/cmd/configr/apply.go:133.4,133.60 1 0
github.com/bashfulrobot/configr/cmd/configr/apply.go:136.3,137.17 2 0
github.com/bashfulrobot/configr/cmd/configr/apply.go:137.17,138.26 1 0
github.com/bashfulrobot/configr/cmd/configr/apply.go:138.26,141.5 2 0
github.com/bashfulrobot/configr/cmd/configr/apply.go:142.4,142.55 1 0
github.com/bashfulrobot/configr/cmd/configr/apply.go:147.2,147.24 1 0
github.com/bashfulrobot/configr/cmd/configr/apply.go:147.24,150.3 2 0
github.com/bashfulrobot/configr/cmd/configr/apply.go:153.2,159.30 4 0
github.com/bashfulrobot/configr/cmd/configr/apply.go:159.30,162.3 2 0
github.com/bashfulrobot/configr/cmd/configr/apply.go:165.2,165.52 1 0
github.com/bashfulrobot/configr/cmd/configr/apply.go:165.52,167.25 2 0
github.com/bashfulrobot/configr/cmd/configr/apply.go:167.25,169.4 1 0
github.com/bashfulrobot/configr/cmd/configr/apply.go:173.2,173.17 1 0
github.com/bashfulrobot/configr/cmd/configr/apply.go:173.17,178.83 5 0
github.com/bashfulrobot/configr/cmd/configr/apply.go:178.83,181.4 2 0
github.com/bashfulrobot/configr/cmd/configr/apply.go:184.2,184.12 1 0
github.com/bashfulrobot/configr/cmd/configr/apply.go:184.12,186.3 1 0
github.com/bashfulrobot/configr/cmd/configr/apply.go:192.2,192.75 1 0
github.com/bashfulrobot/configr/cmd/configr/apply.go:192.75,194.3 1 0
github.com/bashfulrobot/configr/cmd/configr/apply.go:197.2,198.24 2 0
github.com/bashfulrobot/configr/cmd/configr/apply.go:198.24,203.22 3 0
github.com/bashfulrobot/configr/cmd/configr/apply.go:203.22,205.4 1 0
github.com/bashfulrobot/configr/cmd/configr/apply.go:208.3,208.72 1 0
github.com/bashfulrobot/configr/cmd/configr/apply.go:208.72,210.4 1 0
github.com/bashfulrobot/configr/cmd/configr/apply.go:212.3,214.17 3 0
github.com/bashfulrobot/configr/cmd/configr/apply.go:214.17,216.4 1 0
github.com/bashfulrobot/configr/cmd/configr/apply.go:220.2,220.115 1 0
github.com/bashfulrobot/configr/cmd/configr/apply.go:220.115,222.3 1 0
github.com/bashfulrobot/configr/cmd/configr/apply.go:225.2,225.33 1 0
github.com/bashfulrobot/configr/cmd/configr/apply.go:225.33,230.66 3 0
github.com/bashfulrobot/configr/cmd/configr/apply.go:230.66,232.4 1 0
github.com/bashfulrobot/configr/cmd/configr/apply.go:234.3,234.63 1 0
github.com/bashfulrobot/configr/cmd/configr/apply.go:234.63,236.4 1 0
github.com/bashfulrobot/configr/cmd/configr/apply.go:240.2,240.39 1 0
github.com/bashfulrobot/configr/cmd/configr/apply.go:240.39,244.49 3 0
github.com/bashfulrobot/configr/cmd/configr/apply.go:244.49,247.87 3 0
github.com/bashfulrobot/configr/cmd/configr/apply.go:247.87,250.5 1 0
github.com/bashfulrobot/configr/cmd/configr/apply.go:254.2,254.12 1 0
github.com/bashfulrobot/configr/cmd/configr/apply.go:254.12,256.3 1 0
github.com/bashfulrobot/configr/cmd/configr/apply.go:256.8,258.3 1 0
github.com/bashfulrobot/configr/cmd/configr/apply.go:260.2,260.12 1 0
github.com/bashfulrobot/configr/cmd/configr/apply.go:264.88,265.32 1 0
github.com/bashfulrobot/configr/cmd/configr/apply.go:265.32,268.3 2 0
github.com/bashfulrobot/configr/cmd/configr/apply.go:269.2,269.14 1 0
github.com/bashfulrobot/configr/cmd/configr/apply.go:273.39,282.35 2 0
github.com/bashfulrobot/configr/cmd/configr/apply.go:282.35,284.21 1 0
github.com/bashfulrobot/configr/cmd/configr/apply.go:284.21,286.18 2 0
github.com/bashfulrobot/configr/cmd/configr/apply.go:286.18,287.13 1 0
github.com/bashfulrobot/configr/cmd/configr/apply.go:289.4,289.40 1 0
github.com/bashfulrobot/configr/cmd/configr/apply.go:292.3,292.42 1 0
github.com/bashfulrobot/configr/cmd/configr/apply.go:292.42,294.4 1 0
github.com/bashfulrobot/configr/cmd/configr/apply.go:297.2,297.86 1 0
github.com/bashfulrobot/configr/cmd/configr/apply.go:301.165,307.16 3 0
github.com/bashfulrobot/configr/cmd/configr/apply.go:307.16,311.3 2 0
github.com/bashfulrobot/configr/cmd/configr/apply.go:314.2,315.16 2 0
github.com/bashfulrobot/configr/cmd/configr/apply.go:315.16,319.3 2 0
github.com/bashfulrobot/configr/cmd/configr/apply.go:322.2,322.20 1 0
github.com/bashfulrobot/configr/cmd/configr/apply.go:322.20,323.85 1 0
github.com/bashfulrobot/configr/cmd/configr/apply.go:323.85,325.4 1 0
github.com/bashfulrobot/configr/cmd/configr/apply.go:326.3,326.90 1 0
github.com/bashfulrobot/configr/cmd/configr/apply.go:326.90,328.4 1 0
github.com/bashfulrobot/configr/cmd/configr/apply.go:329.8,331.3 1 0
github.com/bashfulrobot/configr/cmd/configr/apply.go:333.2,333.31 1 0
github.com/bashfulrobot/configr/cmd/configr/apply.go:333.31,336.22 2 0
github.com/bashfulrobot/configr/cmd/configr/apply.go:336.22,339.101 3 0
github.com/bashfulrobot/configr/cmd/configr/apply.go:339.101,341.5 1 0
github.com/bashfulrobot/configr/cmd/configr/apply.go:342.9,344.92 2 0
github.com/bashfulrobot/configr/cmd/configr/apply.go:344.92,346.5 1 0
github.com/bashfulrobot/configr/cmd/configr/apply.go:351.2,351.35 1 0
github.com/bashfulrobot/configr/cmd/configr/apply.go:351.35,356.83 3 0
github.com/bashfulrobot/configr/cmd/configr/apply.go:356.83,358.4 1 0
github.com/bashfulrobot/configr/cmd/configr/apply.go:360.3,360.99 1 0
github.com/bashfulrobot/configr/cmd/configr/apply.go:360.99,362.4 1 0
github.com/bashfulrobot/configr/cmd/configr/apply.go:366.2,366.32 1 0
github.com/bashfulrobot/configr/cmd/configr/apply.go:366.32,371.77 3 0
github.com/bashfulrobot/configr/cmd/configr/apply.go:371.77,373.4 1 0
github.com/bashfulrobot/configr/cmd/configr/apply.go:375.3,375.93 1 0
github.com/bashfulrobot/configr/cmd/configr/apply.go:375.93,377.4 1 0
github.com/bashfulrobot/configr/cmd/configr/apply.go:381.2,381.13 1 0
github.com/bashfulrobot/configr/cmd/configr/apply.go:381.13,382.70 1 0
github.com/bashfulrobot/configr/cmd/configr/apply.go:382.70,385.4 1 0
github.com/bashfulrobot/configr/cmd/configr/apply.go:388.2,388.12 1 0
github.com/bashfulrobot/configr/cmd/configr/apply.go:392.110,394.35 1 0
github.com/bashfulrobot/configr/cmd/configr/apply.go:394.35,397.73 3 0
github.com/bashfulrobot/configr/cmd/configr/apply.go:397.73,399.4 1 0
github.com/bashfulrobot/configr/cmd/configr/apply.go:403.2,403.39 1 0
github.com/bashfulrobot/configr/cmd/configr/apply.go:403.39,406.81 3 0
github.com/bashfulrobot/configr/cmd/configr/apply.go:406.81,408.4 1 0
github.com/bashfulrobot/configr/cmd/configr/apply.go:412.2,412.36 1 0
github.com/bashfulrobot/configr/cmd/configr/apply.go:412.36,415.75 3 0
github.com/bashfulrobot/configr/cmd/configr/apply.go:415.75,417.4 1 0
github.com/bashfulrobot/configr/cmd/configr/apply.go:420.2,420.12 1 0
github.com/bashfulrobot/configr/cmd/configr/apply.go:424.119,425.29 1 0
github.com/bashfulrobot/configr/cmd/configr/apply.go:425.29,427.3 1 0
github.com/bashfulrobot/configr/cmd/configr/apply.go:429.2,432.47 3 0
github.com/bashfulrobot/configr/cmd/configr/apply.go:436.95,438.74 1 0
github.com/bashfulrobot/configr/cmd/configr/apply.go:438.74,441.3 2 0
github.com/bashfulrobot/configr/cmd/configr/apply.go:443.2,448.70 3 0
github.com/bashfulrobot/configr/cmd/configr/apply.go:448.70,450.3 1 0
github.com/bashfulrobot/configr/cmd/configr/apply.go:452.2,452.12 1 0
github.com/bashfulrobot/configr/cmd/configr/cache.go:48.13,55.2 4 1
github.com/bashfulrobot/configr/cmd/configr/cache.go:57.61,66.16 4 0
github.com/bashfulrobot/configr/cmd/configr/cache.go:66.16,68.3 1 0
github.com/bashfulrobot/configr/cmd/configr/cache.go:71.2,77.34 6 0
github.com/bashfulrobot/configr/cmd/configr/cache.go:77.34,79.3 1 0
github.com/bashfulrobot/configr/cmd/configr/cache.go:79.8,81.3 1 0
github.com/bashfulrobot/configr/cmd/configr/cache.go:83.2,83.27 1 0
github.com/bashfulrobot/configr/cmd/configr/cache.go:83.27,85.3 1 0
github.com/bashfulrobot/configr/cmd/configr/cache.go:85.8,87.3 1 0
github.com/bashfulrobot/configr/cmd/configr/cache.go:89.2,89.12 1 0
github.com/bashfulrobot/configr/cmd/configr/cache.go:92.61,103.16 4 0
github.com/bashfulrobot/configr/cmd/configr/cache.go:103.16,105.3 1 0
github.com/bashfulrobot/configr/cmd/configr/cache.go:107.2,107.50 1 0
github.com/bashfulrobot/configr/cmd/configr/cache.go:107.50,109.3 1 0
github.com/bashfulrobot/configr/cmd/configr/cache.go:111.2,111.42 1 0
github.com/bashfulrobot/configr/cmd/configr/cache.go:111.42,113.3 1 0
github.com/bashfulrobot/configr/cmd/configr/cache.go:113.8,115.3 1 0
github.com/bashfulrobot/configr/cmd/configr/cache.go:117.2,117.12 1 0
github.com/bashfulrobot/configr/cmd/configr/cache.go:120.60,129.16 4 0
github.com/bashfulrobot/configr/cmd/configr/cache.go:129.16,131.3 1 0
github.com/bashfulrobot/configr/cmd/configr/cache.go:133.2,152.12 17 0
github.com/bashfulrobot/configr/cmd/configr/cache.go:156.38,158.18 2 0
github.com/bashfulrobot/configr/cmd/configr/cache.go:158.18,160.3 1 0
github.com/bashfulrobot/configr/cmd/configr/cache.go:161.2,162.46 2 0
github.com/bashfulrobot/configr/cmd/configr/cache.go:162.46,165.3 2 0
github.com/bashfulrobot/configr/cmd/configr/cache.go:166.2,166.76 1 0
github.com/bashfulrobot/configr/cmd/configr/completion.go:34.54,37.16 2 0
github.com/bashfulrobot/configr/cmd/configr/completion.go:38.15,39.47 1 0
github.com/bashfulrobot/configr/cmd/configr/completion.go:40.14,41.46 1 0
github.com/bashfulrobot/configr/cmd/configr/completion.go:42.15,43.53 1 0
github.com/bashfulrobot/configr/cmd/configr/completion.go:44.21,45.61 1 0
github.com/bashfulrobot/configr/cmd/configr/completion.go:46.11,47.53 1 0
github.com/bashfulrobot/configr/cmd/configr/completion.go:52.13,56.143 2 1
github.com/bashfulrobot/configr/cmd/configr/completion.go:56.143,58.3 1 0
github.com/bashfulrobot/configr/cmd/configr/includes.go:43.13,49.2 4 1
github.com/bashfulrobot/configr/cmd/configr/includes.go:51.59,58.19 4 0
github.com/bashfulrobot/configr/cmd/configr/includes.go:58.19,60.3 1 0
github.com/bashfulrobot/configr/cmd/configr/includes.go:60.8,60.44 1 0
github.com/bashfulrobot/configr/cmd/configr/includes.go:60.44,62.3 1 0
github.com/bashfulrobot/configr/cmd/configr/includes.go:62.8,66.17 3 0
github.com/bashfulrobot/configr/cmd/configr/includes.go:66.17,68.4 1 0
github.com/bashfulrobot/configr/cmd/configr/includes.go:71.2,74.20 2 0
github.com/bashfulrobot/configr/cmd/configr/includes.go:74.20,75.49 1 0
github.com/bashfulrobot/configr/cmd/configr/includes.go:75.49,77.4 1 0
github.com/bashfulrobot/configr/cmd/configr/includes.go:78.3,78.16 1 0
github.com/bashfulrobot/configr/cmd/configr/includes.go:82.2,85.18 2 0
github.com/bashfulrobot/configr/cmd/configr/includes.go:85.18,87.3 1 0
github.com/bashfulrobot/configr/cmd/configr/includes.go:90.2,90.20 1 0
github.com/bashfulrobot/configr/cmd/configr/includes.go:90.20,92.3 1 0
github.com/bashfulrobot/configr/cmd/configr/includes.go:95.2,95.48 1 0
github.com/bashfulrobot/configr/cmd/configr/includes.go:98.36,106.27 5 0
github.com/bashfulrobot/configr/cmd/configr/includes.go:106.27,108.3 1 0
github.com/bashfulrobot/configr/cmd/configr/includes.go:109.2,111.27 2 0
github.com/bashfulrobot/configr/cmd/configr/includes.go:111.27,113.37 2 0
github.com/bashfulrobot/configr/cmd/configr/includes.go:113.37,115.4 1 0
github.com/bashfulrobot/configr/cmd/configr/includes.go:115.9,117.4 1 0
github.com/bashfulrobot/configr/cmd/configr/includes.go:120.2,120.12 1 0
github.com/bashfulrobot/configr/cmd/configr/includes.go:123.83,126.16 2 0
github.com/bashfulrobot/configr/cmd/configr/includes.go:126.16,128.3 1 0
github.com/bashfulrobot/configr/cmd/configr/includes.go:130.2,131.51 2 0
github.com/bashfulrobot/configr/cmd/configr/includes.go:131.51,133.3 1 0
github.com/bashfulrobot/configr/cmd/configr/includes.go:135.2,138.27 2 0
github.com/bashfulrobot/configr/cmd/configr/includes.go:138.27,140.37 2 0
github.com/bashfulrobot/configr/cmd/configr/includes.go:140.37,143.59 2 0
github.com/bashfulrobot/configr/cmd/configr/includes.go:143.59,145.5 1 0
github.com/bashfulrobot/configr/cmd/configr/includes.go:145.10,147.5 1 0
github.com/bashfulrobot/configr/cmd/configr/includes.go:149.8,151.3 1 0
github.com/bashfulrobot/configr/cmd/configr/includes.go:153.2,153.12 1 0
github.com/bashfulrobot/configr/cmd/configr/includes.go:156.78,162.2 2 0
github.com/bashfulrobot/configr/cmd/configr/includes.go:164.82,169.16 3 0
github.com/bashfulrobot/configr/cmd/configr/includes.go:169.16,171.3 1 0
github.com/bashfulrobot/configr/cmd/configr/includes.go:173.2,177.35 4 0
github.com/bashfulrobot/configr/cmd/configr/includes.go:177.35,180.17 2 0
github.com/bashfulrobot/configr/cmd/configr/includes.go:180.17,182.4 1 0
github.com/bashfulrobot/configr/cmd/configr/includes.go:183.3,183.41 1 0
github.com/bashfulrobot/configr/cmd/configr/includes.go:187.2,195.12 8 0
github.com/bashfulrobot/configr/cmd/configr/includes.go:198.58,201.21 2 0
github.com/bashfulrobot/configr/cmd/configr/includes.go:201.21,203.3 1 0
github.com/bashfulrobot/configr/cmd/configr/includes.go:205.2,205.19 1 0
github.com/bashfulrobot/configr/cmd/configr/includes.go:205.19,207.3 1 0
github.com/bashfulrobot/configr/cmd/configr/includes.go:209.2,209.30 1 0
github.com/bashfulrobot/configr/cmd/configr/includes.go:209.30,211.45 2 0
github.com/bashfulrobot/configr/cmd/configr/includes.go:211.45,213.4 1 0
github.com/bashfulrobot/configr/cmd/configr/includes.go:214.3,214.92 1 0
github.com/bashfulrobot/configr/cmd/configr/includes.go:217.2,217.28 1 0
github.com/bashfulrobot/configr/cmd/configr/includes.go:217.28,219.3 1 0
github.com/bashfulrobot/configr/cmd/configr/includes.go:221.2,221.34 1 0
github.com/bashfulrobot/configr/cmd/configr/init.go:63.47,78.38 10 0
github.com/bashfulrobot/configr/cmd/configr/init.go:78.38,79.37 1 0
github.com/bashfulrobot/configr/cmd/configr/init.go:79.37,81.16 2 0
github.com/bashfulrobot/configr/cmd/configr/init.go:81.16,83.6 1 0
github.com/bashfulrobot/configr/cmd/configr/init.go:84.10,89.5 4 0
github.com/bashfulrobot/configr/cmd/configr/init.go:93.3,94.38 2 0
github.com/bashfulrobot/configr/cmd/configr/init.go:94.38,95.37 1 0
github.com/bashfulrobot/configr/cmd/configr/init.go:95.37,97.16 2 0
github.com/bashfulrobot/configr/cmd/configr/init.go:97.16,99.6 1 0
github.com/bashfulrobot/configr/cmd/configr/init.go:100.10,104.5 3 0
github.com/bashfulrobot/configr/cmd/configr/init.go:108.3,108.31 1 0
github.com/bashfulrobot/configr/cmd/configr/init.go:108.31,110.41 2 0
github.com/bashfulrobot/configr/cmd/configr/init.go:110.41,111.31 1 0
github.com/bashfulrobot/configr/cmd/configr/init.go:111.31,113.6 1 0
github.com/bashfulrobot/configr/cmd/configr/init.go:113.11,115.6 1 0
github.com/bashfulrobot/configr/cmd/configr/init.go:118.4,118.36 1 0
github.com/bashfulrobot/configr/cmd/configr/init.go:118.36,120.42 2 0
github.com/bashfulrobot/configr/cmd/configr/init.go:120.42,121.32 1 0
github.com/bashfulrobot/configr/cmd/configr/init.go:121.32,122.62 1 0
github.com/bashfulrobot/configr/cmd/configr/init.go:122.62,124.8 1 0
github.com/bashfulrobot/configr/cmd/configr/init.go:124.13,126.8 1 0
github.com/bashfulrobot/configr/cmd/configr/init.go:133.3,133.45 1 0
github.com/bashfulrobot/configr/cmd/configr/init.go:133.45,135.41 2 0
github.com/bashfulrobot/configr/cmd/configr/init.go:135.41,137.5 1 0
github.com/bashfulrobot/configr/cmd/configr/init.go:139.4,139.22 1 0
github.com/bashfulrobot/configr/cmd/configr/init.go:139.22,141.42 2 0
github.com/bashfulrobot/configr/cmd/configr/init.go:141.42,142.61 1 0
github.com/bashfulrobot/configr/cmd/configr/init.go:142.61,144.7 1 0
github.com/bashfulrobot/configr/cmd/configr/init.go:144.12,146.7 1 0
github.com/bashfulrobot/configr/cmd/configr/init.go:148.10,150.5 1 0
github.com/bashfulrobot/configr/cmd/configr/init.go:154.3,155.53 2 0
github.com/bashfulrobot/configr/cmd/configr/init.go:155.53,157.4 1 0
github.com/bashfulrobot/configr/cmd/configr/init.go:157.9,157.31 1 0
github.com/bashfulrobot/configr/cmd/configr/init.go:157.31,160.4 2 0
github.com/bashfulrobot/configr/cmd/configr/init.go:160.9,163.4 2 0
github.com/bashfulrobot/configr/cmd/configr/init.go:165.3,165.14 1 0
github.com/bashfulrobot/configr/cmd/configr/init.go:165.14,167.4 1 0
github.com/bashfulrobot/configr/cmd/configr/init.go:171.43,174.2 2 1
github.com/bashfulrobot/configr/cmd/configr/init.go:176.41,178.16 2 1
github.com/bashfulrobot/configr/cmd/configr/init.go:178.16,180.3 1 1
github.com/bashfulrobot/configr/cmd/configr/init.go:181.2,181.13 1 1
github.com/bashfulrobot/configr/cmd/configr/init.go:184.47,188.23 2 0
github.com/bashfulrobot/configr/cmd/configr/init.go:188.23,195.3 5 0
github.com/bashfulrobot/configr/cmd/configr/init.go:195.8,201.3 4 0
github.com/bashfulrobot/configr/cmd/configr/init.go:204.13,209.2 4 1
github.com/bashfulrobot/configr/cmd/configr/man.go:24.54,26.20 2 1
github.com/bashfulrobot/configr/cmd/configr/man.go:26.20,28.4 1 1
github.com/bashfulrobot/configr/cmd/configr/man.go:28.9,31.18 2 1
github.com/bashfulrobot/configr/cmd/configr/man.go:31.18,33.5 1 0
github.com/bashfulrobot/configr/cmd/configr/man.go:34.4,35.60 2 1
github.com/bashfulrobot/configr/cmd/configr/man.go:39.3,39.51 1 1
github.com/bashfulrobot/configr/cmd/configr/man.go:39.51,41.4 1 1
github.com/bashfulrobot/configr/cmd/configr/man.go:44.3,45.17 2 1
github.com/bashfulrobot/configr/cmd/configr/man.go:45.17,47.4 1 0
github.com/bashfulrobot/configr/cmd/configr/man.go:50.3,58.78 4 1
github.com/bashfulrobot/configr/cmd/configr/man.go:58.78,60.4 1 0
github.com/bashfulrobot/configr/cmd/configr/man.go:63.3,63.45 1 1
github.com/bashfulrobot/configr/cmd/configr/man.go:63.45,64.31 1 1
github.com/bashfulrobot/configr/cmd/configr/man.go:64.31,65.13 1 1
github.com/bashfulrobot/configr/cmd/configr/man.go:68.4,69.18 2 1
github.com/bashfulrobot/configr/cmd/configr/man.go:69.18,71.13 2 0
github.com/bashfulrobot/configr/cmd/configr/man.go:74.4,79.81 4 1
github.com/bashfulrobot/configr/cmd/configr/man.go:79.81,81.13 2 0
github.com/bashfulrobot/configr/cmd/configr/man.go:86.3,87.17 2 1
github.com/bashfulrobot/configr/cmd/configr/man.go:87.17,89.4 1 0
github.com/bashfulrobot/configr/cmd/configr/man.go:91.3,92.30 2 1
github.com/bashfulrobot/configr/cmd/configr/man.go:92.30,94.4 1 1
github.com/bashfulrobot/configr/cmd/configr/man.go:97.3,97.21 1 1
github.com/bashfulrobot/configr/cmd/configr/man.go:97.21,101.4 3 1
github.com/bashfulrobot/configr/cmd/configr/man.go:103.3,103.13 1 1
github.com/bashfulrobot/configr/cmd/configr/man.go:107.13,109.2 1 1
github.com/bashfulrobot/configr/cmd/configr/packages.go:110.13,126.2 13 1
github.com/bashfulrobot/configr/cmd/configr/packages.go:128.64,144.47 6 0
github.com/bashfulrobot/configr/cmd/configr/packages.go:144.47,147.17 3 0
github.com/bashfulrobot/configr/cmd/configr/packages.go:147.17,149.4 1 0
github.com/bashfulrobot/configr/cmd/configr/packages.go:149.9,150.36 1 0
github.com/bashfulrobot/configr/cmd/configr/packages.go:150.36,155.5 1 0
github.com/bashfulrobot/configr/cmd/configr/packages.go:160.2,160.51 1 0
github.com/bashfulrobot/configr/cmd/configr/packages.go:160.51,163.17 3 0
github.com/bashfulrobot/configr/cmd/configr/packages.go:163.17,165.4 1 0
github.com/bashfulrobot/configr/cmd/configr/packages.go:165.9,166.40 1 0
github.com/bashfulrobot/configr/cmd/configr/packages.go:166.40,171.5 1 0
github.com/bashfulrobot/configr/cmd/configr/packages.go:176.2,176.48 1 0
github.com/bashfulrobot/configr/cmd/configr/packages.go:176.48,179.17 3 0
github.com/bashfulrobot/configr/cmd/configr/packages.go:179.17,181.4 1 0
github.com/bashfulrobot/configr/cmd/configr/packages.go:181.9,182.37 1 0
github.com/bashfulrobot/configr/cmd/configr/packages.go:182.37,187.5 1 0
github.com/bashfulrobot/configr/cmd/configr/packages.go:192.2,192.27 1 0
github.com/bashfulrobot/configr/cmd/configr/packages.go:192.27,195.3 2 0
github.com/bashfulrobot/configr/cmd/configr/packages.go:197.2,204.34 5 0
github.com/bashfulrobot/configr/cmd/configr/packages.go:204.34,205.22 1 0
github.com/bashfulrobot/configr/cmd/configr/packages.go:206.14,207.47 1 0
github.com/bashfulrobot/configr/cmd/configr/packages.go:208.18,209.55 1 0
github.com/bashfulrobot/configr/cmd/configr/packages.go:210.15,211.49 1 0
github.com/bashfulrobot/configr/cmd/configr/packages.go:215.2,215.26 1 0
github.com/bashfulrobot/configr/cmd/configr/packages.go:215.26,217.35 2 0
github.com/bashfulrobot/configr/cmd/configr/packages.go:217.35,219.4 1 0
github.com/bashfulrobot/configr/cmd/configr/packages.go:220.3,220.18 1 0
github.com/bashfulrobot/configr/cmd/configr/packages.go:223.2,223.30 1 0
github.com/bashfulrobot/configr/cmd/configr/packages.go:223.30,225.39 2 0
github.com/bashfulrobot/configr/cmd/configr/packages.go:225.39,227.4 1 0
github.com/bashfulrobot/configr/cmd/configr/packages.go:228.3,228.18 1 0
github.com/bashfulrobot/configr/cmd/configr/packages.go:231.2,231.27 1 0
github.com/bashfulrobot/configr/cmd/configr/packages.go:231.27,233.36 2 0
github.com/bashfulrobot/configr/cmd/configr/packages.go:233.36,235.4 1 0
github.com/bashfulrobot/configr/cmd/configr/packages.go:236.3,236.18 1 0
github.com/bashfulrobot/configr/cmd/configr/packages.go:239.2,239.12 1 0
github.com/bashfulrobot/configr/cmd/configr/packages.go:242.62,256.23 5 0
github.com/bashfulrobot/configr/cmd/configr/packages.go:256.23,257.86 1 0
github.com/bashfulrobot/configr/cmd/configr/packages.go:257.86,259.4 1 0
github.com/bashfulrobot/configr/cmd/configr/packages.go:259.9,259.48 1 0
github.com/bashfulrobot/configr/cmd/configr/packages.go:259.48,261.4 1 0
github.com/bashfulrobot/configr/cmd/configr/packages.go:261.10,263.4 0 0
github.com/bashfulrobot/configr/cmd/configr/packages.go:266.2,271.47 4 0
github.com/bashfulrobot/configr/cmd/configr/packages.go:271.47,274.31 3 0
github.com/bashfulrobot/configr/cmd/configr/packages.go:274.31,276.4 1 0
github.com/bashfulrobot/configr/cmd/configr/packages.go:280.2,280.75 1 0
github.com/bashfulrobot/configr/cmd/configr/packages.go:280.75,283.31 3 0
github.com/bashfulrobot/configr/cmd/configr/packages.go:283.31,285.4 1 0
github.com/bashfulrobot/configr/cmd/configr/packages.go:289.2,289.72 1 0
github.com/bashfulrobot/configr/cmd/configr/packages.go:289.72,292.31 3 0
github.com/bashfulrobot/configr/cmd/configr/packages.go:292.31,294.4 1 0
github.com/bashfulrobot/configr/cmd/configr/packages.go:297.2,297.24 1 0
github.com/bashfulrobot/configr/cmd/configr/packages.go:297.24,298.24 1 0
github.com/bashfulrobot/configr/cmd/configr/packages.go:298.24,300.4 1 0
github.com/bashfulrobot/configr/cmd/configr/packages.go:300.9,302.4 1 0
github.com/bashfulrobot/configr/cmd/configr/packages.go:303.3,303.13 1 0
github.com/bashfulrobot/configr/cmd/configr/packages.go:307.2,317.12 5 0
github.com/bashfulrobot/configr/cmd/configr/packages.go:320.62,329.20 3 0
github.com/bashfulrobot/configr/cmd/configr/packages.go:329.20,331.3 1 0
github.com/bashfulrobot/configr/cmd/configr/packages.go:331.8,333.3 1 0
github.com/bashfulrobot/configr/cmd/configr/packages.go:336.2,336.47 1 0
github.com/bashfulrobot/configr/cmd/configr/packages.go:336.47,339.21 2 0
github.com/bashfulrobot/configr/cmd/configr/packages.go:339.21,341.18 2 0
github.com/bashfulrobot/configr/cmd/configr/packages.go:341.18,343.5 1 0
github.com/bashfulrobot/configr/cmd/configr/packages.go:343.10,343.32 1 0
github.com/bashfulrobot/configr/cmd/configr/packages.go:343.32,345.34 2 0
github.com/bashfulrobot/configr/cmd/configr/packages.go:345.34,347.6 1 0
github.com/bashfulrobot/configr/cmd/configr/packages.go:348.5,348.18 1 0
github.com/bashfulrobot/configr/cmd/configr/packages.go:350.9,355.4 3 0
github.com/bashfulrobot/configr/cmd/configr/packages.go:359.2,359.51 1 0
github.com/bashfulrobot/configr/cmd/configr/packages.go:359.51,362.17 3 0
github.com/bashfulrobot/configr/cmd/configr/packages.go:362.17,364.4 1 0
github.com/bashfulrobot/configr/cmd/configr/packages.go:364.9,364.31 1 0
github.com/bashfulrobot/configr/cmd/configr/packages.go:364.31,366.33 2 0
github.com/bashfulrobot/configr/cmd/configr/packages.go:366.33,368.5 1 0
github.com/bashfulrobot/configr/cmd/configr/packages.go:369.4,369.17 1 0
github.com/bashfulrobot/configr/cmd/configr/packages.go:374.2,374.48 1 0
github.com/bashfulrobot/configr/cmd/configr/packages.go:374.48,377.17 3 0
github.com/bashfulrobot/configr/cmd/configr/packages.go:377.17,379.4 1 0
github.com/bashfulrobot/configr/cmd/configr/packages.go:379.9,379.31 1 0
github.com/bashfulrobot/configr/cmd/configr/packages.go:379.31,381.33 2 0
github.com/bashfulrobot/configr/cmd/configr/packages.go:381.33,383.5 1 0
github.com/bashfulrobot/configr/cmd/configr/packages.go:384.4,384.17 1 0
github.com/bashfulrobot/configr/cmd/configr/packages.go:388.2,388.12 1 0
github.com/bashfulrobot/configr/cmd/configr/packages.go:391.65,400.20 3 0
github.com/bashfulrobot/configr/cmd/configr/packages.go:400.20,402.3 1 0
github.com/bashfulrobot/configr/cmd/configr/packages.go:402.8,404.3 1 0
github.com/bashfulrobot/configr/cmd/configr/packages.go:407.2,414.47 2 0
github.com/bashfulrobot/configr/cmd/configr/packages.go:414.47,418.17 4 0
github.com/bashfulrobot/configr/cmd/configr/packages.go:418.17,420.4 1 0
github.com/bashfulrobot/configr/cmd/configr/packages.go:420.9,422.4 1 0
github.com/bashfulrobot/configr/cmd/configr/packages.go:423.3,423.16 1 0
github.com/bashfulrobot/configr/cmd/configr/packages.go:427.2,427.51 1 0
github.com/bashfulrobot/configr/cmd/configr/packages.go:427.51,431.17 4 0
github.com/bashfulrobot/configr/cmd/configr/packages.go:431.17,433.4 1 0
github.com/bashfulrobot/configr/cmd/configr/packages.go:433.9,435.4 1 0
github.com/bashfulrobot/configr/cmd/configr/packages.go:436.3,436.16 1 0
github.com/bashfulrobot/configr/cmd/configr/packages.go:440.2,440.48 1 0
github.com/bashfulrobot/configr/cmd/configr/packages.go:440.48,444.17 4 0
github.com/bashfulrobot/configr/cmd/configr/packages.go:444.17,446.4 1 0
github.com/bashfulrobot/configr/cmd/configr/packages.go:446.9,448.4 1 0
github.com/bashfulrobot/configr/cmd/configr/packages.go:449.3,449.16 1 0
github.com/bashfulrobot/configr/cmd/configr/packages.go:452.2,452.12 1 0
github.com/bashfulrobot/configr/cmd/configr/packages.go:455.62,471.14 6 0
github.com/bashfulrobot/configr/cmd/configr/packages.go:471.14,476.17 4 0
github.com/bashfulrobot/configr/cmd/configr/packages.go:476.17,478.4 1 0
github.com/bashfulrobot/configr/cmd/configr/packages.go:480.3,480.28 1 0
github.com/bashfulrobot/configr/cmd/configr/packages.go:480.28,483.4 2 0
github.com/bashfulrobot/configr/cmd/configr/packages.go:485.3,486.35 2 0
github.com/bashfulrobot/configr/cmd/configr/packages.go:486.35,487.26 1 0
github.com/bashfulrobot/configr/cmd/configr/packages.go:487.26,489.5 1 0
github.com/bashfulrobot/configr/cmd/configr/packages.go:489.10,491.5 1 0
github.com/bashfulrobot/configr/cmd/configr/packages.go:493.3,495.13 2 0
github.com/bashfulrobot/configr/cmd/configr/packages.go:499.2,501.16 3 0
github.com/bashfulrobot/configr/cmd/configr/packages.go:501.16,503.3 1 0
github.com/bashfulrobot/configr/cmd/configr/packages.go:505.2,505.28 1 0
github.com/bashfulrobot/configr/cmd/configr/packages.go:505.28,508.3 2 0
github.com/bashfulrobot/configr/cmd/configr/packages.go:510.2,512.14 2 0
github.com/bashfulrobot/configr/cmd/configr/packages.go:512.14,514.36 2 0
github.com/bashfulrobot/configr/cmd/configr/packages.go:514.36,515.32 1 0
github.com/bashfulrobot/configr/cmd/configr/packages.go:515.32,517.5 1 0
github.com/bashfulrobot/configr/cmd/configr/packages.go:517.10,519.5 1 0
github.com/bashfulrobot/configr/cmd/configr/packages.go:521.8,522.36 1 0
github.com/bashfulrobot/configr/cmd/configr/packages.go:522.36,524.4 1 0
github.com/bashfulrobot/configr/cmd/configr/packages.go:527.2,530.12 3 0
github.com/bashfulrobot/configr/cmd/configr/restore.go:53.13,66.2 10 1
github.com/bashfulrobot/configr/cmd/configr/restore.go:68.58,77.48 2 0
github.com/bashfulrobot/configr/cmd/configr/restore.go:77.48,79.3 1 0
github.com/bashfulrobot/configr/cmd/configr/restore.go:82.2,83.20 2 0
github.com/bashfulrobot/configr/cmd/configr/restore.go:83.20,86.17 3 0
github.com/bashfulrobot/configr/cmd/configr/restore.go:86.17,88.4 1 0
github.com/bashfulrobot/configr/cmd/configr/restore.go:92.2,96.16 3 0
github.com/bashfulrobot/configr/cmd/configr/restore.go:96.16,102.3 2 0
github.com/bashfulrobot/configr/cmd/configr/restore.go:105.2,106.19 2 0
github.com/bashfulrobot/configr/cmd/configr/restore.go:106.19,108.3 1 0
github.com/bashfulrobot/configr/cmd/configr/restore.go:108.8,111.3 1 0
github.com/bashfulrobot/configr/cmd/configr/restore.go:113.2,117.17 3 0
github.com/bashfulrobot/configr/cmd/configr/restore.go:117.17,119.3 1 0
github.com/bashfulrobot/configr/cmd/configr/restore.go:120.2,120.16 1 0
github.com/bashfulrobot/configr/cmd/configr/restore.go:120.16,122.3 1 0
github.com/bashfulrobot/configr/cmd/configr/restore.go:123.2,123.23 1 0
github.com/bashfulrobot/configr/cmd/configr/restore.go:123.23,125.3 1 0
github.com/bashfulrobot/configr/cmd/configr/restore.go:126.2,126.20 1 0
github.com/bashfulrobot/configr/cmd/configr/restore.go:126.20,128.3 1 0
github.com/bashfulrobot/configr/cmd/configr/restore.go:129.2,129.21 1 0
github.com/bashfulrobot/configr/cmd/configr/restore.go:129.21,131.3 1 0
github.com/bashfulrobot/configr/cmd/configr/restore.go:132.2,132.15 1 0
github.com/bashfulrobot/configr/cmd/configr/restore.go:132.15,134.3 1 0
github.com/bashfulrobot/configr/cmd/configr/restore.go:136.2,136.25 1 0
github.com/bashfulrobot/configr/cmd/configr/restore.go:136.25,138.3 1 0
github.com/bashfulrobot/configr/cmd/configr/restore.go:139.2,139.24 1 0
github.com/bashfulrobot/configr/cmd/configr/restore.go:139.24,141.3 1 0
github.com/bashfulrobot/configr/cmd/configr/restore.go:144.2,144.9 1 0
github.com/bashfulrobot/configr/cmd/configr/restore.go:145.19,146.64 1 0
github.com/bashfulrobot/configr/cmd/configr/restore.go:147.18,148.61 1 0
github.com/bashfulrobot/configr/cmd/configr/restore.go:149.25,150.76 1 0
github.com/bashfulrobot/configr/cmd/configr/restore.go:151.22,152.73 1 0
github.com/bashfulrobot/configr/cmd/configr/restore.go:153.23,154.66 1 0
github.com/bashfulrobot/configr/cmd/configr/restore.go:155.17,156.64 1 0
github.com/bashfulrobot/configr/cmd/configr/restore.go:159.2,159.12 1 0
github.com/bashfulrobot/configr/cmd/configr/restore.go:163.115,166.23 2 0
github.com/bashfulrobot/configr/cmd/configr/restore.go:166.23,169.3 2 0
github.com/bashfulrobot/configr/cmd/configr/restore.go:171.2,173.33 2 0
github.com/bashfulrobot/configr/cmd/configr/restore.go:173.33,180.28 6 0
github.com/bashfulrobot/configr/cmd/configr/restore.go:180.28,182.4 1 0
github.com/bashfulrobot/configr/cmd/configr/restore.go:182.9,184.4 1 0
github.com/bashfulrobot/configr/cmd/configr/restore.go:185.3,185.16 1 0
github.com/bashfulrobot/configr/cmd/configr/restore.go:188.2,188.12 1 0
github.com/bashfulrobot/configr/cmd/configr/restore.go:192.112,195.23 2 0
github.com/bashfulrobot/configr/cmd/configr/restore.go:195.23,198.3 2 0
github.com/bashfulrobot/configr/cmd/configr/restore.go:200.2,201.33 2 0
github.com/bashfulrobot/configr/cmd/configr/restore.go:201.33,202.29 1 0
github.com/bashfulrobot/configr/cmd/configr/restore.go:202.29,204.4 1 0
github.com/bashfulrobot/configr/cmd/configr/restore.go:207.2,207.21 1 0
github.com/bashfulrobot/configr/cmd/configr/restore.go:207.21,210.3 2 0
github.com/bashfulrobot/configr/cmd/configr/restore.go:212.2,214.52 2 0
github.com/bashfulrobot/configr/cmd/configr/restore.go:218.131,221.36 2 0
github.com/bashfulrobot/configr/cmd/configr/restore.go:221.36,222.28 1 0
github.com/bashfulrobot/configr/cmd/configr/restore.go:222.28,224.9 2 0
github.com/bashfulrobot/configr/cmd/configr/restore.go:228.2,228.23 1 0
github.com/bashfulrobot/configr/cmd/configr/restore.go:228.23,230.3 1 0
github.com/bashfulrobot/configr/cmd/configr/restore.go:232.2,232.33 1 0
github.com/bashfulrobot/configr/cmd/configr/restore.go:232.33,234.3 1 0
github.com/bashfulrobot/configr/cmd/configr/restore.go:237.2,237.66 1 0
github.com/bashfulrobot/configr/cmd/configr/restore.go:237.66,239.3 1 0
github.com/bashfulrobot/configr/cmd/configr/restore.go:241.2,243.85 2 0
github.com/bashfulrobot/configr/cmd/configr/restore.go:247.138,249.2 1 0
github.com/bashfulrobot/configr/cmd/configr/restore.go:252.117,254.2 1 0
github.com/bashfulrobot/configr/cmd/configr/restore.go:257.115,259.16 2 0
github.com/bashfulrobot/configr/cmd/configr/restore.go:259.16,261.3 1 0
github.com/bashfulrobot/configr/cmd/configr/restore.go:263.2,268.28 5 0
github.com/bashfulrobot/configr/cmd/configr/restore.go:268.28,273.51 4 0
github.com/bashfulrobot/configr/cmd/configr/restore.go:273.51,274.17 1 0
github.com/bashfulrobot/configr/cmd/configr/restore.go:274.17,276.5 1 0
github.com/bashfulrobot/configr/cmd/configr/restore.go:278.8,280.3 1 0
github.com/bashfulrobot/configr/cmd/configr/restore.go:282.2,282.12 1 0
github.com/bashfulrobot/configr/cmd/configr/restore.go:286.41,288.18 2 0
github.com/bashfulrobot/configr/cmd/configr/restore.go:288.18,290.3 1 0
github.com/bashfulrobot/configr/cmd/configr/restore.go:291.2,292.46 2 0
github.com/bashfulrobot/configr/cmd/configr/restore.go:292.46,295.3 2 0
github.com/bashfulrobot/configr/cmd/configr/restore.go:296.2,297.46 1 0
github.com/bashfulrobot/configr/cmd/configr/restore.go:301.59,303.9 1 0
github.com/bashfulrobot/configr/cmd/configr/restore.go:304.27,305.41 1 0
github.com/bashfulrobot/configr/cmd/configr/restore.go:306.42,310.17 3 0
github.com/bashfulrobot/configr/cmd/configr/restore.go:310.17,312.4 1 0
github.com/bashfulrobot/configr/cmd/configr/restore.go:313.3,313.24 1 0
github.com/bashfulrobot/configr/cmd/configr/restore.go:314.10,316.39 1 0
github.com/bashfulrobot/configr/cmd/configr/root.go:29.16,31.16 2 0
github.com/bashfulrobot/configr/cmd/configr/root.go:31.16,33.3 1 0
github.com/bashfulrobot/configr/cmd/configr/root.go:37.34,39.2 1 1
github.com/bashfulrobot/configr/cmd/configr/root.go:41.13,53.2 7 1
github.com/bashfulrobot/configr/cmd/configr/root.go:55.19,57.63 1 1
github.com/bashfulrobot/configr/cmd/configr/root.go:57.63,59.3 1 0
github.com/bashfulrobot/configr/cmd/configr/root.go:59.8,59.70 1 1
github.com/bashfulrobot/configr/cmd/configr/root.go:59.70,62.3 1 0
github.com/bashfulrobot/configr/cmd/configr/root.go:62.8,73.3 7 1
github.com/bashfulrobot/configr/cmd/configr/root.go:76.2,85.47 8 1
github.com/bashfulrobot/configr/cmd/configr/validate.go:21.47,27.20 3 0
github.com/bashfulrobot/configr/cmd/configr/validate.go:27.20,29.4 1 0
github.com/bashfulrobot/configr/cmd/configr/validate.go:32.3,32.46 1 0
github.com/bashfulrobot/configr/cmd/configr/validate.go:32.46,35.4 2 0
github.com/bashfulrobot/configr/cmd/configr/validate.go:37.3,41.17 3 0
github.com/bashfulrobot/configr/cmd/configr/validate.go:41.17,44.4 2 0
github.com/bashfulrobot/configr/cmd/configr/validate.go:47.3,50.25 2 0
github.com/bashfulrobot/configr/cmd/configr/validate.go:50.25,54.4 3 0
github.com/bashfulrobot/configr/cmd/configr/validate.go:56.3,56.31 1 0
github.com/bashfulrobot/configr/cmd/configr/validate.go:56.31,58.4 1 0
github.com/bashfulrobot/configr/cmd/configr/validate.go:60.3,62.14 2 0
github.com/bashfulrobot/configr/cmd/configr/validate.go:62.14,67.4 3 0
github.com/bashfulrobot/configr/cmd/configr/validate.go:71.13,74.2 2 1
github.com/bashfulrobot/configr/main.go:11.13,13.64 2 0
github.com/bashfulrobot/configr/main.go:13.64,15.3 1 0
github.com/bashfulrobot/configr/internal/pkg/apt.go:21.65,26.2 1 1
github.com/bashfulrobot/configr/internal/pkg/apt.go:29.114,30.24 1 1
github.com/bashfulrobot/configr/internal/pkg/apt.go:30.24,33.3 2 1
github.com/bashfulrobot/configr/internal/pkg/apt.go:35.2,38.47 2 1
github.com/bashfulrobot/configr/internal/pkg/apt.go:38.47,40.3 1 0
github.com/bashfulrobot/configr/internal/pkg/apt.go:43.2,45.49 2 1
github.com/bashfulrobot/configr/internal/pkg/apt.go:45.49,46.92 1 1
github.com/bashfulrobot/configr/internal/pkg/apt.go:46.92,48.4 1 0
github.com/bashfulrobot/configr/internal/pkg/apt.go:51.2,51.12 1 1
github.com/bashfulrobot/configr/internal/pkg/apt.go:55.49,57.16 2 1
github.com/bashfulrobot/configr/internal/pkg/apt.go:57.16,59.3 1 0
github.com/bashfulrobot/configr/internal/pkg/apt.go:60.2,60.12 1 1
github.com/bashfulrobot/configr/internal/pkg/apt.go:64.146,67.31 2 1
github.com/bashfulrobot/configr/internal/pkg/apt.go:67.31,71.3 3 1
github.com/bashfulrobot/configr/internal/pkg/apt.go:73.2,73.19 1 1
github.com/bashfulrobot/configr/internal/pkg/apt.go:77.114,80.22 1 1
github.com/bashfulrobot/configr/internal/pkg/apt.go:80.22,83.3 2 1
github.com/bashfulrobot/configr/internal/pkg/apt.go:86.2,86.60 1 1
github.com/bashfulrobot/configr/internal/pkg/apt.go:86.60,89.3 2 1
github.com/bashfulrobot/configr/internal/pkg/apt.go:92.2,94.25 3 1
github.com/bashfulrobot/configr/internal/pkg/apt.go:98.97,102.31 3 1
github.com/bashfulrobot/configr/internal/pkg/apt.go:102.31,106.34 2 1
github.com/bashfulrobot/configr/internal/pkg/apt.go:106.34,108.4 1 0
github.com/bashfulrobot/configr/internal/pkg/apt.go:112.2,112.28 1 1
github.com/bashfulrobot/configr/internal/pkg/apt.go:112.28,113.71 1 0
github.com/bashfulrobot/configr/internal/pkg/apt.go:113.71,115.4 1 0
github.com/bashfulrobot/configr/internal/pkg/apt.go:117.3,117.54 1 0
github.com/bashfulrobot/configr/internal/pkg/apt.go:121.2,121.27 1 1
github.com/bashfulrobot/configr/internal/pkg/apt.go:121.27,122.75 1 1
github.com/bashfulrobot/configr/internal/pkg/apt.go:122.75,124.4 1 0
github.com/bashfulrobot/configr/internal/pkg/apt.go:127.2,127.12 1 1
github.com/bashfulrobot/configr/internal/pkg/apt.go:131.63,133.2 1 1
github.com/bashfulrobot/configr/internal/pkg/apt.go:136.75,138.36 2 1
github.com/bashfulrobot/configr/internal/pkg/apt.go:138.36,139.31 1 1
github.com/bashfulrobot/configr/internal/pkg/apt.go:139.31,141.4 1 1
github.com/bashfulrobot/configr/internal/pkg/apt.go:143.2,143.17 1 1
github.com/bashfulrobot/configr/internal/pkg/apt.go:147.85,148.35 1 0
github.com/bashfulrobot/configr/internal/pkg/apt.go:148.35,149.65 1 0
github.com/bashfulrobot/configr/internal/pkg/apt.go:149.65,151.4 1 0
github.com/bashfulrobot/configr/internal/pkg/apt.go:153.2,153.12 1 0
github.com/bashfulrobot/configr/internal/pkg/apt.go:157.82,159.30 1 1
github.com/bashfulrobot/configr/internal/pkg/apt.go:159.30,161.17 2 1
github.com/bashfulrobot/configr/internal/pkg/apt.go:161.17,163.4 1 0
github.com/bashfulrobot/configr/internal/pkg/apt.go:164.3,164.39 1 1
github.com/bashfulrobot/configr/internal/pkg/apt.go:168.2,168.52 1 1
github.com/bashfulrobot/configr/internal/pkg/apt.go:168.52,170.3 1 1
github.com/bashfulrobot/configr/internal/pkg/apt.go:173.2,178.15 4 1
github.com/bashfulrobot/configr/internal/pkg/apt.go:178.15,181.3 2 1
github.com/bashfulrobot/configr/internal/pkg/apt.go:183.2,187.34 4 0
github.com/bashfulrobot/configr/internal/pkg/apt.go:187.34,189.3 1 0
github.com/bashfulrobot/configr/internal/pkg/apt.go:191.2,192.12 2 0
github.com/bashfulrobot/configr/internal/pkg/apt.go:196.94,199.16 2 1
github.com/bashfulrobot/configr/internal/pkg/apt.go:199.16,202.3 2 0
github.com/bashfulrobot/configr/internal/pkg/apt.go:205.2,206.35 2 1
github.com/bashfulrobot/configr/internal/pkg/apt.go:206.35,207.30 1 1
github.com/bashfulrobot/configr/internal/pkg/apt.go:207.30,209.4 1 1
github.com/bashfulrobot/configr/internal/pkg/apt.go:209.9,211.4 1 0
github.com/bashfulrobot/configr/internal/pkg/apt.go:214.2,214.33 1 1
github.com/bashfulrobot/configr/internal/pkg/apt.go:214.33,217.3 2 0
github.com/bashfulrobot/configr/internal/pkg/apt.go:220.2,225.15 4 1
github.com/bashfulrobot/configr/internal/pkg/apt.go:225.15,228.3 2 1
github.com/bashfulrobot/configr/internal/pkg/apt.go:230.2,234.34 4 0
github.com/bashfulrobot/configr/internal/pkg/apt.go:234.34,236.3 1 0
github.com/bashfulrobot/configr/internal/pkg/apt.go:238.2,238.40 1 0
github.com/bashfulrobot/configr/internal/pkg/apt.go:238.40,240.3 1 0
github.com/bashfulrobot/configr/internal/pkg/apt.go:242.2,242.12 1 0
github.com/bashfulrobot/configr/internal/pkg/apt.go:246.92,249.35 2 1
github.com/bashfulrobot/configr/internal/pkg/apt.go:249.35,251.17 2 1
github.com/bashfulrobot/configr/internal/pkg/apt.go:251.17,253.4 1 0
github.com/bashfulrobot/configr/internal/pkg/apt.go:254.3,254.31 1 1
github.com/bashfulrobot/configr/internal/pkg/apt.go:257.2,257.23 1 1
github.com/bashfulrobot/configr/internal/pkg/apt.go:261.76,265.16 3 1
github.com/bashfulrobot/configr/internal/pkg/apt.go:265.16,268.3 1 1
github.com/bashfulrobot/configr/internal/pkg/apt.go:271.2,272.73 2 0
github.com/bashfulrobot/configr/internal/pkg/apt.go:276.71,277.32 1 0
github.com/bashfulrobot/configr/internal/pkg/apt.go:277.32,279.3 1 0
github.com/bashfulrobot/configr/internal/pkg/apt.go:281.2,285.39 3 0
github.com/bashfulrobot/configr/internal/pkg/apt.go:285.39,286.63 1 0
github.com/bashfulrobot/configr/internal/pkg/apt.go:286.63,288.4 1 0
github.com/bashfulrobot/configr/internal/pkg/apt.go:288.9,288.23 1 0
github.com/bashfulrobot/configr/internal/pkg/apt.go:288.23,290.4 1 0
github.com/bashfulrobot/configr/internal/pkg/apt.go:293.2,293.33 1 0
github.com/bashfulrobot/configr/internal/pkg/apt.go:293.33,296.3 2 0
github.com/bashfulrobot/configr/internal/pkg/apt.go:299.2,301.15 2 0
github.com/bashfulrobot/configr/internal/pkg/apt.go:301.15,304.3 2 0
github.com/bashfulrobot/configr/internal/pkg/apt.go:306.2,310.34 4 0
github.com/bashfulrobot/configr/internal/pkg/apt.go:310.34,312.3 1 0
github.com/bashfulrobot/configr/internal/pkg/apt.go:314.2,314.40 1 0
github.com/bashfulrobot/configr/internal/pkg/apt.go:314.40,316.3 1 0
github.com/bashfulrobot/configr/internal/pkg/apt.go:318.2,318.12 1 0
github.com/bashfulrobot/configr/internal/pkg/apt.go:322.75,323.22 1 0
github.com/bashfulrobot/configr/internal/pkg/apt.go:323.22,325.3 1 0
github.com/bashfulrobot/configr/internal/pkg/apt.go:327.2,327.15 1 0
github.com/bashfulrobot/configr/internal/pkg/apt.go:327.15,330.3 2 0
github.com/bashfulrobot/configr/internal/pkg/apt.go:333.2,333.47 1 0
github.com/bashfulrobot/configr/internal/pkg/apt.go:333.47,335.3 1 0
github.com/bashfulrobot/configr/internal/pkg/apt.go:337.2,341.16 4 0
github.com/bashfulrobot/configr/internal/pkg/apt.go:341.16,343.3 1 0
github.com/bashfulrobot/configr/internal/pkg/apt.go:345.2,347.29 3 0
github.com/bashfulrobot/configr/internal/pkg/apt.go:347.29,349.92 2 0
github.com/bashfulrobot/configr/internal/pkg/apt.go:349.92,350.12 1 0
github.com/bashfulrobot/configr/internal/pkg/apt.go:354.3,354.67 1 0
github.com/bashfulrobot/configr/internal/pkg/apt.go:354.67,356.22 2 0
github.com/bashfulrobot/configr/internal/pkg/apt.go:356.22,358.26 2 0
github.com/bashfulrobot/configr/internal/pkg/apt.go:358.26,360.6 1 0
github.com/bashfulrobot/configr/internal/pkg/apt.go:365.2,366.22 2 0
github.com/bashfulrobot/configr/internal/pkg/apt.go:370.74,371.23 1 0
github.com/bashfulrobot/configr/internal/pkg/apt.go:371.23,373.3 1 0
github.com/bashfulrobot/configr/internal/pkg/apt.go:375.2,375.15 1 0
github.com/bashfulrobot/configr/internal/pkg/apt.go:375.15,378.3 2 0
github.com/bashfulrobot/configr/internal/pkg/apt.go:381.2,381.47 1 0
github.com/bashfulrobot/configr/internal/pkg/apt.go:381.47,383.3 1 0
github.com/bashfulrobot/configr/internal/pkg/apt.go:385.2,389.16 4 0
github.com/bashfulrobot/configr/internal/pkg/apt.go:389.16,391.3 1 0
github.com/bashfulrobot/configr/internal/pkg/apt.go:393.2,393.28 1 0
github.com/bashfulrobot/configr/internal/pkg/apt.go:397.66,398.15 1 0
github.com/bashfulrobot/configr/internal/pkg/apt.go:398.15,401.3 2 0
github.com/bashfulrobot/configr/internal/pkg/apt.go:404.2,404.47 1 0
github.com/bashfulrobot/configr/internal/pkg/apt.go:404.47,406.3 1 0
github.com/bashfulrobot/configr/internal/pkg/apt.go:408.2,412.16 4 0
github.com/bashfulrobot/configr/internal/pkg/apt.go:412.16,414.3 1 0
github.com/bashfulrobot/configr/internal/pkg/apt.go:416.2,418.29 3 0
github.com/bashfulrobot/configr/internal/pkg/apt.go:418.29,420.97 2 0
github.com/bashfulrobot/configr/internal/pkg/apt.go:420.97,421.12 1 0
github.com/bashfulrobot/configr/internal/pkg/apt.go:425.3,425.81 1 0
github.com/bashfulrobot/configr/internal/pkg/apt.go:425.81,427.22 2 0
github.com/bashfulrobot/configr/internal/pkg/apt.go:427.22,429.26 2 0
github.com/bashfulrobot/configr/internal/pkg/apt.go:429.26,431.6 1 0
github.com/bashfulrobot/configr/internal/pkg/apt.go:436.2,437.22 2 0
github.com/bashfulrobot/configr/internal/pkg/apt.go:441.84,443.47 1 0
github.com/bashfulrobot/configr/internal/pkg/apt.go:443.47,445.3 1 0
github.com/bashfulrobot/configr/internal/pkg/apt.go:447.2,448.28 2 0
github.com/bashfulrobot/configr/internal/pkg/apt.go:448.28,452.3 2 0
github.com/bashfulrobot/configr/internal/pkg/apt.go:452.8,457.3 3 0
github.com/bashfulrobot/configr/internal/pkg/apt.go:459.2,459.15 1 0
github.com/bashfulrobot/configr/internal/pkg/apt.go:459.15,462.3 2 0
github.com/bashfulrobot/configr/internal/pkg/apt.go:464.2,468.34 4 0
github.com/bashfulrobot/configr/internal/pkg/apt.go:468.34,470.3 1 0
github.com/bashfulrobot/configr/internal/pkg/apt.go:472.2,472.28 1 0
github.com/bashfulrobot/configr/internal/pkg/apt.go:472.28,474.3 1 0
github.com/bashfulrobot/configr/internal/pkg/apt.go:474.8,475.36 1 0
github.com/bashfulrobot/configr/internal/pkg/apt.go:475.36,477.4 1 0
github.com/bashfulrobot/configr/internal/pkg/apt.go:480.2,480.12 1 0
github.com/bashfulrobot/configr/internal/pkg/apt.go:484.84,485.23 1 0
github.com/bashfulrobot/configr/internal/pkg/apt.go:485.23,487.3 1 0
github.com/bashfulrobot/configr/internal/pkg/apt.go:489.2,489.15 1 0
github.com/bashfulrobot/configr/internal/pkg/apt.go:489.15,492.3 2 0
github.com/bashfulrobot/configr/internal/pkg/apt.go:495.2,495.47 1 0
github.com/bashfulrobot/configr/internal/pkg/apt.go:495.47,497.3 1 0
github.com/bashfulrobot/configr/internal/pkg/apt.go:499.2,503.16 4 0
github.com/bashfulrobot/configr/internal/pkg/apt.go:503.16,505.3 1 0
github.com/bashfulrobot/configr/internal/pkg/apt.go:507.2,509.29 3 0
github.com/bashfulrobot/configr/internal/pkg/apt.go:509.29,511.61 2 0
github.com/bashfulrobot/configr/internal/pkg/apt.go:511.61,512.12 1 0
github.com/bashfulrobot/configr/internal/pkg/apt.go:516.3,516.75 1 0
github.com/bashfulrobot/configr/internal/pkg/apt.go:516.75,518.23 2 0
github.com/bashfulrobot/configr/internal/pkg/apt.go:518.23,522.54 2 0
github.com/bashfulrobot/configr/internal/pkg/apt.go:522.54,524.6 1 0
github.com/bashfulrobot/configr/internal/pkg/apt.go:525.5,525.48 1 0
github.com/bashfulrobot/configr/internal/pkg/apt.go:525.48,527.6 1 0
github.com/bashfulrobot/configr/internal/pkg/apt.go:532.2,533.26 2 0
github.com/bashfulrobot/configr/internal/pkg/apt.go:537.96,538.28 1 0
github.com/bashfulrobot/configr/internal/pkg/apt.go:538.28,540.3 1 0
github.com/bashfulrobot/configr/internal/pkg/apt.go:542.2,542.15 1 0
github.com/bashfulrobot/configr/internal/pkg/apt.go:542.15,545.3 2 0
github.com/bashfulrobot/configr/internal/pkg/apt.go:548.2,548.47 1 0
github.com/bashfulrobot/configr/internal/pkg/apt.go:548.47,550.3 1 0
github.com/bashfulrobot/configr/internal/pkg/apt.go:553.2,559.16 5 0
github.com/bashfulrobot/configr/internal/pkg/apt.go:559.16,561.3 1 0
github.com/bashfulrobot/configr/internal/pkg/apt.go:563.2,565.29 3 0
github.com/bashfulrobot/configr/internal/pkg/apt.go:565.29,568.39 2 0
github.com/bashfulrobot/configr/internal/pkg/apt.go:568.39,570.23 2 0
github.com/bashfulrobot/configr/internal/pkg/apt.go:570.23,573.5 2 0
github.com/bashfulrobot/configr/internal/pkg/apt.go:577.2,578.25 2 0
github.com/bashfulrobot/configr/internal/pkg/cache.go:75.56,78.16 2 1
github.com/bashfulrobot/configr/internal/pkg/cache.go:78.16,81.3 2 0
github.com/bashfulrobot/configr/internal/pkg/cache.go:83.2,88.3 2 1
github.com/bashfulrobot/configr/internal/pkg/cache.go:92.81,97.2 1 1
github.com/bashfulrobot/configr/internal/pkg/cache.go:100.87,108.54 4 1
github.com/bashfulrobot/configr/internal/pkg/cache.go:108.54,111.3 2 0
github.com/bashfulrobot/configr/internal/pkg/cache.go:114.2,115.16 2 1
github.com/bashfulrobot/configr/internal/pkg/cache.go:115.16,117.3 1 0
github.com/bashfulrobot/configr/internal/pkg/cache.go:119.2,120.54 2 1
github.com/bashfulrobot/configr/internal/pkg/cache.go:120.54,122.3 1 0
github.com/bashfulrobot/configr/internal/pkg/cache.go:125.2,125.44 1 1
github.com/bashfulrobot/configr/internal/pkg/cache.go:125.44,128.3 2 1
github.com/bashfulrobot/configr/internal/pkg/cache.go:130.2,131.21 2 1
github.com/bashfulrobot/configr/internal/pkg/cache.go:135.90,140.58 3 1
github.com/bashfulrobot/configr/internal/pkg/cache.go:140.58,142.3 1 0
github.com/bashfulrobot/configr/internal/pkg/cache.go:145.2,146.35 2 1
github.com/bashfulrobot/configr/internal/pkg/cache.go:146.35,147.45 1 1
github.com/bashfulrobot/configr/internal/pkg/cache.go:147.45,149.4 1 1
github.com/bashfulrobot/configr/internal/pkg/cache.go:153.2,165.16 4 1
github.com/bashfulrobot/configr/internal/pkg/cache.go:165.16,167.3 1 0
github.com/bashfulrobot/configr/internal/pkg/cache.go:170.2,173.60 3 1
github.com/bashfulrobot/configr/internal/pkg/cache.go:173.60,175.3 1 0
github.com/bashfulrobot/configr/internal/pkg/cache.go:177.2,178.12 2 1
github.com/bashfulrobot/configr/internal/pkg/cache.go:182.75,185.54 2 1
github.com/bashfulrobot/configr/internal/pkg/cache.go:185.54,188.3 2 0
github.com/bashfulrobot/configr/internal/pkg/cache.go:190.2,191.16 2 1
github.com/bashfulrobot/configr/internal/pkg/cache.go:191.16,193.3 1 0
github.com/bashfulrobot/configr/internal/pkg/cache.go:195.2,196.53 2 1
github.com/bashfulrobot/configr/internal/pkg/cache.go:196.53,198.3 1 0
github.com/bashfulrobot/configr/internal/pkg/cache.go:201.2,201.47 1 1
github.com/bashfulrobot/configr/internal/pkg/cache.go:201.47,204.3 2 1
github.com/bashfulrobot/configr/internal/pkg/cache.go:206.2,207.20 2 1
github.com/bashfulrobot/configr/internal/pkg/cache.go:211.77,212.55 1 1
github.com/bashfulrobot/configr/internal/pkg/cache.go:212.55,214.3 1 0
github.com/bashfulrobot/configr/internal/pkg/cache.go:216.2,220.16 4 1
github.com/bashfulrobot/configr/internal/pkg/cache.go:220.16,222.3 1 0
github.com/bashfulrobot/configr/internal/pkg/cache.go:224.2,225.60 2 1
github.com/bashfulrobot/configr/internal/pkg/cache.go:225.60,227.3 1 0
github.com/bashfulrobot/configr/internal/pkg/cache.go:229.2,230.12 2 1
github.com/bashfulrobot/configr/internal/pkg/cache.go:234.44,237.50 2 1
github.com/bashfulrobot/configr/internal/pkg/cache.go:237.50,239.3 1 0
github.com/bashfulrobot/configr/internal/pkg/cache.go:241.2,241.12 1 1
github.com/bashfulrobot/configr/internal/pkg/cache.go:245.62,251.56 2 1
github.com/bashfulrobot/configr/internal/pkg/cache.go:251.56,253.3 1 1
github.com/bashfulrobot/configr/internal/pkg/cache.go:256.2,256.89 1 1
github.com/bashfulrobot/configr/internal/pkg/cache.go:256.89,257.17 1 1
github.com/bashfulrobot/configr/internal/pkg/cache.go:257.17,259.4 1 0
github.com/bashfulrobot/configr/internal/pkg/cache.go:261.3,261.20 1 1
github.com/bashfulrobot/configr/internal/pkg/cache.go:261.20,265.48 3 1
github.com/bashfulrobot/configr/internal/pkg/cache.go:265.48,267.5 1 1
github.com/bashfulrobot/configr/internal/pkg/cache.go:270.3,270.13 1 1
github.com/bashfulrobot/configr/internal/pkg/cache.go:273.2,273.19 1 1
github.com/bashfulrobot/configr/internal/pkg/cache.go:285.87,287.49 1 1
github.com/bashfulrobot/configr/internal/pkg/cache.go:287.49,289.3 1 0
github.com/bashfulrobot/configr/internal/pkg/cache.go:291.2,291.35 1 1
github.com/bashfulrobot/configr/internal/pkg/cache.go:291.35,292.68 1 1
github.com/bashfulrobot/configr/internal/pkg/cache.go:292.68,294.4 1 0
github.com/bashfulrobot/configr/internal/pkg/cache.go:298.2,298.35 1 1
github.com/bashfulrobot/configr/internal/pkg/cache.go:298.35,300.17 2 1
github.com/bashfulrobot/configr/internal/pkg/cache.go:300.17,302.4 1 0
github.com/bashfulrobot/configr/internal/pkg/cache.go:304.3,305.56 2 1
github.com/bashfulrobot/configr/internal/pkg/cache.go:305.56,307.4 1 1
github.com/bashfulrobot/configr/internal/pkg/cache.go:310.2,310.13 1 1
github.com/bashfulrobot/configr/internal/pkg/cache.go:314.77,316.35 2 1
github.com/bashfulrobot/configr/internal/pkg/cache.go:316.35,318.3 1 1
github.com/bashfulrobot/configr/internal/pkg/cache.go:319.2,319.49 1 1
github.com/bashfulrobot/configr/internal/pkg/cache.go:323.93,327.48 2 1
github.com/bashfulrobot/configr/internal/pkg/cache.go:327.48,329.3 1 1
github.com/bashfulrobot/configr/internal/pkg/cache.go:332.2,332.35 1 1
github.com/bashfulrobot/configr/internal/pkg/cache.go:332.35,334.45 2 1
github.com/bashfulrobot/configr/internal/pkg/cache.go:334.45,336.4 1 1
github.com/bashfulrobot/configr/internal/pkg/cache.go:339.2,339.44 1 1
github.com/bashfulrobot/configr/internal/pkg/dconf.go:19.69,24.2 1 1
github.com/bashfulrobot/configr/internal/pkg/dconf.go:27.77,28.36 1 1
github.com/bashfulrobot/configr/internal/pkg/dconf.go:28.36,31.3 2 1
github.com/bashfulrobot/configr/internal/pkg/dconf.go:33.2,36.16 2 1
github.com/bashfulrobot/configr/internal/pkg/dconf.go:36.16,37.50 1 0
github.com/bashfulrobot/configr/internal/pkg/dconf.go:37.50,39.4 1 0
github.com/bashfulrobot/configr/internal/pkg/dconf.go:42.2,42.48 1 1
github.com/bashfulrobot/configr/internal/pkg/dconf.go:42.48,43.52 1 1
github.com/bashfulrobot/configr/internal/pkg/dconf.go:43.52,45.4 1 0
github.com/bashfulrobot/configr/internal/pkg/dconf.go:48.2,49.12 2 1
github.com/bashfulrobot/configr/internal/pkg/dconf.go:53.62,58.15 3 1
github.com/bashfulrobot/configr/internal/pkg/dconf.go:58.15,61.3 2 1
github.com/bashfulrobot/configr/internal/pkg/dconf.go:63.2,66.16 3 0
github.com/bashfulrobot/configr/internal/pkg/dconf.go:66.16,69.3 2 0
github.com/bashfulrobot/configr/internal/pkg/dconf.go:71.2,72.12 2 0
github.com/bashfulrobot/configr/internal/pkg/dconf.go:76.65,77.15 1 1
github.com/bashfulrobot/configr/internal/pkg/dconf.go:77.15,80.3 2 1
github.com/bashfulrobot/configr/internal/pkg/dconf.go:82.2,86.16 4 0
github.com/bashfulrobot/configr/internal/pkg/dconf.go:86.16,89.3 2 0
github.com/bashfulrobot/configr/internal/pkg/dconf.go:91.2,93.19 3 0
github.com/bashfulrobot/configr/internal/pkg/dconf.go:97.57,102.15 3 1
github.com/bashfulrobot/configr/internal/pkg/dconf.go:102.15,105.3 2 1
github.com/bashfulrobot/configr/internal/pkg/dconf.go:107.2,110.16 3 0
github.com/bashfulrobot/configr/internal/pkg/dconf.go:110.16,113.3 2 0
github.com/bashfulrobot/configr/internal/pkg/dconf.go:115.2,116.12 2 0
github.com/bashfulrobot/configr/internal/pkg/dconf.go:120.69,121.15 1 1
github.com/bashfulrobot/configr/internal/pkg/dconf.go:121.15,124.3 2 1
github.com/bashfulrobot/configr/internal/pkg/dconf.go:126.2,130.16 4 0
github.com/bashfulrobot/configr/internal/pkg/dconf.go:130.16,133.3 2 0
github.com/bashfulrobot/configr/internal/pkg/dconf.go:136.2,138.29 3 0
github.com/bashfulrobot/configr/internal/pkg/dconf.go:138.29,140.17 2 0
github.com/bashfulrobot/configr/internal/pkg/dconf.go:140.17,142.4 1 0
github.com/bashfulrobot/configr/internal/pkg/dconf.go:145.2,146.22 2 0
github.com/bashfulrobot/configr/internal/pkg/dconf.go:150.78,151.15 1 1
github.com/bashfulrobot/configr/internal/pkg/dconf.go:151.15,154.3 2 1
github.com/bashfulrobot/configr/internal/pkg/dconf.go:156.2,160.16 4 0
github.com/bashfulrobot/configr/internal/pkg/dconf.go:160.16,163.3 2 0
github.com/bashfulrobot/configr/internal/pkg/dconf.go:166.2,170.29 4 0
github.com/bashfulrobot/configr/internal/pkg/dconf.go:170.29,172.49 2 0
github.com/bashfulrobot/configr/internal/pkg/dconf.go:172.49,173.12 1 0
github.com/bashfulrobot/configr/internal/pkg/dconf.go:177.3,177.67 1 0
github.com/bashfulrobot/configr/internal/pkg/dconf.go:177.67,180.47 2 0
github.com/bashfulrobot/configr/internal/pkg/dconf.go:180.47,182.5 1 0
github.com/bashfulrobot/configr/internal/pkg/dconf.go:183.4,183.12 1 0
github.com/bashfulrobot/configr/internal/pkg/dconf.go:187.3,187.34 1 0
github.com/bashfulrobot/configr/internal/pkg/dconf.go:187.34,189.23 2 0
github.com/bashfulrobot/configr/internal/pkg/dconf.go:189.23,194.5 4 0
github.com/bashfulrobot/configr/internal/pkg/dconf.go:198.2,199.22 2 0
github.com/bashfulrobot/configr/internal/pkg/dconf.go:203.53,204.50 1 1
github.com/bashfulrobot/configr/internal/pkg/dconf.go:204.50,206.3 1 0
github.com/bashfulrobot/configr/internal/pkg/dconf.go:207.2,207.12 1 1
github.com/bashfulrobot/configr/internal/pkg/dconf.go:211.80,214.48 2 1
github.com/bashfulrobot/configr/internal/pkg/dconf.go:214.48,216.36 1 1
github.com/bashfulrobot/configr/internal/pkg/dconf.go:216.36,218.4 1 1
github.com/bashfulrobot/configr/internal/pkg/dconf.go:220.3,220.35 1 1
github.com/bashfulrobot/configr/internal/pkg/dconf.go:220.35,222.4 1 1
github.com/bashfulrobot/configr/internal/pkg/dconf.go:225.3,225.18 1 1
github.com/bashfulrobot/configr/internal/pkg/dconf.go:225.18,227.4 1 0
github.com/bashfulrobot/configr/internal/pkg/dconf.go:230.3,231.89 1 1
github.com/bashfulrobot/configr/internal/pkg/dconf.go:231.89,234.4 1 0
github.com/bashfulrobot/configr/internal/pkg/dconf.go:237.2,237.12 1 1
github.com/bashfulrobot/configr/internal/pkg/dconf.go:241.40,242.21 1 1
github.com/bashfulrobot/configr/internal/pkg/dconf.go:242.21,244.3 1 1
github.com/bashfulrobot/configr/internal/pkg/dconf.go:246.2,249.29 3 1
github.com/bashfulrobot/configr/internal/pkg/dconf.go:249.29,250.10 1 1
github.com/bashfulrobot/configr/internal/pkg/dconf.go:251.35,253.12 1 1
github.com/bashfulrobot/configr/internal/pkg/dconf.go:254.20,256.20 2 1
github.com/bashfulrobot/configr/internal/pkg/dconf.go:256.20,258.5 1 1
github.com/bashfulrobot/configr/internal/pkg/dconf.go:259.35,261.58 1 1
github.com/bashfulrobot/configr/internal/pkg/dconf.go:261.58,263.5 1 0
github.com/bashfulrobot/configr/internal/pkg/dconf.go:264.35,266.49 2 1
github.com/bashfulrobot/configr/internal/pkg/dconf.go:266.49,268.5 1 0
github.com/bashfulrobot/configr/internal/pkg/dconf.go:269.11,270.16 1 1
github.com/bashfulrobot/configr/internal/pkg/dconf.go:274.2,274.13 1 1
github.com/bashfulrobot/configr/internal/pkg/dconf.go:278.40,281.2 2 1
github.com/bashfulrobot/configr/internal/pkg/files.go:35.85,42.2 1 1
github.com/bashfulrobot/configr/internal/pkg/files.go:45.89,46.21 1 1
github.com/bashfulrobot/configr/internal/pkg/files.go:46.21,49.3 2 0
github.com/bashfulrobot/configr/internal/pkg/files.go:51.2,54.32 3 1
github.com/bashfulrobot/configr/internal/pkg/files.go:54.32,56.17 2 1
github.com/bashfulrobot/configr/internal/pkg/files.go:56.17,58.4 1 0
github.com/bashfulrobot/configr/internal/pkg/files.go:59.3,59.53 1 1
github.com/bashfulrobot/configr/internal/pkg/files.go:62.2,63.27 2 1
github.com/bashfulrobot/configr/internal/pkg/files.go:67.87,72.16 3 1
github.com/bashfulrobot/configr/internal/pkg/files.go:72.16,74.3 1 0
github.com/bashfulrobot/configr/internal/pkg/files.go:77.2,78.16 2 1
github.com/bashfulrobot/configr/internal/pkg/files.go:78.16,80.3 1 0
github.com/bashfulrobot/configr/internal/pkg/files.go:83.2,83.55 1 1
github.com/bashfulrobot/configr/internal/pkg/files.go:83.55,85.3 1 0
github.com/bashfulrobot/configr/internal/pkg/files.go:88.2,89.52 2 1
github.com/bashfulrobot/configr/internal/pkg/files.go:89.52,91.3 1 0
github.com/bashfulrobot/configr/internal/pkg/files.go:94.2,95.16 2 1
github.com/bashfulrobot/configr/internal/pkg/files.go:95.16,97.3 1 0
github.com/bashfulrobot/configr/internal/pkg/files.go:100.2,101.15 2 1
github.com/bashfulrobot/configr/internal/pkg/files.go:101.15,102.59 1 1
github.com/bashfulrobot/configr/internal/pkg/files.go:102.59,104.4 1 0
github.com/bashfulrobot/configr/internal/pkg/files.go:105.8,106.64 1 1
github.com/bashfulrobot/configr/internal/pkg/files.go:106.64,108.4 1 0
github.com/bashfulrobot/configr/internal/pkg/files.go:112.2,112.61 1 1
github.com/bashfulrobot/configr/internal/pkg/files.go:112.61,114.3 1 0
github.com/bashfulrobot/configr/internal/pkg/files.go:116.2,124.8 2 1
github.com/bashfulrobot/configr/internal/pkg/files.go:128.73,129.28 1 1
github.com/bashfulrobot/configr/internal/pkg/files.go:129.28,131.3 1 1
github.com/bashfulrobot/configr/internal/pkg/files.go:134.2,134.49 1 1
github.com/bashfulrobot/configr/internal/pkg/files.go:138.83,139.42 1 1
github.com/bashfulrobot/configr/internal/pkg/files.go:139.42,141.17 2 1
github.com/bashfulrobot/configr/internal/pkg/files.go:141.17,143.4 1 0
github.com/bashfulrobot/configr/internal/pkg/files.go:144.3,144.66 1 1
github.com/bashfulrobot/configr/internal/pkg/files.go:147.2,147.65 1 1
github.com/bashfulrobot/configr/internal/pkg/files.go:147.65,150.53 2 0
github.com/bashfulrobot/configr/internal/pkg/files.go:150.53,152.4 1 0
github.com/bashfulrobot/configr/internal/pkg/files.go:154.3,155.17 2 0
github.com/bashfulrobot/configr/internal/pkg/files.go:155.17,157.4 1 0
github.com/bashfulrobot/configr/internal/pkg/files.go:159.3,159.60 1 0
github.com/bashfulrobot/configr/internal/pkg/files.go:159.60,161.4 1 0
github.com/bashfulrobot/configr/internal/pkg/files.go:162.3,162.33 1 0
github.com/bashfulrobot/configr/internal/pkg/files.go:165.2,165.25 1 1
github.com/bashfulrobot/configr/internal/pkg/files.go:169.58,170.15 1 1
github.com/bashfulrobot/configr/internal/pkg/files.go:170.15,173.3 2 1
github.com/bashfulrobot/configr/internal/pkg/files.go:175.2,175.48 1 1
github.com/bashfulrobot/configr/internal/pkg/files.go:175.48,177.48 2 0
github.com/bashfulrobot/configr/internal/pkg/files.go:177.48,179.4 1 0
github.com/bashfulrobot/configr/internal/pkg/files.go:182.2,182.12 1 1
github.com/bashfulrobot/configr/internal/pkg/files.go:187.112,188.54 1 1
github.com/bashfulrobot/configr/internal/pkg/files.go:188.54,191.3 1 1
github.com/bashfulrobot/configr/internal/pkg/files.go:194.2,195.16 2 1
github.com/bashfulrobot/configr/internal/pkg/files.go:195.16,197.3 1 0
github.com/bashfulrobot/configr/internal/pkg/files.go:199.2,201.15 2 1
github.com/bashfulrobot/configr/internal/pkg/files.go:201.15,202.18 1 0
github.com/bashfulrobot/configr/internal/pkg/files.go:202.18,205.4 2 0
github.com/bashfulrobot/configr/internal/pkg/files.go:205.9,208.4 2 0
github.com/bashfulrobot/configr/internal/pkg/files.go:212.2,212.29 1 1
github.com/bashfulrobot/configr/internal/pkg/files.go:212.29,213.53 1 0
github.com/bashfulrobot/configr/internal/pkg/files.go:213.53,215.58 1 0
github.com/bashfulrobot/configr/internal/pkg/files.go:215.58,218.5 2 0
github.com/bashfulrobot/configr/internal/pkg/files.go:223.2,223.60 1 1
github.com/bashfulrobot/configr/internal/pkg/files.go:223.60,233.7 2 0
github.com/bashfulrobot/configr/internal/pkg/files.go:233.7,235.18 2 0
github.com/bashfulrobot/configr/internal/pkg/files.go:235.18,237.5 1 0
github.com/bashfulrobot/configr/internal/pkg/files.go:239.4,239.22 1 0
github.com/bashfulrobot/configr/internal/pkg/files.go:240.24,242.60 2 0
github.com/bashfulrobot/configr/internal/pkg/files.go:243.24,244.57 1 0
github.com/bashfulrobot/configr/internal/pkg/files.go:245.28,246.77 1 0
github.com/bashfulrobot/configr/internal/pkg/files.go:246.77,248.6 1 0
github.com/bashfulrobot/configr/internal/pkg/files.go:249.5,249.13 1 0
github.com/bashfulrobot/configr/internal/pkg/files.go:250.29,251.10 1 0
github.com/bashfulrobot/configr/internal/pkg/files.go:252.26,254.10 1 0
github.com/bashfulrobot/configr/internal/pkg/files.go:256.4,256.9 1 0
github.com/bashfulrobot/configr/internal/pkg/files.go:261.2,263.18 2 1
github.com/bashfulrobot/configr/internal/pkg/files.go:263.18,267.57 3 1
github.com/bashfulrobot/configr/internal/pkg/files.go:267.57,269.4 1 0
github.com/bashfulrobot/configr/internal/pkg/files.go:270.3,270.25 1 1
github.com/bashfulrobot/configr/internal/pkg/files.go:271.8,273.45 2 1
github.com/bashfulrobot/configr/internal/pkg/files.go:273.45,275.4 1 0
github.com/bashfulrobot/configr/internal/pkg/files.go:276.3,276.17 1 1
github.com/bashfulrobot/configr/internal/pkg/files.go:281.73,282.15 1 1
github.com/bashfulrobot/configr/internal/pkg/files.go:282.15,285.3 2 1
github.com/bashfulrobot/configr/internal/pkg/files.go:287.2,289.57 2 1
github.com/bashfulrobot/configr/internal/pkg/files.go:289.57,291.3 1 0
github.com/bashfulrobot/configr/internal/pkg/files.go:293.2,293.12 1 1
github.com/bashfulrobot/configr/internal/pkg/files.go:297.68,298.15 1 1
github.com/bashfulrobot/configr/internal/pkg/files.go:298.15,301.3 2 1
github.com/bashfulrobot/configr/internal/pkg/files.go:303.2,307.16 3 1
github.com/bashfulrobot/configr/internal/pkg/files.go:307.16,309.3 1 0
github.com/bashfulrobot/configr/internal/pkg/files.go:310.2,314.16 3 1
github.com/bashfulrobot/configr/internal/pkg/files.go:314.16,316.3 1 0
github.com/bashfulrobot/configr/internal/pkg/files.go:317.2,321.16 3 1
github.com/bashfulrobot/configr/internal/pkg/files.go:321.16,323.3 1 0
github.com/bashfulrobot/configr/internal/pkg/files.go:326.2,326.35 1 1
github.com/bashfulrobot/configr/internal/pkg/files.go:326.35,328.3 1 0
github.com/bashfulrobot/configr/internal/pkg/files.go:330.2,330.12 1 1
github.com/bashfulrobot/configr/internal/pkg/files.go:334.83,335.15 1 1
github.com/bashfulrobot/configr/internal/pkg/files.go:335.15,338.3 2 1
github.com/bashfulrobot/configr/internal/pkg/files.go:341.2,342.16 2 1
github.com/bashfulrobot/configr/internal/pkg/files.go:342.16,344.3 1 0
github.com/bashfulrobot/configr/internal/pkg/files.go:346.2,351.66 4 1
github.com/bashfulrobot/configr/internal/pkg/files.go:351.66,352.102 1 0
github.com/bashfulrobot/configr/internal/pkg/files.go:352.102,354.4 1 0
github.com/bashfulrobot/configr/internal/pkg/files.go:354.9,356.4 1 0
github.com/bashfulrobot/configr/internal/pkg/files.go:360.2,360.64 1 1
github.com/bashfulrobot/configr/internal/pkg/files.go:360.64,364.127 2 0
github.com/bashfulrobot/configr/internal/pkg/files.go:364.127,366.4 1 0
github.com/bashfulrobot/configr/internal/pkg/files.go:366.9,369.4 2 0
github.com/bashfulrobot/configr/internal/pkg/files.go:373.2,373.32 1 1
github.com/bashfulrobot/configr/internal/pkg/files.go:373.32,374.65 1 0
github.com/bashfulrobot/configr/internal/pkg/files.go:374.65,376.4 1 0
github.com/bashfulrobot/configr/internal/pkg/files.go:380.2,380.16 1 1
github.com/bashfulrobot/configr/internal/pkg/files.go:380.16,381.59 1 1
github.com/bashfulrobot/configr/internal/pkg/files.go:381.59,383.4 1 0
github.com/bashfulrobot/configr/internal/pkg/files.go:386.2,386.12 1 1
github.com/bashfulrobot/configr/internal/pkg/files.go:390.74,392.16 2 0
github.com/bashfulrobot/configr/internal/pkg/files.go:392.16,394.3 1 0
github.com/bashfulrobot/configr/internal/pkg/files.go:398.2,398.29 1 0
github.com/bashfulrobot/configr/internal/pkg/files.go:402.70,403.15 1 0
github.com/bashfulrobot/configr/internal/pkg/files.go:403.15,406.3 2 0
github.com/bashfulrobot/configr/internal/pkg/files.go:408.2,411.17 2 0
github.com/bashfulrobot/configr/internal/pkg/files.go:411.17,412.47 1 0
github.com/bashfulrobot/configr/internal/pkg/files.go:412.47,413.54 1 0
github.com/bashfulrobot/configr/internal/pkg/files.go:413.54,415.5 1 0
github.com/bashfulrobot/configr/internal/pkg/files.go:416.9,418.54 1 0
github.com/bashfulrobot/configr/internal/pkg/files.go:418.54,420.5 1 0
github.com/bashfulrobot/configr/internal/pkg/files.go:420.10,422.5 1 0
github.com/bashfulrobot/configr/internal/pkg/files.go:427.2,427.17 1 0
github.com/bashfulrobot/configr/internal/pkg/files.go:427.17,428.52 1 0
github.com/bashfulrobot/configr/internal/pkg/files.go:428.52,429.54 1 0
github.com/bashfulrobot/configr/internal/pkg/files.go:429.54,431.5 1 0
github.com/bashfulrobot/configr/internal/pkg/files.go:432.9,434.54 1 0
github.com/bashfulrobot/configr/internal/pkg/files.go:434.54,436.5 1 0
github.com/bashfulrobot/configr/internal/pkg/files.go:436.10,438.5 1 0
github.com/bashfulrobot/configr/internal/pkg/files.go:442.2,444.50 2 0
github.com/bashfulrobot/configr/internal/pkg/files.go:444.50,446.3 1 0
github.com/bashfulrobot/configr/internal/pkg/files.go:448.2,448.12 1 0
github.com/bashfulrobot/configr/internal/pkg/files.go:452.64,453.15 1 1
github.com/bashfulrobot/configr/internal/pkg/files.go:453.15,456.3 2 0
github.com/bashfulrobot/configr/internal/pkg/files.go:459.2,460.16 2 1
github.com/bashfulrobot/configr/internal/pkg/files.go:460.16,462.3 1 0
github.com/bashfulrobot/configr/internal/pkg/files.go:464.2,466.61 2 1
github.com/bashfulrobot/configr/internal/pkg/files.go:466.61,468.3 1 0
github.com/bashfulrobot/configr/internal/pkg/files.go:470.2,470.12 1 1
github.com/bashfulrobot/configr/internal/pkg/files.go:476.84,477.32 1 1
github.com/bashfulrobot/configr/internal/pkg/files.go:477.32,479.17 2 1
github.com/bashfulrobot/configr/internal/pkg/files.go:479.17,481.4 1 0
github.com/bashfulrobot/configr/internal/pkg/files.go:483.3,486.58 2 1
github.com/bashfulrobot/configr/internal/pkg/files.go:486.58,488.4 1 0
github.com/bashfulrobot/configr/internal/pkg/files.go:491.3,491.43 1 1
github.com/bashfulrobot/configr/internal/pkg/files.go:491.43,492.25 1 0
github.com/bashfulrobot/configr/internal/pkg/files.go:492.25,494.5 1 0
github.com/bashfulrobot/configr/internal/pkg/files.go:498.2,498.12 1 1
github.com/bashfulrobot/configr/internal/pkg/files.go:502.63,504.48 1 1
github.com/bashfulrobot/configr/internal/pkg/files.go:504.48,506.7 2 0
github.com/bashfulrobot/configr/internal/pkg/files.go:506.7,508.42 2 0
github.com/bashfulrobot/configr/internal/pkg/files.go:508.42,509.10 1 0
github.com/bashfulrobot/configr/internal/pkg/files.go:511.4,511.45 1 0
github.com/bashfulrobot/configr/internal/pkg/files.go:511.45,514.5 1 0
github.com/bashfulrobot/configr/internal/pkg/files.go:515.4,515.20 1 0
github.com/bashfulrobot/configr/internal/pkg/files.go:520.2,520.32 1 1
github.com/bashfulrobot/configr/internal/pkg/files.go:524.58,528.16 3 1
github.com/bashfulrobot/configr/internal/pkg/files.go:528.16,530.3 1 0
github.com/bashfulrobot/configr/internal/pkg/files.go:531.2,533.12 3 1
github.com/bashfulrobot/configr/internal/pkg/files.go:537.71,538.29 1 0
github.com/bashfulrobot/configr/internal/pkg/files.go:538.29,541.3 2 0
github.com/bashfulrobot/configr/internal/pkg/files.go:543.2,545.37 2 0
github.com/bashfulrobot/configr/internal/pkg/files.go:545.37,546.45 1 0
github.com/bashfulrobot/configr/internal/pkg/files.go:546.45,549.4 2 0
github.com/bashfulrobot/configr/internal/pkg/files.go:552.2,553.12 2 0
github.com/bashfulrobot/configr/internal/pkg/files.go:557.59,562.24 3 0
github.com/bashfulrobot/configr/internal/pkg/files.go:562.24,565.3 2 0
github.com/bashfulrobot/configr/internal/pkg/files.go:566.2,566.16 1 0
github.com/bashfulrobot/configr/internal/pkg/files.go:566.16,568.3 1 0
github.com/bashfulrobot/configr/internal/pkg/files.go:571.2,572.42 2 0
github.com/bashfulrobot/configr/internal/pkg/files.go:572.42,580.3 2 0
github.com/bashfulrobot/configr/internal/pkg/files.go:583.2,583.20 1 0
github.com/bashfulrobot/configr/internal/pkg/files.go:583.20,584.66 1 0
github.com/bashfulrobot/configr/internal/pkg/files.go:584.66,587.4 2 0
github.com/bashfulrobot/configr/internal/pkg/files.go:591.2,591.21 1 0
github.com/bashfulrobot/configr/internal/pkg/files.go:591.21,592.83 1 0
github.com/bashfulrobot/configr/internal/pkg/files.go:592.83,595.4 1 0
github.com/bashfulrobot/configr/internal/pkg/files.go:595.9,595.22 1 0
github.com/bashfulrobot/configr/internal/pkg/files.go:595.22,598.4 2 0
github.com/bashfulrobot/configr/internal/pkg/files.go:601.2,601.15 1 0
github.com/bashfulrobot/configr/internal/pkg/files.go:601.15,604.3 2 0
github.com/bashfulrobot/configr/internal/pkg/files.go:607.2,607.52 1 0
github.com/bashfulrobot/configr/internal/pkg/files.go:607.52,609.3 1 0
github.com/bashfulrobot/configr/internal/pkg/files.go:611.2,614.27 2 0
github.com/bashfulrobot/configr/internal/pkg/files.go:614.27,615.53 1 0
github.com/bashfulrobot/configr/internal/pkg/files.go:615.53,618.4 1 0
github.com/bashfulrobot/configr/internal/pkg/files.go:621.2,621.12 1 0
github.com/bashfulrobot/configr/internal/pkg/files.go:625.70,627.16 2 0
github.com/bashfulrobot/configr/internal/pkg/files.go:627.16,629.3 1 0
github.com/bashfulrobot/configr/internal/pkg/files.go:632.2,632.116 1 0
github.com/bashfulrobot/configr/internal/pkg/files.go:632.116,634.3 1 0
github.com/bashfulrobot/configr/internal/pkg/files.go:636.2,636.12 1 0
github.com/bashfulrobot/configr/internal/pkg/files.go:640.94,650.16 2 0
github.com/bashfulrobot/configr/internal/pkg/files.go:650.16,652.3 1 0
github.com/bashfulrobot/configr/internal/pkg/files.go:655.2,655.52 1 0
github.com/bashfulrobot/configr/internal/pkg/files.go:655.52,657.3 1 0
github.com/bashfulrobot/configr/internal/pkg/files.go:661.2,661.18 1 0
github.com/bashfulrobot/configr/internal/pkg/files.go:665.67,667.60 1 0
github.com/bashfulrobot/configr/internal/pkg/files.go:667.60,670.3 2 0
github.com/bashfulrobot/configr/internal/pkg/files.go:672.2,675.40 2 0
github.com/bashfulrobot/configr/internal/pkg/files.go:675.40,680.17 2 0
github.com/bashfulrobot/configr/internal/pkg/files.go:680.17,683.4 2 0
github.com/bashfulrobot/configr/internal/pkg/files.go:685.3,685.20 1 0
github.com/bashfulrobot/configr/internal/pkg/files.go:685.20,687.4 1 0
github.com/bashfulrobot/configr/internal/pkg/files.go:690.2,690.12 1 0
github.com/bashfulrobot/configr/internal/pkg/files.go:694.88,697.15 2 0
github.com/bashfulrobot/configr/internal/pkg/files.go:697.15,700.3 2 0
github.com/bashfulrobot/configr/internal/pkg/files.go:703.2,703.55 1 0
github.com/bashfulrobot/configr/internal/pkg/files.go:703.55,705.3 1 0
github.com/bashfulrobot/configr/internal/pkg/files.go:708.2,709.52 2 0
github.com/bashfulrobot/configr/internal/pkg/files.go:709.52,711.3 1 0
github.com/bashfulrobot/configr/internal/pkg/files.go:714.2,714.57 1 0
github.com/bashfulrobot/configr/internal/pkg/files.go:714.57,716.56 2 0
github.com/bashfulrobot/configr/internal/pkg/files.go:716.56,718.4 1 0
github.com/bashfulrobot/configr/internal/pkg/files.go:722.2,722.67 1 0
github.com/bashfulrobot/configr/internal/pkg/files.go:722.67,724.3 1 0
github.com/bashfulrobot/configr/internal/pkg/files.go:726.2,727.12 2 0
github.com/bashfulrobot/configr/internal/pkg/files.go:731.76,734.36 2 0
github.com/bashfulrobot/configr/internal/pkg/files.go:734.36,735.28 1 0
github.com/bashfulrobot/configr/internal/pkg/files.go:735.28,736.12 1 0
github.com/bashfulrobot/configr/internal/pkg/files.go:740.3,740.61 1 0
github.com/bashfulrobot/configr/internal/pkg/files.go:740.61,742.12 2 0
github.com/bashfulrobot/configr/internal/pkg/files.go:746.3,746.55 1 0
github.com/bashfulrobot/configr/internal/pkg/files.go:746.55,748.12 2 0
github.com/bashfulrobot/configr/internal/pkg/files.go:751.3,751.81 1 0
github.com/bashfulrobot/configr/internal/pkg/files.go:751.81,754.4 2 0
github.com/bashfulrobot/configr/internal/pkg/files.go:754.9,756.4 1 0
github.com/bashfulrobot/configr/internal/pkg/files.go:759.2,759.18 1 0
github.com/bashfulrobot/configr/internal/pkg/files.go:759.18,761.3 1 0
github.com/bashfulrobot/configr/internal/pkg/files.go:763.2,763.16 1 0
github.com/bashfulrobot/configr/internal/pkg/files.go:763.16,765.3 1 0
github.com/bashfulrobot/configr/internal/pkg/files.go:767.2,767.12 1 0
github.com/bashfulrobot/configr/internal/pkg/files.go:771.77,774.36 2 0
github.com/bashfulrobot/configr/internal/pkg/files.go:774.36,775.28 1 0
github.com/bashfulrobot/configr/internal/pkg/files.go:775.28,776.12 1 0
github.com/bashfulrobot/configr/internal/pkg/files.go:779.3,780.25 2 0
github.com/bashfulrobot/configr/internal/pkg/files.go:780.25,781.12 1 0
github.com/bashfulrobot/configr/internal/pkg/files.go:785.3,786.63 2 0
github.com/bashfulrobot/configr/internal/pkg/files.go:786.63,788.4 1 0
github.com/bashfulrobot/configr/internal/pkg/files.go:790.3,799.36 2 0
github.com/bashfulrobot/configr/internal/pkg/files.go:802.2,802.16 1 0
github.com/bashfulrobot/configr/internal/pkg/files.go:806.102,812.36 4 0
github.com/bashfulrobot/configr/internal/pkg/files.go:812.36,813.28 1 0
github.com/bashfulrobot/configr/internal/pkg/files.go:813.28,814.12 1 0
github.com/bashfulrobot/configr/internal/pkg/files.go:817.3,818.25 2 0
github.com/bashfulrobot/configr/internal/pkg/files.go:818.25,819.12 1 0
github.com/bashfulrobot/configr/internal/pkg/files.go:821.3,821.17 1 0
github.com/bashfulrobot/configr/internal/pkg/files.go:821.17,823.12 2 0
github.com/bashfulrobot/configr/internal/pkg/files.go:827.3,827.46 1 0
github.com/bashfulrobot/configr/internal/pkg/files.go:827.46,828.17 1 0
github.com/bashfulrobot/configr/internal/pkg/files.go:828.17,831.13 3 0
github.com/bashfulrobot/configr/internal/pkg/files.go:834.4,835.53 2 0
github.com/bashfulrobot/configr/internal/pkg/files.go:835.53,838.5 2 0
github.com/bashfulrobot/configr/internal/pkg/files.go:838.10,840.5 1 0
github.com/bashfulrobot/configr/internal/pkg/files.go:844.2,844.31 1 0
github.com/bashfulrobot/configr/internal/pkg/files.go:844.31,846.3 1 0
github.com/bashfulrobot/configr/internal/pkg/files.go:848.2,848.16 1 0
github.com/bashfulrobot/configr/internal/pkg/files.go:848.16,850.3 1 0
github.com/bashfulrobot/configr/internal/pkg/files.go:852.2,852.12 1 0
github.com/bashfulrobot/configr/internal/pkg/files.go:856.90,861.36 3 0
github.com/bashfulrobot/configr/internal/pkg/files.go:861.36,862.28 1 0
github.com/bashfulrobot/configr/internal/pkg/files.go:862.28,864.4 1 0
github.com/bashfulrobot/configr/internal/pkg/files.go:868.2,874.33 2 0
github.com/bashfulrobot/configr/internal/pkg/files.go:874.33,876.20 1 0
github.com/bashfulrobot/configr/internal/pkg/files.go:876.20,878.18 2 0
github.com/bashfulrobot/configr/internal/pkg/files.go:878.18,879.13 1 0
github.com/bashfulrobot/configr/internal/pkg/files.go:881.4,881.41 1 0
github.com/bashfulrobot/configr/internal/pkg/files.go:884.3,885.17 2 0
github.com/bashfulrobot/configr/internal/pkg/files.go:885.17,887.12 2 0
github.com/bashfulrobot/configr/internal/pkg/files.go:890.3,890.57 1 0
github.com/bashfulrobot/configr/internal/pkg/files.go:893.2,893.29 1 0
github.com/bashfulrobot/configr/internal/pkg/files.go:897.109,900.81 2 0
github.com/bashfulrobot/configr/internal/pkg/files.go:900.81,901.17 1 0
github.com/bashfulrobot/configr/internal/pkg/files.go:901.17,903.4 1 0
github.com/bashfulrobot/configr/internal/pkg/files.go:906.3,906.19 1 0
github.com/bashfulrobot/configr/internal/pkg/files.go:906.19,908.4 1 0
github.com/bashfulrobot/configr/internal/pkg/files.go:911.3,911.66 1 0
github.com/bashfulrobot/configr/internal/pkg/files.go:911.66,913.4 1 0
github.com/bashfulrobot/configr/internal/pkg/files.go:915.3,915.13 1 0
github.com/bashfulrobot/configr/internal/pkg/files.go:918.2,918.22 1 0
github.com/bashfulrobot/configr/internal/pkg/files.go:922.82,927.45 2 0
github.com/bashfulrobot/configr/internal/pkg/files.go:927.45,929.3 1 0
github.com/bashfulrobot/configr/internal/pkg/files.go:932.2,933.21 2 0
github.com/bashfulrobot/configr/internal/pkg/files.go:933.21,935.3 1 0
github.com/bashfulrobot/configr/internal/pkg/files.go:937.2,939.26 2 0
github.com/bashfulrobot/configr/internal/pkg/files.go:939.26,941.3 1 0
github.com/bashfulrobot/configr/internal/pkg/files.go:944.2,944.25 1 0
github.com/bashfulrobot/configr/internal/pkg/files.go:944.25,946.3 1 0
github.com/bashfulrobot/configr/internal/pkg/files.go:948.2,948.13 1 0
github.com/bashfulrobot/configr/internal/pkg/files.go:952.99,964.36 3 0
github.com/bashfulrobot/configr/internal/pkg/files.go:964.36,965.28 1 0
github.com/bashfulrobot/configr/internal/pkg/files.go:965.28,966.12 1 0
github.com/bashfulrobot/configr/internal/pkg/files.go:969.3,970.25 2 0
github.com/bashfulrobot/configr/internal/pkg/files.go:970.25,971.12 1 0
github.com/bashfulrobot/configr/internal/pkg/files.go:973.3,973.17 1 0
github.com/bashfulrobot/configr/internal/pkg/files.go:973.17,974.12 1 0
github.com/bashfulrobot/configr/internal/pkg/files.go:977.3,981.54 3 0
[...]
github.com/bashfulrobot/configr/internal/pkg/snap.go:330.72,331.32 1 0
github.com/bashfulrobot/configr/internal/pkg/snap.go:331.32,333.3 1 0
github.com/bashfulrobot/configr/internal/pkg/snap.go:335.2,339.39 3 0
github.com/bashfulrobot/configr/internal/pkg/snap.go:339.39,340.63 1 0
github.com/bashfulrobot/configr/internal/pkg/snap.go:340.63,342.4 1 0
github.com/bashfulrobot/configr/internal/pkg/snap.go:342.9,342.23 1 0
github.com/bashfulrobot/configr/internal/pkg/snap.go:342.23,344.4 1 0
github.com/bashfulrobot/configr/internal/pkg/snap.go:347.2,347.33 1 0
github.com/bashfulrobot/configr/internal/pkg/snap.go:347.33,350.3 2 0
github.com/bashfulrobot/configr/internal/pkg/snap.go:353.2,353.40 1 0
github.com/bashfulrobot/configr/internal/pkg/snap.go:353.40,354.62 1 0
github.com/bashfulrobot/configr/internal/pkg/snap.go:354.62,357.4 2 0
github.com/bashfulrobot/configr/internal/pkg/snap.go:358.3,358.50 1 0
github.com/bashfulrobot/configr/internal/pkg/snap.go:361.2,361.12 1 0
github.com/bashfulrobot/configr/internal/pkg/snap.go:365.83,368.31 2 1
github.com/bashfulrobot/configr/internal/pkg/snap.go:368.31,369.58 1 1
github.com/bashfulrobot/configr/internal/pkg/snap.go:369.58,371.4 1 1
github.com/bashfulrobot/configr/internal/pkg/snap.go:374.2,374.12 1 1
github.com/bashfulrobot/configr/internal/pkg/snap.go:378.70,379.23 1 1
github.com/bashfulrobot/configr/internal/pkg/snap.go:379.23,381.3 1 1
github.com/bashfulrobot/configr/internal/pkg/snap.go:385.2,385.26 1 1
github.com/bashfulrobot/configr/internal/pkg/snap.go:385.26,387.3 1 1
github.com/bashfulrobot/configr/internal/pkg/snap.go:389.2,389.27 1 1
github.com/bashfulrobot/configr/internal/pkg/snap.go:389.27,391.3 1 1
github.com/bashfulrobot/configr/internal/pkg/snap.go:394.2,394.50 1 1
github.com/bashfulrobot/configr/internal/pkg/snap.go:394.50,396.3 1 1
github.com/bashfulrobot/configr/internal/pkg/snap.go:399.2,399.44 1 1
github.com/bashfulrobot/configr/internal/pkg/snap.go:399.44,401.3 1 1
github.com/bashfulrobot/configr/internal/pkg/snap.go:404.2,404.35 1 1
github.com/bashfulrobot/configr/internal/pkg/snap.go:404.35,405.85 1 1
github.com/bashfulrobot/configr/internal/pkg/snap.go:405.85,407.4 1 1
github.com/bashfulrobot/configr/internal/pkg/snap.go:411.2,411.41 1 1
github.com/bashfulrobot/configr/internal/pkg/snap.go:411.41,413.3 1 1
github.com/bashfulrobot/configr/internal/pkg/snap.go:415.2,415.12 1 1
github.com/bashfulrobot/configr/internal/pkg/snap.go:419.76,421.2 1 0
github.com/bashfulrobot/configr/internal/pkg/snap.go:424.75,426.2 1 0
github.com/bashfulrobot/configr/internal/pkg/snap.go:429.85,430.28 1 0
github.com/bashfulrobot/configr/internal/pkg/snap.go:430.28,433.3 1 0
github.com/bashfulrobot/configr/internal/pkg/snap.go:436.2,437.34 2 0
github.com/bashfulrobot/configr/internal/pkg/state.go:44.56,47.16 2 1
github.com/bashfulrobot/configr/internal/pkg/state.go:47.16,50.3 2 0
github.com/bashfulrobot/configr/internal/pkg/state.go:52.2,58.3 3 1
github.com/bashfulrobot/configr/internal/pkg/state.go:62.82,67.2 1 1
github.com/bashfulrobot/configr/internal/pkg/state.go:70.60,74.57 2 1
github.com/bashfulrobot/configr/internal/pkg/state.go:74.57,82.3 2 1
github.com/bashfulrobot/configr/internal/pkg/state.go:84.2,85.16 2 1
github.com/bashfulrobot/configr/internal/pkg/state.go:85.16,87.3 1 0
github.com/bashfulrobot/configr/internal/pkg/state.go:89.2,90.53 2 1
github.com/bashfulrobot/configr/internal/pkg/state.go:90.53,92.3 1 1
github.com/bashfulrobot/configr/internal/pkg/state.go:94.2,98.20 2 1
github.com/bashfulrobot/configr/internal/pkg/state.go:102.62,106.70 2 1
github.com/bashfulrobot/configr/internal/pkg/state.go:106.70,108.3 1 0
github.com/bashfulrobot/configr/internal/pkg/state.go:111.2,114.16 3 1
github.com/bashfulrobot/configr/internal/pkg/state.go:114.16,116.3 1 0
github.com/bashfulrobot/configr/internal/pkg/state.go:118.2,118.63 1 1
github.com/bashfulrobot/configr/internal/pkg/state.go:118.63,120.3 1 0
github.com/bashfulrobot/configr/internal/pkg/state.go:122.2,123.12 2 1
github.com/bashfulrobot/configr/internal/pkg/state.go:127.92,129.16 2 1
github.com/bashfulrobot/configr/internal/pkg/state.go:129.16,131.3 1 0
github.com/bashfulrobot/configr/internal/pkg/state.go:134.2,141.28 5 1
github.com/bashfulrobot/configr/internal/pkg/state.go:145.70,147.2 1 1
github.com/bashfulrobot/configr/internal/pkg/state.go:150.91,152.16 2 1
github.com/bashfulrobot/configr/internal/pkg/state.go:152.16,154.3 1 0
github.com/bashfulrobot/configr/internal/pkg/state.go:157.2,171.27 6 1
github.com/bashfulrobot/configr/internal/pkg/state.go:171.27,173.3 1 1
github.com/bashfulrobot/configr/internal/pkg/state.go:174.2,174.31 1 1
github.com/bashfulrobot/configr/internal/pkg/state.go:174.31,176.3 1 1
github.com/bashfulrobot/configr/internal/pkg/state.go:177.2,177.28 1 1
github.com/bashfulrobot/configr/internal/pkg/state.go:177.28,179.3 1 1
github.com/bashfulrobot/configr/internal/pkg/state.go:181.2,181.22 1 1
github.com/bashfulrobot/configr/internal/pkg/state.go:185.85,187.16 2 1
github.com/bashfulrobot/configr/internal/pkg/state.go:187.16,189.3 1 0
github.com/bashfulrobot/configr/internal/pkg/state.go:192.2,193.34 2 1
github.com/bashfulrobot/configr/internal/pkg/state.go:193.34,195.3 1 1
github.com/bashfulrobot/configr/internal/pkg/state.go:198.2,199.42 2 1
github.com/bashfulrobot/configr/internal/pkg/state.go:199.42,200.31 1 1
github.com/bashfulrobot/configr/internal/pkg/state.go:200.31,202.4 1 1
github.com/bashfulrobot/configr/internal/pkg/state.go:205.2,206.28 2 1
github.com/bashfulrobot/configr/internal/pkg/state.go:206.28,208.38 2 1
github.com/bashfulrobot/configr/internal/pkg/state.go:208.38,210.4 1 1
github.com/bashfulrobot/configr/internal/pkg/state.go:211.3,211.57 1 1
github.com/bashfulrobot/configr/internal/pkg/state.go:214.2,214.27 1 1
github.com/bashfulrobot/configr/internal/pkg/state.go:218.67,220.31 2 1
github.com/bashfulrobot/configr/internal/pkg/state.go:220.31,222.3 1 1
github.com/bashfulrobot/configr/internal/pkg/state.go:223.2,223.14 1 1
github.com/bashfulrobot/configr/internal/pkg/state.go:227.56,229.30 2 1
github.com/bashfulrobot/configr/internal/pkg/state.go:229.30,231.3 1 1
github.com/bashfulrobot/configr/internal/pkg/state.go:233.2,234.30 2 1
github.com/bashfulrobot/configr/internal/pkg/state.go:234.30,235.18 1 1
github.com/bashfulrobot/configr/internal/pkg/state.go:235.18,237.4 1 1
github.com/bashfulrobot/configr/internal/pkg/state.go:240.2,240.13 1 1
github.com/bashfulrobot/configr/internal/pkg/ux.go:33.63,47.2 1 1
github.com/bashfulrobot/configr/internal/pkg/ux.go:59.39,61.2 1 0
github.com/bashfulrobot/configr/internal/pkg/ux.go:63.65,64.27 1 0
github.com/bashfulrobot/configr/internal/pkg/ux.go:65.18,66.31 1 0
github.com/bashfulrobot/configr/internal/pkg/ux.go:66.31,68.4 1 0
github.com/bashfulrobot/configr/internal/pkg/ux.go:69.25,72.27 3 0
github.com/bashfulrobot/configr/internal/pkg/ux.go:72.27,75.4 2 0
github.com/bashfulrobot/configr/internal/pkg/ux.go:76.3,76.73 1 0
github.com/bashfulrobot/configr/internal/pkg/ux.go:77.24,79.21 2 0
github.com/bashfulrobot/configr/internal/pkg/ux.go:82.2,85.39 4 0
github.com/bashfulrobot/configr/internal/pkg/ux.go:88.38,89.18 1 0
github.com/bashfulrobot/configr/internal/pkg/ux.go:89.18,91.3 1 0
github.com/bashfulrobot/configr/internal/pkg/ux.go:93.2,93.12 1 0
github.com/bashfulrobot/configr/internal/pkg/ux.go:93.12,95.3 1 0
github.com/bashfulrobot/configr/internal/pkg/ux.go:97.2,100.3 1 0
github.com/bashfulrobot/configr/internal/pkg/ux.go:112.38,114.2 1 0
github.com/bashfulrobot/configr/internal/pkg/ux.go:116.64,117.27 1 0
github.com/bashfulrobot/configr/internal/pkg/ux.go:118.18,119.31 1 0
github.com/bashfulrobot/configr/internal/pkg/ux.go:119.31,121.4 1 0
github.com/bashfulrobot/configr/internal/pkg/ux.go:122.22,126.21 4 0
github.com/bashfulrobot/configr/internal/pkg/ux.go:127.24,131.16 4 0
github.com/bashfulrobot/configr/internal/pkg/ux.go:134.2,136.15 3 0
github.com/bashfulrobot/configr/internal/pkg/ux.go:139.37,140.12 1 0
github.com/bashfulrobot/configr/internal/pkg/ux.go:140.12,141.19 1 0
github.com/bashfulrobot/configr/internal/pkg/ux.go:141.19,143.4 1 0
github.com/bashfulrobot/configr/internal/pkg/ux.go:144.3,144.16 1 0
github.com/bashfulrobot/configr/internal/pkg/ux.go:144.16,146.4 1 0
github.com/bashfulrobot/configr/internal/pkg/ux.go:147.3,147.42 1 0
github.com/bashfulrobot/configr/internal/pkg/ux.go:150.2,150.58 1 0
github.com/bashfulrobot/configr/internal/pkg/ux.go:174.114,175.33 1 1
github.com/bashfulrobot/configr/internal/pkg/ux.go:175.33,179.3 2 0
github.com/bashfulrobot/configr/internal/pkg/ux.go:181.2,197.12 8 1
github.com/bashfulrobot/configr/internal/pkg/ux.go:197.12,198.36 1 1
github.com/bashfulrobot/configr/internal/pkg/ux.go:198.36,200.4 1 1
github.com/bashfulrobot/configr/internal/pkg/ux.go:204.2,204.12 1 1
github.com/bashfulrobot/configr/internal/pkg/ux.go:204.12,205.7 1 1
github.com/bashfulrobot/configr/internal/pkg/ux.go:205.7,206.11 1 1
github.com/bashfulrobot/configr/internal/pkg/ux.go:207.32,209.39 2 1
github.com/bashfulrobot/configr/internal/pkg/ux.go:209.39,211.6 1 1
github.com/bashfulrobot/configr/internal/pkg/ux.go:212.28,214.11 2 0
github.com/bashfulrobot/configr/internal/pkg/ux.go:219.2,219.33 1 1
github.com/bashfulrobot/configr/internal/pkg/ux.go:223.128,225.23 2 0
github.com/bashfulrobot/configr/internal/pkg/ux.go:225.23,227.3 1 0
github.com/bashfulrobot/configr/internal/pkg/ux.go:228.2,228.49 1 0
github.com/bashfulrobot/configr/internal/pkg/ux.go:232.138,234.20 2 0
github.com/bashfulrobot/configr/internal/pkg/ux.go:234.20,236.3 1 0
github.com/bashfulrobot/configr/internal/pkg/ux.go:237.2,237.46 1 0
github.com/bashfulrobot/configr/internal/pkg/ux.go:241.99,242.33 1 1
github.com/bashfulrobot/configr/internal/pkg/ux.go:242.33,246.3 2 0
github.com/bashfulrobot/configr/internal/pkg/ux.go:248.2,262.12 8 1
github.com/bashfulrobot/configr/internal/pkg/ux.go:262.12,263.36 1 1
github.com/bashfulrobot/configr/internal/pkg/ux.go:263.36,265.4 1 1
github.com/bashfulrobot/configr/internal/pkg/ux.go:269.2,269.12 1 1
github.com/bashfulrobot/configr/internal/pkg/ux.go:269.12,270.7 1 1
github.com/bashfulrobot/configr/internal/pkg/ux.go:270.7,271.11 1 1
github.com/bashfulrobot/configr/internal/pkg/ux.go:272.29,273.43 1 0
github.com/bashfulrobot/configr/internal/pkg/ux.go:274.28,276.11 2 1
github.com/bashfulrobot/configr/internal/pkg/ux.go:281.2,281.32 1 1
github.com/bashfulrobot/configr/internal/pkg/ux.go:285.82,290.12 3 0
github.com/bashfulrobot/configr/internal/pkg/ux.go:290.12,291.10 1 0
github.com/bashfulrobot/configr/internal/pkg/ux.go:292.27,293.19 1 0
github.com/bashfulrobot/configr/internal/pkg/ux.go:297.2,297.20 1 0
github.com/bashfulrobot/configr/internal/pkg/ux.go:301.111,304.2 2 0
github.com/bashfulrobot/configr/internal/pkg/ux.go:307.96,309.15 2 0
github.com/bashfulrobot/configr/internal/pkg/ux.go:309.15,311.3 1 0
github.com/bashfulrobot/configr/internal/pkg/ux.go:312.2,316.12 3 0
github.com/bashfulrobot/configr/internal/pkg/ux.go:316.12,317.10 1 0
github.com/bashfulrobot/configr/internal/pkg/ux.go:318.27,319.19 1 0
github.com/bashfulrobot/configr/internal/pkg/ux.go:323.2,323.20 1 0
github.com/bashfulrobot/configr/internal/pkg/ux.go:327.67,336.23 5 0
github.com/bashfulrobot/configr/internal/pkg/ux.go:336.23,338.3 1 0
github.com/bashfulrobot/configr/internal/pkg/ux.go:341.2,341.27 1 0
github.com/bashfulrobot/configr/internal/pkg/ux.go:341.27,343.40 2 0
github.com/bashfulrobot/configr/internal/pkg/ux.go:343.40,344.26 1 0
github.com/bashfulrobot/configr/internal/pkg/ux.go:344.26,346.25 2 0
github.com/bashfulrobot/configr/internal/pkg/ux.go:346.25,348.6 1 0
github.com/bashfulrobot/configr/internal/pkg/ux.go:349.5,349.30 1 0
github.com/bashfulrobot/configr/internal/pkg/ux.go:353.2,357.20 3 0
github.com/bashfulrobot/configr/internal/pkg/ux.go:357.20,360.36 2 0
github.com/bashfulrobot/configr/internal/pkg/ux.go:360.36,362.46 2 0
github.com/bashfulrobot/configr/internal/pkg/ux.go:362.46,363.23 1 0
github.com/bashfulrobot/configr/internal/pkg/ux.go:363.23,365.24 2 0
github.com/bashfulrobot/configr/internal/pkg/ux.go:365.24,367.7 1 0
github.com/bashfulrobot/configr/internal/pkg/ux.go:368.6,368.31 1 0
github.com/bashfulrobot/configr/internal/pkg/ux.go:369.11,369.30 1 0
github.com/bashfulrobot/configr/internal/pkg/ux.go:369.30,371.24 2 0
github.com/bashfulrobot/configr/internal/pkg/ux.go:371.24,373.7 1 0
github.com/bashfulrobot/configr/internal/pkg/ux.go:374.6,374.31 1 0
github.com/bashfulrobot/configr/internal/pkg/ux.go:379.3,379.40 1 0
github.com/bashfulrobot/configr/internal/pkg/ux.go:379.40,381.50 2 0
github.com/bashfulrobot/configr/internal/pkg/ux.go:381.50,383.18 2 0
github.com/bashfulrobot/configr/internal/pkg/ux.go:383.18,385.6 1 0
github.com/bashfulrobot/configr/internal/pkg/ux.go:385.11,387.6 1 0
github.com/bashfulrobot/configr/internal/pkg/ux.go:388.5,388.30 1 0
github.com/bashfulrobot/configr/internal/pkg/ux.go:391.3,391.28 1 0
github.com/bashfulrobot/configr/internal/pkg/ux.go:395.2,396.23 2 0
github.com/bashfulrobot/configr/internal/pkg/ux.go:396.23,399.32 2 0
github.com/bashfulrobot/configr/internal/pkg/ux.go:399.32,402.41 3 0
github.com/bashfulrobot/configr/internal/pkg/ux.go:402.41,403.44 1 0
github.com/bashfulrobot/configr/internal/pkg/ux.go:403.44,405.6 1 0
github.com/bashfulrobot/configr/internal/pkg/ux.go:407.4,407.20 1 0
github.com/bashfulrobot/configr/internal/pkg/ux.go:407.20,409.5 1 0
github.com/bashfulrobot/configr/internal/pkg/ux.go:410.4,410.29 1 0
github.com/bashfulrobot/configr/internal/pkg/ux.go:413.3,413.36 1 0
github.com/bashfulrobot/configr/internal/pkg/ux.go:413.36,415.4 1 0
github.com/bashfulrobot/configr/internal/pkg/ux.go:417.3,417.33 1 0
github.com/bashfulrobot/configr/internal/pkg/ux.go:417.33,420.42 3 0
github.com/bashfulrobot/configr/internal/pkg/ux.go:420.42,421.36 1 0
github.com/bashfulrobot/configr/internal/pkg/ux.go:421.36,422.29 1 0
github.com/bashfulrobot/configr/internal/pkg/ux.go:422.29,424.12 2 0
github.com/bashfulrobot/configr/internal/pkg/ux.go:428.4,428.24 1 0
github.com/bashfulrobot/configr/internal/pkg/ux.go:428.24,430.5 1 0
github.com/bashfulrobot/configr/internal/pkg/ux.go:431.4,431.29 1 0
github.com/bashfulrobot/configr/internal/pkg/ux.go:433.3,433.28 1 0
github.com/bashfulrobot/configr/internal/pkg/ux.go:437.2,437.24 1 0
github.com/bashfulrobot/configr/internal/pkg/ux.go:437.24,444.37 5 0
github.com/bashfulrobot/configr/internal/pkg/ux.go:444.37,446.17 2 0
github.com/bashfulrobot/configr/internal/pkg/ux.go:446.17,449.5 2 0
github.com/bashfulrobot/configr/internal/pkg/ux.go:449.10,451.5 1 0
github.com/bashfulrobot/configr/internal/pkg/ux.go:453.4,453.24 1 0
github.com/bashfulrobot/configr/internal/pkg/ux.go:453.24,455.5 1 0
github.com/bashfulrobot/configr/internal/pkg/ux.go:457.4,460.63 2 0
github.com/bashfulrobot/configr/internal/pkg/ux.go:460.63,462.24 2 0
github.com/bashfulrobot/configr/internal/pkg/ux.go:462.24,464.6 1 0
github.com/bashfulrobot/configr/internal/pkg/ux.go:465.5,465.25 1 0
github.com/bashfulrobot/configr/internal/pkg/ux.go:465.25,467.6 1 0
github.com/bashfulrobot/configr/internal/pkg/ux.go:468.5,468.25 1 0
github.com/bashfulrobot/configr/internal/pkg/ux.go:468.25,470.6 1 0
github.com/bashfulrobot/configr/internal/pkg/ux.go:471.5,471.105 1 0
github.com/bashfulrobot/configr/internal/pkg/ux.go:474.4,474.24 1 0
github.com/bashfulrobot/configr/internal/pkg/ux.go:474.24,476.5 1 0
github.com/bashfulrobot/configr/internal/pkg/ux.go:478.4,478.29 1 0
github.com/bashfulrobot/configr/internal/pkg/ux.go:482.3,483.27 2 0
github.com/bashfulrobot/configr/internal/pkg/ux.go:483.27,485.4 1 0
github.com/bashfulrobot/configr/internal/pkg/ux.go:486.3,486.30 1 0
github.com/bashfulrobot/configr/internal/pkg/ux.go:490.2,490.33 1 0
github.com/bashfulrobot/configr/internal/pkg/ux.go:490.33,495.47 3 0
github.com/bashfulrobot/configr/internal/pkg/ux.go:495.47,496.17 1 0
github.com/bashfulrobot/configr/internal/pkg/ux.go:496.17,498.24 2 0
github.com/bashfulrobot/configr/internal/pkg/ux.go:498.24,500.6 1 0
github.com/bashfulrobot/configr/internal/pkg/ux.go:501.5,502.12 2 0
github.com/bashfulrobot/configr/internal/pkg/ux.go:503.10,506.10 3 0
github.com/bashfulrobot/configr/internal/pkg/ux.go:509.3,509.28 1 0
github.com/bashfulrobot/configr/internal/pkg/ux.go:513.2,513.64 1 0
github.com/bashfulrobot/configr/internal/pkg/ux.go:513.64,515.51 2 0
github.com/bashfulrobot/configr/internal/pkg/ux.go:515.51,517.4 1 0
github.com/bashfulrobot/configr/internal/pkg/ux.go:518.3,518.28 1 0
github.com/bashfulrobot/configr/internal/pkg/ux.go:522.2,523.15 2 0
github.com/bashfulrobot/configr/internal/pkg/ux.go:523.15,525.3 1 0
github.com/bashfulrobot/configr/internal/pkg/ux.go:525.8,527.3 1 0
github.com/bashfulrobot/configr/internal/pkg/ux.go:529.2,529.25 1 0
github.com/bashfulrobot/configr/internal/pkg/ux.go:533.86,534.19 1 1
github.com/bashfulrobot/configr/internal/pkg/ux.go:534.19,536.3 1 0
github.com/bashfulrobot/configr/internal/pkg/ux.go:538.2,541.56 2 1
github.com/bashfulrobot/configr/internal/pkg/ux.go:541.56,544.3 2 0
github.com/bashfulrobot/configr/internal/pkg/ux.go:547.2,548.21 2 1
github.com/bashfulrobot/configr/internal/pkg/ux.go:548.21,550.29 2 0
github.com/bashfulrobot/configr/internal/pkg/ux.go:550.29,552.4 1 0
github.com/bashfulrobot/configr/internal/pkg/ux.go:553.3,553.31 1 0
github.com/bashfulrobot/configr/internal/pkg/ux.go:553.31,555.4 1 0
github.com/bashfulrobot/configr/internal/pkg/ux.go:557.3,557.110 1 0
github.com/bashfulrobot/configr/internal/pkg/ux.go:561.2,562.26 2 1
github.com/bashfulrobot/configr/internal/pkg/ux.go:562.26,564.3 1 1
github.com/bashfulrobot/configr/internal/pkg/ux.go:567.2,568.22 2 1
github.com/bashfulrobot/configr/internal/pkg/ux.go:568.22,570.3 1 0
github.com/bashfulrobot/configr/internal/pkg/ux.go:573.2,573.28 1 1
github.com/bashfulrobot/configr/internal/pkg/ux.go:573.28,576.3 2 0
github.com/bashfulrobot/configr/internal/pkg/ux.go:576.8,576.37 1 1
github.com/bashfulrobot/configr/internal/pkg/ux.go:576.37,579.3 2 0
github.com/bashfulrobot/configr/internal/pkg/ux.go:581.2,581.24 1 1
github.com/bashfulrobot/configr/internal/pkg/ux.go:585.93,586.77 1 1
github.com/bashfulrobot/configr/internal/pkg/ux.go:586.77,588.3 1 1
github.com/bashfulrobot/configr/internal/pkg/ux.go:590.2,592.28 2 0
github.com/bashfulrobot/configr/internal/pkg/ux.go:592.28,594.31 2 0
github.com/bashfulrobot/configr/internal/pkg/ux.go:594.31,596.4 1 0
github.com/bashfulrobot/configr/internal/pkg/ux.go:599.2,599.30 1 0
github.com/bashfulrobot/configr/internal/pkg/ux.go:599.30,601.3 1 0
github.com/bashfulrobot/configr/internal/pkg/ux.go:603.2,603.25 1 0
github.com/bashfulrobot/configr/internal/pkg/ux.go:607.51,609.80 1 1
github.com/bashfulrobot/configr/internal/pkg/ux.go:609.80,611.3 1 0
github.com/bashfulrobot/configr/internal/pkg/ux.go:614.2,615.31 2 1
github.com/bashfulrobot/configr/internal/pkg/ux.go:615.31,616.29 1 1
github.com/bashfulrobot/configr/internal/pkg/ux.go:616.29,618.4 1 0
github.com/bashfulrobot/configr/internal/pkg/ux.go:621.2,621.13 1 1
github.com/bashfulrobot/configr/internal/pkg/ux.go:625.88,626.33 1 1
github.com/bashfulrobot/configr/internal/pkg/ux.go:626.33,629.3 2 0
github.com/bashfulrobot/configr/internal/pkg/ux.go:631.2,636.12 4 1
github.com/bashfulrobot/configr/internal/pkg/ux.go:636.12,637.31 1 1
github.com/bashfulrobot/configr/internal/pkg/ux.go:637.31,638.11 1 1
github.com/bashfulrobot/configr/internal/pkg/ux.go:639.67,639.67 0 1
github.com/bashfulrobot/configr/internal/pkg/ux.go:640.35,642.11 1 0
github.com/bashfulrobot/configr/internal/pkg/ux.go:645.4,645.17 1 1
github.com/bashfulrobot/configr/internal/pkg/ux.go:645.17,647.5 1 1
github.com/bashfulrobot/configr/internal/pkg/ux.go:652.2,652.45 1 1
github.com/bashfulrobot/configr/internal/pkg/ux.go:656.92,657.33 1 1
github.com/bashfulrobot/configr/internal/pkg/ux.go:657.33,660.3 2 0
github.com/bashfulrobot/configr/internal/pkg/ux.go:662.2,665.12 3 1
github.com/bashfulrobot/configr/internal/pkg/ux.go:665.12,668.3 2 1
github.com/bashfulrobot/configr/internal/pkg/ux.go:671.2,671.45 1 1
