mode: set
github.com/bashfulrobot/configr/cmd/configr/apply.go:55.13,64.2 6 1
github.com/bashfulrobot/configr/cmd/configr/apply.go:66.56,75.30 2 0
github.com/bashfulrobot/configr/cmd/configr/apply.go:75.30,77.3 1 0
github.com/bashfulrobot/configr/cmd/configr/apply.go:80.2,87.19 3 0
github.com/bashfulrobot/configr/cmd/configr/apply.go:87.19,89.3 1 0
github.com/bashfulrobot/configr/cmd/configr/apply.go:89.8,89.44 1 0
github.com/bashfulrobot/configr/cmd/configr/apply.go:89.44,91.3 1 0
github.com/bashfulrobot/configr/cmd/configr/apply.go:91.8,95.17 3 0
github.com/bashfulrobot/configr/cmd/configr/apply.go:95.17,97.4 1 0
github.com/bashfulrobot/configr/cmd/configr/apply.go:101.2,108.21 5 0
github.com/bashfulrobot/configr/cmd/configr/apply.go:108.21,116.17 5 0
github.com/bashfulrobot/configr/cmd/configr/apply.go:116.17,117.26 1 0
github.com/bashfulrobot/configr/cmd/configr/apply.go:117.26,120.5 2 0
github.com/bashfulrobot/configr/cmd/configr/apply.go:121.4,121.73 1 0
github.com/bashfulrobot/configr/cmd/configr/apply.go:123.8,128.46 3 0
github.com/bashfulrobot/configr/cmd/configr/apply.go:128.46,129.26 1 0
github.com/bashfulrobot/configr/cmd/configr/apply.go:129.26,132.5 2 0
github.com/bashfulrobot/configr/cmd/configr/apply.go:133.4,133.60 1 0
github.com/bashfulrobot/configr/cmd/configr/apply.go:136.3,137.17 2 0
github.com/bashfulrobot/configr/cmd/configr/apply.go:137.17,138.26 1 0
github.com/bashfulrobot/configr/cmd/configr/apply.go:138.26,141.5 2 0
github.com/bashfulrobot/configr/cmd/configr/apply.go:142.4,142.55 1 0
github.com/bashfulrobot/configr/cmd/configr/apply.go:147.2,147.24 1 0
github.com/bashfulrobot/configr/cmd/configr/apply.go:147.24,150.3 2 0
github.com/bashfulrobot/configr/cmd/configr/apply.go:153.2,159.30 4 0
github.com/bashfulrobot/configr/cmd/configr/apply.go:159.30,162.3 2 0
github.com/bashfulrobot/configr/cmd/configr/apply.go:165.2,165.52 1 0
github.com/bashfulrobot/configr/cmd/configr/apply.go:165.52,167.25 2 0
github.com/bashfulrobot/configr/cmd/configr/apply.go:167.25,169.4 1 0
github.com/bashfulrobot/configr/cmd/configr/apply.go:173.2,173.17 1 0
github.com/bashfulrobot/configr/cmd/configr/apply.go:173.17,178.83 5 0
github.com/bashfulrobot/configr/cmd/configr/apply.go:178.83,181.4 2 0
github.com/bashfulrobot/configr/cmd/configr/apply.go:184.2,184.12 1 0
github.com/bashfulrobot/configr/cmd/configr/apply.go:184.12,186.3 1 0
github.com/bashfulrobot/configr/cmd/configr/apply.go:192.2,192.75 1 0
github.com/bashfulrobot/configr/cmd/configr/apply.go:192.75,194.3 1 0
github.com/bashfulrobot/configr/cmd/configr/apply.go:197.2,198.24 2 0
github.com/bashfulrobot/configr/cmd/configr/apply.go:198.24,203.22 3 0
github.com/bashfulrobot/configr/cmd/configr/apply.go:203.22,205.4 1 0
github.com/bashfulrobot/configr/cmd/configr/apply.go:208.3,208.72 1 0
github.com/bashfulrobot/configr/cmd/configr/apply.go:208.72,210.4 1 0
github.com/bashfulrobot/configr/cmd/configr/apply.go:212.3,214.17 3 0
github.com/bashfulrobot/configr/cmd/configr/apply.go:214.17,216.4 1 0
github.com/bashfulrobot/configr/cmd/configr/apply.go:220.2,220.115 1 0
github.com/bashfulrobot/configr/cmd/configr/apply.go:220.115,222.3 1 0
github.com/bashfulrobot/configr/cmd/configr/apply.go:225.2,225.33 1 0
github.com/bashfulrobot/configr/cmd/configr/apply.go:225.33,230.66 3 0
github.com/bashfulrobot/configr/cmd/configr/apply.go:230.66,232.4 1 0
github.com/bashfulrobot/configr/cmd/configr/apply.go:234.3,234.63 1 0
github.com/bashfulrobot/configr/cmd/configr/apply.go:234.63,236.4 1 0
github.com/bashfulrobot/configr/cmd/configr/apply.go:240.2,240.39 1 0
github.com/bashfulrobot/configr/cmd/configr/apply.go:240.39,244.49 3 0
github.com/bashfulrobot/configr/cmd/configr/apply.go:244.49,247.87 3 0
github.com/bashfulrobot/configr/cmd/configr/apply.go:247.87,250.5 1 0
github.com/bashfulrobot/configr/cmd/configr/apply.go:254.2,254.12 1 0
github.com/bashfulrobot/configr/cmd/configr/apply.go:254.12,256.3 1 0
github.com/bashfulrobot/configr/cmd/configr/apply.go:256.8,258.3 1 0
github.com/bashfulrobot/configr/cmd/configr/apply.go:260.2,260.12 1 0
github.com/bashfulrobot/configr/cmd/configr/apply.go:264.88,265.32 1 0
github.com/bashfulrobot/configr/cmd/configr/apply.go:265.32,268.3 2 0
github.com/bashfulrobot/configr/cmd/configr/apply.go:269.2,269.14 1 0
github.com/bashfulrobot/configr/cmd/configr/apply.go:273.39,282.35 2 0
github.com/bashfulrobot/configr/cmd/configr/apply.go:282.35,284.21 1 0
github.com/bashfulrobot/configr/cmd/configr/apply.go:284.21,286.18 2 0
github.com/bashfulrobot/configr/cmd/configr/apply.go:286.18,287.13 1 0
github.com/bashfulrobot/configr/cmd/configr/apply.go:289.4,289.40 1 0
github.com/bashfulrobot/configr/cmd/configr/apply.go:292.3,292.42 1 0
github.com/bashfulrobot/configr/cmd/configr/apply.go:292.42,294.4 1 0
github.com/bashfulrobot/configr/cmd/configr/apply.go:297.2,297.86 1 0
github.com/bashfulrobot/configr/cmd/configr/apply.go:301.165,307.16 3 0
github.com/bashfulrobot/configr/cmd/configr/apply.go:307.16,311.3 2 0
github.com/bashfulrobot/configr/cmd/configr/apply.go:314.2,315.16 2 0
github.com/bashfulrobot/configr/cmd/configr/apply.go:315.16,319.3 2 0
github.com/bashfulrobot/configr/cmd/configr/apply.go:322.2,322.20 1 0
github.com/bashfulrobot/configr/cmd/configr/apply.go:322.20,323.85 1 0
github.com/bashfulrobot/configr/cmd/configr/apply.go:323.85,325.4 1 0
github.com/bashfulrobot/configr/cmd/configr/apply.go:326.3,326.90 1 0
github.com/bashfulrobot/configr/cmd/configr/apply.go:326.90,328.4 1 0
github.com/bashfulrobot/configr/cmd/configr/apply.go:329.8,331.3 1 0
github.com/bashfulrobot/configr/cmd/configr/apply.go:333.2,333.31 1 0
github.com/bashfulrobot/configr/cmd/configr/apply.go:333.31,336.22 2 0
github.com/bashfulrobot/configr/cmd/configr/apply.go:336.22,339.101 3 0
github.com/bashfulrobot/configr/cmd/configr/apply.go:339.101,341.5 1 0
github.com/bashfulrobot/configr/cmd/configr/apply.go:342.9,344.92 2 0
github.com/bashfulrobot/configr/cmd/configr/apply.go:344.92,346.5 1 0
github.com/bashfulrobot/configr/cmd/configr/apply.go:351.2,351.35 1 0
github.com/bashfulrobot/configr/cmd/configr/apply.go:351.35,356.83 3 0
github.com/bashfulrobot/configr/cmd/configr/apply.go:356.83,358.4 1 0
github.com/bashfulrobot/configr/cmd/configr/apply.go:360.3,360.99 1 0
github.com/bashfulrobot/configr/cmd/configr/apply.go:360.99,362.4 1 0
github.com/bashfulrobot/configr/cmd/configr/apply.go:366.2,366.32 1 0
github.com/bashfulrobot/configr/cmd/configr/apply.go:366.32,371.77 3 0
github.com/bashfulrobot/configr/cmd/configr/apply.go:371.77,373.4 1 0
github.com/bashfulrobot/configr/cmd/configr/apply.go:375.3,375.93 1 0
github.com/bashfulrobot/configr/cmd/configr/apply.go:375.93,377.4 1 0
github.com/bashfulrobot/configr/cmd/configr/apply.go:381.2,381.13 1 0
github.com/bashfulrobot/configr/cmd/configr/apply.go:381.13,382.70 1 0
github.com/bashfulrobot/configr/cmd/configr/apply.go:382.70,385.4 1 0
github.com/bashfulrobot/configr/cmd/configr/apply.go:388.2,388.12 1 0
github.com/bashfulrobot/configr/cmd/configr/apply.go:392.110,394.35 1 0
github.com/bashfulrobot/configr/cmd/configr/apply.go:394.35,397.73 3 0
github.com/bashfulrobot/configr/cmd/configr/apply.go:397.73,399.4 1 0
github.com/bashfulrobot/configr/cmd/configr/apply.go:403.2,403.39 1 0
github.com/bashfulrobot/configr/cmd/configr/apply.go:403.39,406.81 3 0
github.com/bashfulrobot/configr/cmd/configr/apply.go:406.81,408.4 1 0
github.com/bashfulrobot/configr/cmd/configr/apply.go:412.2,412.36 1 0
github.com/bashfulrobot/configr/cmd/configr/apply.go:412.36,415.75 3 0
github.com/bashfulrobot/configr/cmd/configr/apply.go:415.75,417.4 1 0
github.com/bashfulrobot/configr/cmd/configr/apply.go:420.2,420.12 1 0
github.com/bashfulrobot/configr/cmd/configr/apply.go:424.119,425.29 1 0
github.com/bashfulrobot/configr/cmd/configr/apply.go:425.29,427.3 1 0
github.com/bashfulrobot/configr/cmd/configr/apply.go:429.2,432.47 3 0
github.com/bashfulrobot/configr/cmd/configr/apply.go:436.95,438.74 1 0
github.com/bashfulrobot/configr/cmd/configr/apply.go:438.74,441.3 2 0
github.com/bashfulrobot/configr/cmd/configr/apply.go:443.2,448.70 3 0
github.com/bashfulrobot/configr/cmd/configr/apply.go:448.70,450.3 1 0
github.com/bashfulrobot/configr/cmd/configr/apply.go:452.2,452.12 1 0
github.com/bashfulrobot/configr/cmd/configr/cache.go:48.13,55.2 4 1
github.com/bashfulrobot/configr/cmd/configr/cache.go:57.61,66.16 4 0
github.com/bashfulrobot/configr/cmd/configr/cache.go:66.16,68.3 1 0
github.com/bashfulrobot/configr/cmd/configr/cache.go:71.2,77.34 6 0
github.com/bashfulrobot/configr/cmd/configr/cache.go:77.34,79.3 1 0
github.com/bashfulrobot/configr/cmd/configr/cache.go:79.8,81.3 1 0
github.com/bashfulrobot/configr/cmd/configr/cache.go:83.2,83.27 1 0
github.com/bashfulrobot/configr/cmd/configr/cache.go:83.27,85.3 1 0
github.com/bashfulrobot/configr/cmd/configr/cache.go:85.8,87.3 1 0
github.com/bashfulrobot/configr/cmd/configr/cache.go:89.2,89.12 1 0
github.com/bashfulrobot/configr/cmd/configr/cache.go:92.61,103.16 4 0
github.com/bashfulrobot/configr/cmd/configr/cache.go:103.16,105.3 1 0
github.com/bashfulrobot/configr/cmd/configr/cache.go:107.2,107.50 1 0
github.com/bashfulrobot/configr/cmd/configr/cache.go:107.50,109.3 1 0
github.com/bashfulrobot/configr/cmd/configr/cache.go:111.2,111.42 1 0
github.com/bashfulrobot/configr/cmd/configr/cache.go:111.42,113.3 1 0
github.com/bashfulrobot/configr/cmd/configr/cache.go:113.8,115.3 1 0
github.com/bashfulrobot/configr/cmd/configr/cache.go:117.2,117.12 1 0
github.com/bashfulrobot/configr/cmd/configr/cache.go:120.60,129.16 4 0
github.com/bashfulrobot/configr/cmd/configr/cache.go:129.16,131.3 1 0
github.com/bashfulrobot/configr/cmd/configr/cache.go:133.2,152.12 17 0
github.com/bashfulrobot/configr/cmd/configr/cache.go:156.38,158.18 2 0
github.com/bashfulrobot/configr/cmd/configr/cache.go:158.18,160.3 1 0
github.com/bashfulrobot/configr/cmd/configr/cache.go:161.2,162.46 2 0
github.com/bashfulrobot/configr/cmd/configr/cache.go:162.46,165.3 2 0
github.com/bashfulrobot/configr/cmd/configr/cache.go:166.2,166.76 1 0
github.com/bashfulrobot/configr/cmd/configr/completion.go:34.54,37.16 2 0
github.com/bashfulrobot/configr/cmd/configr/completion.go:38.15,39.47 1 0
github.com/bashfulrobot/configr/cmd/configr/completion.go:40.14,41.46 1 0
github.com/bashfulrobot/configr/cmd/configr/completion.go:42.15,43.53 1 0
github.com/bashfulrobot/configr/cmd/configr/completion.go:44.21,45.61 1 0
github.com/bashfulrobot/configr/cmd/configr/completion.go:46.11,47.53 1 0
github.com/bashfulrobot/configr/cmd/configr/completion.go:52.13,56.143 2 1
github.com/bashfulrobot/configr/cmd/configr/completion.go:56.143,58.3 1 0
github.com/bashfulrobot/configr/cmd/configr/includes.go:43.13,49.2 4 1
github.com/bashfulrobot/configr/cmd/configr/includes.go:51.59,58.19 4 0
github.com/bashfulrobot/configr/cmd/configr/includes.go:58.19,60.3 1 0
github.com/bashfulrobot/configr/cmd/configr/includes.go:60.8,60.44 1 0
github.com/bashfulrobot/configr/cmd/configr/includes.go:60.44,62.3 1 0
github.com/bashfulrobot/configr/cmd/configr/includes.go:62.8,66.17 3 0
github.com/bashfulrobot/configr/cmd/configr/includes.go:66.17,68.4 1 0
github.com/bashfulrobot/configr/cmd/configr/includes.go:71.2,74.20 2 0
github.com/bashfulrobot/configr/cmd/configr/includes.go:74.20,75.49 1 0
github.com/bashfulrobot/configr/cmd/configr/includes.go:75.49,77.4 1 0
github.com/bashfulrobot/configr/cmd/configr/includes.go:78.3,78.16 1 0
github.com/bashfulrobot/configr/cmd/configr/includes.go:82.2,85.18 2 0
github.com/bashfulrobot/configr/cmd/configr/includes.go:85.18,87.3 1 0
github.com/bashfulrobot/configr/cmd/configr/includes.go:90.2,90.20 1 0
github.com/bashfulrobot/configr/cmd/configr/includes.go:90.20,92.3 1 0
github.com/bashfulrobot/configr/cmd/configr/includes.go:95.2,95.48 1 0
github.com/bashfulrobot/configr/cmd/configr/includes.go:98.36,106.27 5 0
github.com/bashfulrobot/configr/cmd/configr/includes.go:106.27,108.3 1 0
github.com/bashfulrobot/configr/cmd/configr/includes.go:109.2,111.27 2 0
github.com/bashfulrobot/configr/cmd/configr/includes.go:111.27,113.37 2 0
github.com/bashfulrobot/configr/cmd/configr/includes.go:113.37,115.4 1 0
github.com/bashfulrobot/configr/cmd/configr/includes.go:115.9,117.4 1 0
github.com/bashfulrobot/configr/cmd/configr/includes.go:120.2,120.12 1 0
github.com/bashfulrobot/configr/cmd/configr/includes.go:123.83,126.16 2 0
github.com/bashfulrobot/configr/cmd/configr/includes.go:126.16,128.3 1 0
github.com/bashfulrobot/configr/cmd/configr/includes.go:130.2,131.51 2 0
github.com/bashfulrobot/configr/cmd/configr/includes.go:131.51,133.3 1 0
github.com/bashfulrobot/configr/cmd/configr/includes.go:135.2,138.27 2 0
github.com/bashfulrobot/configr/cmd/configr/includes.go:138.27,140.37 2 0
github.com/bashfulrobot/configr/cmd/configr/includes.go:140.37,143.59 2 0
github.com/bashfulrobot/configr/cmd/configr/includes.go:143.59,145.5 1 0
github.com/bashfulrobot/configr/cmd/configr/includes.go:145.10,147.5 1 0
github.com/bashfulrobot/configr/cmd/configr/includes.go:149.8,151.3 1 0
github.com/bashfulrobot/configr/cmd/configr/includes.go:153.2,153.12 1 0
github.com/bashfulrobot/configr/cmd/configr/includes.go:156.78,162.2 2 0
github.com/bashfulrobot/configr/cmd/configr/includes.go:164.82,169.16 3 0
github.com/bashfulrobot/configr/cmd/configr/includes.go:169.16,171.3 1 0
github.com/bashfulrobot/configr/cmd/configr/includes.go:173.2,177.35 4 0
github.com/bashfulrobot/configr/cmd/configr/includes.go:177.35,180.17 2 0
github.com/bashfulrobot/configr/cmd/configr/includes.go:180.17,182.4 1 0
github.com/bashfulrobot/configr/cmd/configr/includes.go:183.3,183.41 1 0
github.com/bashfulrobot/configr/cmd/configr/includes.go:187.2,195.12 8 0
github.com/bashfulrobot/configr/cmd/configr/includes.go:198.58,201.21 2 0
github.com/bashfulrobot/configr/cmd/configr/includes.go:201.21,203.3 1 0
github.com/bashfulrobot/configr/cmd/configr/includes.go:205.2,205.19 1 0
github.com/bashfulrobot/configr/cmd/configr/includes.go:205.19,207.3 1 0
github.com/bashfulrobot/configr/cmd/configr/includes.go:209.2,209.30 1 0
github.com/bashfulrobot/configr/cmd/configr/includes.go:209.30,211.45 2 0
github.com/bashfulrobot/configr/cmd/configr/includes.go:211.45,213.4 1 0
github.com/bashfulrobot/configr/cmd/configr/includes.go:214.3,214.92 1 0
github.com/bashfulrobot/configr/cmd/configr/includes.go:217.2,217.28 1 0
github.com/bashfulrobot/configr/cmd/configr/includes.go:217.28,219.3 1 0
github.com/bashfulrobot/configr/cmd/configr/includes.go:221.2,221.34 1 0
github.com/bashfulrobot/configr/cmd/configr/init.go:63.47,78.38 10 0
github.com/bashfulrobot/configr/cmd/configr/init.go:78.38,79.37 1 0
github.com/bashfulrobot/configr/cmd/configr/init.go:79.37,81.16 2 0
github.com/bashfulrobot/configr/cmd/configr/init.go:81.16,83.6 1 0
github.com/bashfulrobot/configr/cmd/configr/init.go:84.10,89.5 4 0
github.com/bashfulrobot/configr/cmd/configr/init.go:93.3,94.38 2 0
github.com/bashfulrobot/configr/cmd/configr/init.go:94.38,95.37 1 0
github.com/bashfulrobot/configr/cmd/configr/init.go:95.37,97.16 2 0
github.com/bashfulrobot/configr/cmd/configr/init.go:97.16,99.6 1 0
github.com/bashfulrobot/configr/cmd/configr/init.go:100.10,104.5 3 0
github.com/bashfulrobot/configr/cmd/configr/init.go:108.3,108.31 1 0
github.com/bashfulrobot/configr/cmd/configr/init.go:108.31,110.41 2 0
github.com/bashfulrobot/configr/cmd/configr/init.go:110.41,111.31 1 0
github.com/bashfulrobot/configr/cmd/configr/init.go:111.31,113.6 1 0
github.com/bashfulrobot/configr/cmd/configr/init.go:113.11,115.6 1 0
github.com/bashfulrobot/configr/cmd/configr/init.go:118.4,118.36 1 0
github.com/bashfulrobot/configr/cmd/configr/init.go:118.36,120.42 2 0
github.com/bashfulrobot/configr/cmd/configr/init.go:120.42,121.32 1 0
github.com/bashfulrobot/configr/cmd/configr/init.go:121.32,122.62 1 0
github.com/bashfulrobot/configr/cmd/configr/init.go:122.62,124.8 1 0
github.com/bashfulrobot/configr/cmd/configr/init.go:124.13,126.8 1 0
github.com/bashfulrobot/configr/cmd/configr/init.go:133.3,133.45 1 0
github.com/bashfulrobot/configr/cmd/configr/init.go:133.45,135.41 2 0
github.com/bashfulrobot/configr/cmd/configr/init.go:135.41,137.5 1 0
github.com/bashfulrobot/configr/cmd/configr/init.go:139.4,139.22 1 0
github.com/bashfulrobot/configr/cmd/configr/init.go:139.22,141.42 2 0
github.com/bashfulrobot/configr/cmd/configr/init.go:141.42,142.61 1 0
github.com/bashfulrobot/configr/cmd/configr/init.go:142.61,144.7 1 0
github.com/bashfulrobot/configr/cmd/configr/init.go:144.12,146.7 1 0
github.com/bashfulrobot/configr/cmd/configr/init.go:148.10,150.5 1 0
github.com/bashfulrobot/configr/cmd/configr/init.go:154.3,155.53 2 0
github.com/bashfulrobot/configr/cmd/configr/init.go:155.53,157.4 1 0
github.com/bashfulrobot/configr/cmd/configr/init.go:157.9,157.31 1 0
github.com/bashfulrobot/configr/cmd/configr/init.go:157.31,160.4 2 0
github.com/bashfulrobot/configr/cmd/configr/init.go:160.9,163.4 2 0
github.com/bashfulrobot/configr/cmd/configr/init.go:165.3,165.14 1 0
github.com/bashfulrobot/configr/cmd/configr/init.go:165.14,167.4 1 0
github.com/bashfulrobot/configr/cmd/configr/init.go:171.43,174.2 2 1
github.com/bashfulrobot/configr/cmd/configr/init.go:176.41,178.16 2 1
github.com/bashfulrobot/configr/cmd/configr/init.go:178.16,180.3 1 1
github.com/bashfulrobot/configr/cmd/configr/init.go:181.2,181.13 1 1
github.com/bashfulrobot/configr/cmd/configr/init.go:184.47,188.23 2 0
github.com/bashfulrobot/configr/cmd/configr/init.go:188.23,195.3 5 0
github.com/bashfulrobot/configr/cmd/configr/init.go:195.8,201.3 4 0
github.com/bashfulrobot/configr/cmd/configr/init.go:204.13,209.2 4 1
github.com/bashfulrobot/configr/cmd/configr/man.go:24.54,26.20 2 1
github.com/bashfulrobot/configr/cmd/configr/man.go:26.20,28.4 1 1
github.com/bashfulrobot/configr/cmd/configr/man.go:28.9,31.18 2 1
github.com/bashfulrobot/configr/cmd/configr/man.go:31.18,33.5 1 0
github.com/bashfulrobot/configr/cmd/configr/man.go:34.4,35.60 2 1
github.com/bashfulrobot/configr/cmd/configr/man.go:39.3,39.51 1 1
github.com/bashfulrobot/configr/cmd/configr/man.go:39.51,41.4 1 1
github.com/bashfulrobot/configr/cmd/configr/man.go:44.3,45.17 2 1
github.com/bashfulrobot/configr/cmd/configr/man.go:45.17,47.4 1 0
github.com/bashfulrobot/configr/cmd/configr/man.go:50.3,58.78 4 1
github.com/bashfulrobot/configr/cmd/configr/man.go:58.78,60.4 1 0
github.com/bashfulrobot/configr/cmd/configr/man.go:63.3,63.45 1 1
github.com/bashfulrobot/configr/cmd/configr/man.go:63.45,64.31 1 1
github.com/bashfulrobot/configr/cmd/configr/man.go:64.31,65.13 1 1
github.com/bashfulrobot/configr/cmd/configr/man.go:68.4,69.18 2 1
github.com/bashfulrobot/configr/cmd/configr/man.go:69.18,71.13 2 0
github.com/bashfulrobot/configr/cmd/configr/man.go:74.4,79.81 4 1
github.com/bashfulrobot/configr/cmd/configr/man.go:79.81,81.13 2 0
github.com/bashfulrobot/configr/cmd/configr/man.go:86.3,87.17 2 1
github.com/bashfulrobot/configr/cmd/configr/man.go:87.17,89.4 1 0
github.com/bashfulrobot/configr/cmd/configr/man.go:91.3,92.30 2 1
github.com/bashfulrobot/configr/cmd/configr/man.go:92.30,94.4 1 1
github.com/bashfulrobot/configr/cmd/configr/man.go:97.3,97.21 1 1
github.com/bashfulrobot/configr/cmd/configr/man.go:97.21,101.4 3 1
github.com/bashfulrobot/configr/cmd/configr/man.go:103.3,103.13 1 1
github.com/bashfulrobot/configr/cmd/configr/man.go:107.13,109.2 1 1
github.com/bashfulrobot/configr/cmd/configr/packages.go:110.13,126.2 13 1
github.com/bashfulrobot/configr/cmd/configr/packages.go:128.64,144.47 6 0
github.com/bashfulrobot/configr/cmd/configr/packages.go:144.47,147.17 3 0
github.com/bashfulrobot/configr/cmd/configr/packages.go:147.17,149.4 1 0
github.com/bashfulrobot/configr/cmd/configr/packages.go:149.9,150.36 1 0
github.com/bashfulrobot/configr/cmd/configr/packages.go:150.36,155.5 1 0
github.com/bashfulrobot/configr/cmd/configr/packages.go:160.2,160.51 1 0
github.com/bashfulrobot/configr/cmd/configr/packages.go:160.51,163.17 3 0
github.com/bashfulrobot/configr/cmd/configr/packages.go:163.17,165.4 1 0
github.com/bashfulrobot/configr/cmd/configr/packages.go:165.9,166.40 1 0
github.com/bashfulrobot/configr/cmd/configr/packages.go:166.40,171.5 1 0
github.com/bashfulrobot/configr/cmd/configr/packages.go:176.2,176.48 1 0
github.com/bashfulrobot/configr/cmd/configr/packages.go:176.48,179.17 3 0
github.com/bashfulrobot/configr/cmd/configr/packages.go:179.17,181.4 1 0
github.com/bashfulrobot/configr/cmd/configr/packages.go:181.9,182.37 1 0
github.com/bashfulrobot/configr/cmd/configr/packages.go:182.37,187.5 1 0
github.com/bashfulrobot/configr/cmd/configr/packages.go:192.2,192.27 1 0
github.com/bashfulrobot/configr/cmd/configr/packages.go:192.27,195.3 2 0
github.com/bashfulrobot/configr/cmd/configr/packages.go:197.2,204.34 5 0
github.com/bashfulrobot/configr/cmd/configr/packages.go:204.34,205.22 1 0
github.com/bashfulrobot/configr/cmd/configr/packages.go:206.14,207.47 1 0
github.com/bashfulrobot/configr/cmd/configr/packages.go:208.18,209.55 1 0
github.com/bashfulrobot/configr/cmd/configr/packages.go:210.15,211.49 1 0
github.com/bashfulrobot/configr/cmd/configr/packages.go:215.2,215.26 1 0
github.com/bashfulrobot/configr/cmd/configr/packages.go:215.26,217.35 2 0
github.com/bashfulrobot/configr/cmd/configr/packages.go:217.35,219.4 1 0
github.com/bashfulrobot/configr/cmd/configr/packages.go:220.3,220.18 1 0
github.com/bashfulrobot/configr/cmd/configr/packages.go:223.2,223.30 1 0
github.com/bashfulrobot/configr/cmd/configr/packages.go:223.30,225.39 2 0
github.com/bashfulrobot/configr/cmd/configr/packages.go:225.39,227.4 1 0
github.com/bashfulrobot/configr/cmd/configr/packages.go:228.3,228.18 1 0
github.com/bashfulrobot/configr/cmd/configr/packages.go:231.2,231.27 1 0
github.com/bashfulrobot/configr/cmd/configr/packages.go:231.27,233.36 2 0
github.com/bashfulrobot/configr/cmd/configr/packages.go:233.36,235.4 1 0
github.com/bashfulrobot/configr/cmd/configr/packages.go:236.3,236.18 1 0
github.com/bashfulrobot/configr/cmd/configr/packages.go:239.2,239.12 1 0
github.com/bashfulrobot/configr/cmd/configr/packages.go:242.62,256.23 5 0
github.com/bashfulrobot/configr/cmd/configr/packages.go:256.23,257.86 1 0
github.com/bashfulrobot/configr/cmd/configr/packages.go:257.86,259.4 1 0
github.com/bashfulrobot/configr/cmd/configr/packages.go:259.9,259.48 1 0
github.com/bashfulrobot/configr/cmd/configr/packages.go:259.48,261.4 1 0
github.com/bashfulrobot/configr/cmd/configr/packages.go:261.10,263.4 0 0
github.com/bashfulrobot/configr/cmd/configr/packages.go:266.2,271.47 4 0
github.com/bashfulrobot/configr/cmd/configr/packages.go:271.47,274.31 3 0
github.com/bashfulrobot/configr/cmd/configr/packages.go:274.31,276.4 1 0
github.com/bashfulrobot/configr/cmd/configr/packages.go:280.2,280.75 1 0
github.com/bashfulrobot/configr/cmd/configr/packages.go:280.75,283.31 3 0
github.com/bashfulrobot/configr/cmd/configr/packages.go:283.31,285.4 1 0
github.com/bashfulrobot/configr/cmd/configr/packages.go:289.2,289.72 1 0
github.com/bashfulrobot/configr/cmd/configr/packages.go:289.72,292.31 3 0
github.com/bashfulrobot/configr/cmd/configr/packages.go:292.31,294.4 1 0
github.com/bashfulrobot/configr/cmd/configr/packages.go:297.2,297.24 1 0
github.com/bashfulrobot/configr/cmd/configr/packages.go:297.24,298.24 1 0
github.com/bashfulrobot/configr/cmd/configr/packages.go:298.24,300.4 1 0
github.com/bashfulrobot/configr/cmd/configr/packages.go:300.9,302.4 1 0
github.com/bashfulrobot/configr/cmd/configr/packages.go:303.3,303.13 1 0
github.com/bashfulrobot/configr/cmd/configr/packages.go:307.2,317.12 5 0
github.com/bashfulrobot/configr/cmd/configr/packages.go:320.62,329.20 3 0
github.com/bashfulrobot/configr/cmd/configr/packages.go:329.20,331.3 1 0
github.com/bashfulrobot/configr/cmd/configr/packages.go:331.8,333.3 1 0
github.com/bashfulrobot/configr/cmd/configr/packages.go:336.2,336.47 1 0
github.com/bashfulrobot/configr/cmd/configr/packages.go:336.47,339.21 2 0
github.com/bashfulrobot/configr/cmd/configr/packages.go:339.21,341.18 2 0
github.com/bashfulrobot/configr/cmd/configr/packages.go:341.18,343.5 1 0
github.com/bashfulrobot/configr/cmd/configr/packages.go:343.10,343.32 1 0
github.com/bashfulrobot/configr/cmd/configr/packages.go:343.32,345.34 2 0
github.com/bashfulrobot/configr/cmd/configr/packages.go:345.34,347.6 1 0
github.com/bashfulrobot/configr/cmd/configr/packages.go:348.5,348.18 1 0
github.com/bashfulrobot/configr/cmd/configr/packages.go:350.9,355.4 3 0
github.com/bashfulrobot/configr/cmd/configr/packages.go:359.2,359.51 1 0
github.com/bashfulrobot/configr/cmd/configr/packages.go:359.51,362.17 3 0
github.com/bashfulrobot/configr/cmd/configr/packages.go:362.17,364.4 1 0
github.com/bashfulrobot/configr/cmd/configr/packages.go:364.9,364.31 1 0
github.com/bashfulrobot/configr/cmd/configr/packages.go:364.31,366.33 2 0
github.com/bashfulrobot/configr/cmd/configr/packages.go:366.33,368.5 1 0
github.com/bashfulrobot/configr/cmd/configr/packages.go:369.4,369.17 1 0
github.com/bashfulrobot/configr/cmd/configr/packages.go:374.2,374.48 1 0
github.com/bashfulrobot/configr/cmd/configr/packages.go:374.48,377.17 3 0
github.com/bashfulrobot/configr/cmd/configr/packages.go:377.17,379.4 1 0
github.com/bashfulrobot/configr/cmd/configr/packages.go:379.9,379.31 1 0
github.com/bashfulrobot/configr/cmd/configr/packages.go:379.31,381.33 2 0
github.com/bashfulrobot/configr/cmd/configr/packages.go:381.33,383.5 1 0
github.com/bashfulrobot/configr/cmd/configr/packages.go:384.4,384.17 1 0
github.com/bashfulrobot/configr/cmd/configr/packages.go:388.2,388.12 1 0
github.com/bashfulrobot/configr/cmd/configr/packages.go:391.65,400.20 3 0
github.com/bashfulrobot/configr/cmd/configr/packages.go:400.20,402.3 1 0
github.com/bashfulrobot/configr/cmd/configr/packages.go:402.8,404.3 1 0
github.com/bashfulrobot/configr/cmd/configr/packages.go:407.2,414.47 2 0
github.com/bashfulrobot/configr/cmd/configr/packages.go:414.47,418.17 4 0
github.com/bashfulrobot/configr/cmd/configr/packages.go:418.17,420.4 1 0
github.com/bashfulrobot/configr/cmd/configr/packages.go:420.9,422.4 1 0
github.com/bashfulrobot/configr/cmd/configr/packages.go:423.3,423.16 1 0
github.com/bashfulrobot/configr/cmd/configr/packages.go:427.2,427.51 1 0
github.com/bashfulrobot/configr/cmd/configr/packages.go:427.51,431.17 4 0
github.com/bashfulrobot/configr/cmd/configr/packages.go:431.17,433.4 1 0
github.com/bashfulrobot/configr/cmd/configr/packages.go:433.9,435.4 1 0
github.com/bashfulrobot/configr/cmd/configr/packages.go:436.3,436.16 1 0
github.com/bashfulrobot/configr/cmd/configr/packages.go:440.2,440.48 1 0
github.com/bashfulrobot/configr/cmd/configr/packages.go:440.48,444.17 4 0
github.com/bashfulrobot/configr/cmd/configr/packages.go:444.17,446.4 1 0
github.com/bashfulrobot/configr/cmd/configr/packages.go:446.9,448.4 1 0
github.com/bashfulrobot/configr/cmd/configr/packages.go:449.3,449.16 1 0
github.com/bashfulrobot/configr/cmd/configr/packages.go:452.2,452.12 1 0
github.com/bashfulrobot/configr/cmd/configr/packages.go:455.62,471.14 6 0
github.com/bashfulrobot/configr/cmd/configr/packages.go:471.14,476.17 4 0
github.com/bashfulrobot/configr/cmd/configr/packages.go:476.17,478.4 1 0
github.com/bashfulrobot/configr/cmd/configr/packages.go:480.3,480.28 1 0
github.com/bashfulrobot/configr/cmd/configr/packages.go:480.28,483.4 2 0
github.com/bashfulrobot/configr/cmd/configr/packages.go:485.3,486.35 2 0
github.com/bashfulrobot/configr/cmd/configr/packages.go:486.35,487.26 1 0
github.com/bashfulrobot/configr/cmd/configr/packages.go:487.26,489.5 1 0
github.com/bashfulrobot/configr/cmd/configr/packages.go:489.10,491.5 1 0
github.com/bashfulrobot/configr/cmd/configr/packages.go:493.3,495.13 2 0
github.com/bashfulrobot/configr/cmd/configr/packages.go:499.2,501.16 3 0
github.com/bashfulrobot/configr/cmd/configr/packages.go:501.16,503.3 1 0
github.com/bashfulrobot/configr/cmd/configr/packages.go:505.2,505.28 1 0
github.com/bashfulrobot/configr/cmd/configr/packages.go:505.28,508.3 2 0
github.com/bashfulrobot/configr/cmd/configr/packages.go:510.2,512.14 2 0
github.com/bashfulrobot/configr/cmd/configr/packages.go:512.14,514.36 2 0
github.com/bashfulrobot/configr/cmd/configr/packages.go:514.36,515.32 1 0
github.com/bashfulrobot/configr/cmd/configr/packages.go:515.32,517.5 1 0
github.com/bashfulrobot/configr/cmd/configr/packages.go:517.10,519.5 1 0
github.com/bashfulrobot/configr/cmd/configr/packages.go:521.8,522.36 1 0
github.com/bashfulrobot/configr/cmd/configr/packages.go:522.36,524.4 1 0
github.com/bashfulrobot/configr/cmd/configr/packages.go:527.2,530.12 3 0
github.com/bashfulrobot/configr/cmd/configr/restore.go:53.13,66.2 10 1
github.com/bashfulrobot/configr/cmd/configr/restore.go:68.58,77.48 2 0
github.com/bashfulrobot/configr/cmd/configr/restore.go:77.48,79.3 1 0
github.com/bashfulrobot/configr/cmd/configr/restore.go:82.2,83.20 2 0
github.com/bashfulrobot/configr/cmd/configr/restore.go:83.20,86.17 3 0
github.com/bashfulrobot/configr/cmd/configr/restore.go:86.17,88.4 1 0
github.com/bashfulrobot/configr/cmd/configr/restore.go:92.2,96.16 3 0
github.com/bashfulrobot/configr/cmd/configr/restore.go:96.16,102.3 2 0
github.com/bashfulrobot/configr/cmd/configr/restore.go:105.2,106.19 2 0
github.com/bashfulrobot/configr/cmd/configr/restore.go:106.19,108.3 1 0
github.com/bashfulrobot/configr/cmd/configr/restore.go:108.8,111.3 1 0
github.com/bashfulrobot/configr/cmd/configr/restore.go:113.2,117.17 3 0
github.com/bashfulrobot/configr/cmd/configr/restore.go:117.17,119.3 1 0
github.com/bashfulrobot/configr/cmd/configr/restore.go:120.2,120.16 1 0
github.com/bashfulrobot/configr/cmd/configr/restore.go:120.16,122.3 1 0
github.com/bashfulrobot/configr/cmd/configr/restore.go:123.2,123.23 1 0
github.com/bashfulrobot/configr/cmd/configr/restore.go:123.23,125.3 1 0
github.com/bashfulrobot/configr/cmd/configr/restore.go:126.2,126.20 1 0
github.com/bashfulrobot/configr/cmd/configr/restore.go:126.20,128.3 1 0
github.com/bashfulrobot/configr/cmd/configr/restore.go:129.2,129.21 1 0
github.com/bashfulrobot/configr/cmd/configr/restore.go:129.21,131.3 1 0
github.com/bashfulrobot/configr/cmd/configr/restore.go:132.2,132.15 1 0
github.com/bashfulrobot/configr/cmd/configr/restore.go:132.15,134.3 1 0
github.com/bashfulrobot/configr/cmd/configr/restore.go:136.2,136.25 1 0
github.com/bashfulrobot/configr/cmd/configr/restore.go:136.25,138.3 1 0
github.com/bashfulrobot/configr/cmd/configr/restore.go:139.2,139.24 1 0
github.com/bashfulrobot/configr/cmd/configr/restore.go:139.24,141.3 1 0
github.com/bashfulrobot/configr/cmd/configr/restore.go:144.2,144.9 1 0
github.com/bashfulrobot/configr/cmd/configr/restore.go:145.19,146.64 1 0
github.com/bashfulrobot/configr/cmd/configr/restore.go:147.18,148.61 1 0
github.com/bashfulrobot/configr/cmd/configr/restore.go:149.25,150.76 1 0
github.com/bashfulrobot/configr/cmd/configr/restore.go:151.22,152.73 1 0
github.com/bashfulrobot/configr/cmd/configr/restore.go:153.23,154.66 1 0
github.com/bashfulrobot/configr/cmd/configr/restore.go:155.17,156.64 1 0
github.com/bashfulrobot/configr/cmd/configr/restore.go:159.2,159.12 1 0
github.com/bashfulrobot/configr/cmd/configr/restore.go:163.115,166.23 2 0
github.com/bashfulrobot/configr/cmd/configr/restore.go:166.23,169.3 2 0
github.com/bashfulrobot/configr/cmd/configr/restore.go:171.2,173.33 2 0
github.com/bashfulrobot/configr/cmd/configr/restore.go:173.33,180.28 6 0
github.com/bashfulrobot/configr/cmd/configr/restore.go:180.28,182.4 1 0
github.com/bashfulrobot/configr/cmd/configr/restore.go:182.9,184.4 1 0
github.com/bashfulrobot/configr/cmd/configr/restore.go:185.3,185.16 1 0
github.com/bashfulrobot/configr/cmd/configr/restore.go:188.2,188.12 1 0
github.com/bashfulrobot/configr/cmd/configr/restore.go:192.112,195.23 2 0
github.com/bashfulrobot/configr/cmd/configr/restore.go:195.23,198.3 2 0
github.com/bashfulrobot/configr/cmd/configr/restore.go:200.2,201.33 2 0
github.com/bashfulrobot/configr/cmd/configr/restore.go:201.33,202.29 1 0
github.com/bashfulrobot/configr/cmd/configr/restore.go:202.29,204.4 1 0
github.com/bashfulrobot/configr/cmd/configr/restore.go:207.2,207.21 1 0
github.com/bashfulrobot/configr/cmd/configr/restore.go:207.21,210.3 2 0
github.com/bashfulrobot/configr/cmd/configr/restore.go:212.2,214.52 2 0
github.com/bashfulrobot/configr/cmd/configr/restore.go:218.131,221.36 2 0
github.com/bashfulrobot/configr/cmd/configr/restore.go:221.36,222.28 1 0
github.com/bashfulrobot/configr/cmd/configr/restore.go:222.28,224.9 2 0
github.com/bashfulrobot/configr/cmd/configr/restore.go:228.2,228.23 1 0
github.com/bashfulrobot/configr/cmd/configr/restore.go:228.23,230.3 1 0
github.com/bashfulrobot/configr/cmd/configr/restore.go:232.2,232.33 1 0
github.com/bashfulrobot/configr/cmd/configr/restore.go:232.33,234.3 1 0
github.com/bashfulrobot/configr/cmd/configr/restore.go:237.2,237.66 1 0
github.com/bashfulrobot/configr/cmd/configr/restore.go:237.66,239.3 1 0
github.com/bashfulrobot/configr/cmd/configr/restore.go:241.2,243.85 2 0
github.com/bashfulrobot/configr/cmd/configr/restore.go:247.138,249.2 1 0
github.com/bashfulrobot/configr/cmd/configr/restore.go:252.117,254.2 1 0
github.com/bashfulrobot/configr/cmd/configr/restore.go:257.115,259.16 2 0
github.com/bashfulrobot/configr/cmd/configr/restore.go:259.16,261.3 1 0
github.com/bashfulrobot/configr/cmd/configr/restore.go:263.2,268.28 5 0
github.com/bashfulrobot/configr/cmd/configr/restore.go:268.28,273.51 4 0
github.com/bashfulrobot/configr/cmd/configr/restore.go:273.51,274.17 1 0
github.com/bashfulrobot/configr/cmd/configr/restore.go:274.17,276.5 1 0
github.com/bashfulrobot/configr/cmd/configr/restore.go:278.8,280.3 1 0
github.com/bashfulrobot/configr/cmd/configr/restore.go:282.2,282.12 1 0
github.com/bashfulrobot/configr/cmd/configr/restore.go:286.41,288.18 2 0
github.com/bashfulrobot/configr/cmd/configr/restore.go:288.18,290.3 1 0
github.com/bashfulrobot/configr/cmd/configr/restore.go:291.2,292.46 2 0
github.com/bashfulrobot/configr/cmd/configr/restore.go:292.46,295.3 2 0
github.com/bashfulrobot/configr/cmd/configr/restore.go:296.2,297.46 1 0
github.com/bashfulrobot/configr/cmd/configr/restore.go:301.59,303.9 1 0
github.com/bashfulrobot/configr/cmd/configr/restore.go:304.27,305.41 1 0
github.com/bashfulrobot/configr/cmd/configr/restore.go:306.42,310.17 3 0
github.com/bashfulrobot/configr/cmd/configr/restore.go:310.17,312.4 1 0
github.com/bashfulrobot/configr/cmd/configr/restore.go:313.3,313.24 1 0
github.com/bashfulrobot/configr/cmd/configr/restore.go:314.10,316.39 1 0
github.com/bashfulrobot/configr/cmd/configr/root.go:29.16,31.16 2 0
github.com/bashfulrobot/configr/cmd/configr/root.go:31.16,33.3 1 0
github.com/bashfulrobot/configr/cmd/configr/root.go:37.34,39.2 1 1
github.com/bashfulrobot/configr/cmd/configr/root.go:41.13,53.2 7 1
github.com/bashfulrobot/configr/cmd/configr/root.go:55.19,57.63 1 1
github.com/bashfulrobot/configr/cmd/configr/root.go:57.63,59.3 1 0
github.com/bashfulrobot/configr/cmd/configr/root.go:59.8,59.70 1 1
github.com/bashfulrobot/configr/cmd/configr/root.go:59.70,62.3 1 0
github.com/bashfulrobot/configr/cmd/configr/root.go:62.8,73.3 7 1
github.com/bashfulrobot/configr/cmd/configr/root.go:76.2,85.47 8 1
github.com/bashfulrobot/configr/cmd/configr/validate.go:21.47,27.20 3 0
github.com/bashfulrobot/configr/cmd/configr/validate.go:27.20,29.4 1 0
github.com/bashfulrobot/configr/cmd/configr/validate.go:32.3,32.46 1 0
github.com/bashfulrobot/configr/cmd/configr/validate.go:32.46,35.4 2 0
github.com/bashfulrobot/configr/cmd/configr/validate.go:37.3,41.17 3 0
github.com/bashfulrobot/configr/cmd/configr/validate.go:41.17,44.4 2 0
github.com/bashfulrobot/configr/cmd/configr/validate.go:47.3,50.25 2 0
github.com/bashfulrobot/configr/cmd/configr/validate.go:50.25,54.4 3 0
github.com/bashfulrobot/configr/cmd/configr/validate.go:56.3,56.31 1 0
github.com/bashfulrobot/configr/cmd/configr/validate.go:56.31,58.4 1 0
github.com/bashfulrobot/configr/cmd/configr/validate.go:60.3,62.14 2 0
github.com/bashfulrobot/configr/cmd/configr/validate.go:62.14,67.4 3 0
github.com/bashfulrobot/configr/cmd/configr/validate.go:71.13,74.2 2 1
github.com/bashfulrobot/configr/internal/config/advanced_loader.go:22.42,29.2 2 1
github.com/bashfulrobot/configr/internal/config/advanced_loader.go:32.99,36.2 3 1
github.com/bashfulrobot/configr/internal/config/advanced_loader.go:39.123,42.16 2 1
github.com/bashfulrobot/configr/internal/config/advanced_loader.go:42.16,44.3 1 0
github.com/bashfulrobot/configr/internal/config/advanced_loader.go:46.2,46.25 1 1
github.com/bashfulrobot/configr/internal/config/advanced_loader.go:46.25,48.3 1 0
github.com/bashfulrobot/configr/internal/config/advanced_loader.go:49.2,50.15 2 1
github.com/bashfulrobot/configr/internal/config/advanced_loader.go:50.15,50.46 1 1
github.com/bashfulrobot/configr/internal/config/advanced_loader.go:53.2,54.16 2 1
github.com/bashfulrobot/configr/internal/config/advanced_loader.go:54.16,56.3 1 0
github.com/bashfulrobot/configr/internal/config/advanced_loader.go:58.2,59.54 2 1
github.com/bashfulrobot/configr/internal/config/advanced_loader.go:59.54,61.3 1 1
github.com/bashfulrobot/configr/internal/config/advanced_loader.go:63.2,67.30 3 1
github.com/bashfulrobot/configr/internal/config/advanced_loader.go:67.30,68.47 1 1
github.com/bashfulrobot/configr/internal/config/advanced_loader.go:68.47,70.54 1 1
github.com/bashfulrobot/configr/internal/config/advanced_loader.go:70.54,71.13 1 0
github.com/bashfulrobot/configr/internal/config/advanced_loader.go:75.4,77.18 2 1
github.com/bashfulrobot/configr/internal/config/advanced_loader.go:77.18,78.29 1 0
github.com/bashfulrobot/configr/internal/config/advanced_loader.go:78.29,79.14 1 0
github.com/bashfulrobot/configr/internal/config/advanced_loader.go:81.5,81.91 1 0
github.com/bashfulrobot/configr/internal/config/advanced_loader.go:84.4,84.46 1 1
github.com/bashfulrobot/configr/internal/config/advanced_loader.go:84.46,86.19 2 1
github.com/bashfulrobot/configr/internal/config/advanced_loader.go:86.19,87.30 1 0
github.com/bashfulrobot/configr/internal/config/advanced_loader.go:87.30,88.15 1 0
github.com/bashfulrobot/configr/internal/config/advanced_loader.go:90.6,90.93 1 0
github.com/bashfulrobot/configr/internal/config/advanced_loader.go:93.5,94.65 2 1
github.com/bashfulrobot/configr/internal/config/advanced_loader.go:94.65,96.6 1 0
github.com/bashfulrobot/configr/internal/config/advanced_loader.go:101.2,101.34 1 1
github.com/bashfulrobot/configr/internal/config/advanced_loader.go:105.116,107.116 1 1
github.com/bashfulrobot/configr/internal/config/advanced_loader.go:107.116,109.3 1 0
github.com/bashfulrobot/configr/internal/config/advanced_loader.go:112.2,113.16 2 1
github.com/bashfulrobot/configr/internal/config/advanced_loader.go:113.16,114.15 1 0
github.com/bashfulrobot/configr/internal/config/advanced_loader.go:114.15,116.4 1 0
github.com/bashfulrobot/configr/internal/config/advanced_loader.go:117.3,117.18 1 0
github.com/bashfulrobot/configr/internal/config/advanced_loader.go:120.2,120.36 1 1
github.com/bashfulrobot/configr/internal/config/advanced_loader.go:124.104,128.16 3 1
github.com/bashfulrobot/configr/internal/config/advanced_loader.go:128.16,130.3 1 1
github.com/bashfulrobot/configr/internal/config/advanced_loader.go:132.2,132.23 1 1
github.com/bashfulrobot/configr/internal/config/advanced_loader.go:132.23,133.15 1 1
github.com/bashfulrobot/configr/internal/config/advanced_loader.go:133.15,135.4 1 1
github.com/bashfulrobot/configr/internal/config/advanced_loader.go:136.3,136.69 1 1
github.com/bashfulrobot/configr/internal/config/advanced_loader.go:140.2,141.32 2 1
github.com/bashfulrobot/configr/internal/config/advanced_loader.go:141.32,143.17 2 1
github.com/bashfulrobot/configr/internal/config/advanced_loader.go:143.17,144.12 1 0
github.com/bashfulrobot/configr/internal/config/advanced_loader.go:147.3,147.19 1 1
github.com/bashfulrobot/configr/internal/config/advanced_loader.go:147.19,150.50 2 0
github.com/bashfulrobot/configr/internal/config/advanced_loader.go:150.50,152.5 1 0
github.com/bashfulrobot/configr/internal/config/advanced_loader.go:153.9,153.117 1 1
github.com/bashfulrobot/configr/internal/config/advanced_loader.go:153.117,155.4 1 1
github.com/bashfulrobot/configr/internal/config/advanced_loader.go:158.2,158.39 1 1
github.com/bashfulrobot/configr/internal/config/advanced_loader.go:158.39,160.3 1 0
github.com/bashfulrobot/configr/internal/config/advanced_loader.go:162.2,162.24 1 1
github.com/bashfulrobot/configr/internal/config/advanced_loader.go:166.82,167.26 1 1
github.com/bashfulrobot/configr/internal/config/advanced_loader.go:167.26,169.3 1 1
github.com/bashfulrobot/configr/internal/config/advanced_loader.go:171.2,171.39 1 0
github.com/bashfulrobot/configr/internal/config/advanced_loader.go:171.39,172.39 1 0
github.com/bashfulrobot/configr/internal/config/advanced_loader.go:172.39,174.4 1 0
github.com/bashfulrobot/configr/internal/config/advanced_loader.go:177.2,177.13 1 0
github.com/bashfulrobot/configr/internal/config/advanced_loader.go:181.78,183.20 2 1
github.com/bashfulrobot/configr/internal/config/advanced_loader.go:183.20,185.3 1 1
github.com/bashfulrobot/configr/internal/config/advanced_loader.go:187.2,189.24 2 1
github.com/bashfulrobot/configr/internal/config/advanced_loader.go:190.12,191.26 1 1
github.com/bashfulrobot/configr/internal/config/advanced_loader.go:192.18,193.28 1 1
github.com/bashfulrobot/configr/internal/config/advanced_loader.go:194.13,196.45 1 1
github.com/bashfulrobot/configr/internal/config/advanced_loader.go:196.45,202.4 5 0
github.com/bashfulrobot/configr/internal/config/advanced_loader.go:204.3,206.16 3 1
github.com/bashfulrobot/configr/internal/config/advanced_loader.go:207.21,210.20 2 1
github.com/bashfulrobot/configr/internal/config/advanced_loader.go:211.20,214.36 2 0
github.com/bashfulrobot/configr/internal/config/advanced_loader.go:215.10,216.15 1 0
github.com/bashfulrobot/configr/internal/config/advanced_loader.go:219.2,219.65 1 1
github.com/bashfulrobot/configr/internal/config/advanced_loader.go:223.81,224.18 1 1
github.com/bashfulrobot/configr/internal/config/advanced_loader.go:225.16,226.28 1 1
github.com/bashfulrobot/configr/internal/config/advanced_loader.go:227.18,228.44 1 1
github.com/bashfulrobot/configr/internal/config/advanced_loader.go:229.17,231.31 2 1
github.com/bashfulrobot/configr/internal/config/advanced_loader.go:232.20,233.28 1 1
github.com/bashfulrobot/configr/internal/config/advanced_loader.go:234.22,235.45 1 1
github.com/bashfulrobot/configr/internal/config/advanced_loader.go:236.10,237.28 1 1
github.com/bashfulrobot/configr/internal/config/advanced_loader.go:242.71,244.21 1 1
github.com/bashfulrobot/configr/internal/config/advanced_loader.go:244.21,246.3 1 1
github.com/bashfulrobot/configr/internal/config/advanced_loader.go:249.2,249.44 1 1
github.com/bashfulrobot/configr/internal/config/advanced_loader.go:249.44,250.57 1 1
github.com/bashfulrobot/configr/internal/config/advanced_loader.go:250.57,252.4 1 1
github.com/bashfulrobot/configr/internal/config/advanced_loader.go:255.2,255.12 1 1
github.com/bashfulrobot/configr/internal/config/advanced_loader.go:259.79,260.26 1 1
github.com/bashfulrobot/configr/internal/config/advanced_loader.go:260.26,262.3 1 1
github.com/bashfulrobot/configr/internal/config/advanced_loader.go:264.2,266.39 3 1
github.com/bashfulrobot/configr/internal/config/advanced_loader.go:266.39,267.34 1 1
github.com/bashfulrobot/configr/internal/config/advanced_loader.go:267.34,269.9 2 1
github.com/bashfulrobot/configr/internal/config/advanced_loader.go:273.2,273.16 1 1
github.com/bashfulrobot/configr/internal/config/advanced_loader.go:273.16,275.3 1 1
github.com/bashfulrobot/configr/internal/config/advanced_loader.go:277.2,277.27 1 1
github.com/bashfulrobot/configr/internal/config/advanced_loader.go:277.27,279.3 1 1
github.com/bashfulrobot/configr/internal/config/advanced_loader.go:282.2,282.30 1 1
github.com/bashfulrobot/configr/internal/config/advanced_loader.go:282.30,285.42 3 1
github.com/bashfulrobot/configr/internal/config/advanced_loader.go:285.42,286.37 1 1
github.com/bashfulrobot/configr/internal/config/advanced_loader.go:286.37,288.10 2 1
github.com/bashfulrobot/configr/internal/config/advanced_loader.go:292.3,292.21 1 1
github.com/bashfulrobot/configr/internal/config/advanced_loader.go:292.21,294.4 1 1
github.com/bashfulrobot/configr/internal/config/advanced_loader.go:297.2,297.12 1 1
github.com/bashfulrobot/configr/internal/config/advanced_loader.go:301.61,310.37 7 1
github.com/bashfulrobot/configr/internal/config/advanced_loader.go:310.37,311.47 1 1
github.com/bashfulrobot/configr/internal/config/advanced_loader.go:311.47,313.4 1 1
github.com/bashfulrobot/configr/internal/config/advanced_loader.go:316.2,316.13 1 1
github.com/bashfulrobot/configr/internal/config/config.go:10.30,11.45 1 1
github.com/bashfulrobot/configr/internal/config/config.go:11.45,13.3 1 1
github.com/bashfulrobot/configr/internal/config/config.go:16.2,17.16 2 0
github.com/bashfulrobot/configr/internal/config/config.go:17.16,19.3 1 0
github.com/bashfulrobot/configr/internal/config/config.go:22.2,23.24 2 0
github.com/bashfulrobot/configr/internal/config/config.go:23.24,27.3 1 0
github.com/bashfulrobot/configr/internal/config/config.go:30.2,30.30 1 0
github.com/bashfulrobot/configr/internal/config/config.go:30.30,35.3 1 0
github.com/bashfulrobot/configr/internal/config/config.go:37.2,37.20 1 0
github.com/bashfulrobot/configr/internal/config/config.go:41.29,43.2 1 1
github.com/bashfulrobot/configr/internal/config/config.go:46.27,48.2 1 1
github.com/bashfulrobot/configr/internal/config/defaults.go:17.47,18.59 1 1
github.com/bashfulrobot/configr/internal/config/defaults.go:18.59,23.3 3 1
github.com/bashfulrobot/configr/internal/config/defaults.go:24.2,24.19 1 1
github.com/bashfulrobot/configr/internal/config/defaults.go:28.43,31.2 2 1
github.com/bashfulrobot/configr/internal/config/defaults.go:34.45,36.43 2 1
github.com/bashfulrobot/configr/internal/config/defaults.go:36.43,38.3 1 1
github.com/bashfulrobot/configr/internal/config/defaults.go:39.2,39.17 1 1
github.com/bashfulrobot/configr/internal/config/formatter_enhanced.go:26.48,37.2 1 0
github.com/bashfulrobot/configr/internal/config/formatter_enhanced.go:40.94,41.58 1 0
github.com/bashfulrobot/configr/internal/config/formatter_enhanced.go:41.58,43.3 1 0
github.com/bashfulrobot/configr/internal/config/formatter_enhanced.go:45.2,48.36 2 0
github.com/bashfulrobot/configr/internal/config/formatter_enhanced.go:48.36,49.12 1 0
github.com/bashfulrobot/configr/internal/config/formatter_enhanced.go:49.12,51.4 1 0
github.com/bashfulrobot/configr/internal/config/formatter_enhanced.go:52.3,52.50 1 0
github.com/bashfulrobot/configr/internal/config/formatter_enhanced.go:56.2,56.56 1 0
github.com/bashfulrobot/configr/internal/config/formatter_enhanced.go:56.56,58.3 1 0
github.com/bashfulrobot/configr/internal/config/formatter_enhanced.go:61.2,61.42 1 0
github.com/bashfulrobot/configr/internal/config/formatter_enhanced.go:61.42,62.12 1 0
github.com/bashfulrobot/configr/internal/config/formatter_enhanced.go:62.12,64.4 1 0
github.com/bashfulrobot/configr/internal/config/formatter_enhanced.go:65.3,65.56 1 0
github.com/bashfulrobot/configr/internal/config/formatter_enhanced.go:69.2,69.56 1 0
github.com/bashfulrobot/configr/internal/config/formatter_enhanced.go:69.56,72.29 2 0
github.com/bashfulrobot/configr/internal/config/formatter_enhanced.go:72.29,74.32 2 0
github.com/bashfulrobot/configr/internal/config/formatter_enhanced.go:74.32,76.5 1 0
github.com/bashfulrobot/configr/internal/config/formatter_enhanced.go:77.4,77.60 1 0
github.com/bashfulrobot/configr/internal/config/formatter_enhanced.go:78.9,78.38 1 0
github.com/bashfulrobot/configr/internal/config/formatter_enhanced.go:78.38,81.4 2 0
github.com/bashfulrobot/configr/internal/config/formatter_enhanced.go:83.3,83.230 1 0
github.com/bashfulrobot/configr/internal/config/formatter_enhanced.go:86.2,86.24 1 0
github.com/bashfulrobot/configr/internal/config/formatter_enhanced.go:89.78,96.36 3 0
github.com/bashfulrobot/configr/internal/config/formatter_enhanced.go:96.36,101.82 3 0
github.com/bashfulrobot/configr/internal/config/formatter_enhanced.go:101.82,103.4 1 0
github.com/bashfulrobot/configr/internal/config/formatter_enhanced.go:104.8,104.27 1 0
github.com/bashfulrobot/configr/internal/config/formatter_enhanced.go:104.27,106.3 1 0
github.com/bashfulrobot/configr/internal/config/formatter_enhanced.go:109.2,109.21 1 0
github.com/bashfulrobot/configr/internal/config/formatter_enhanced.go:109.21,111.22 2 0
github.com/bashfulrobot/configr/internal/config/formatter_enhanced.go:111.22,121.4 6 0
github.com/bashfulrobot/configr/internal/config/formatter_enhanced.go:121.9,123.25 2 0
github.com/bashfulrobot/configr/internal/config/formatter_enhanced.go:123.25,125.5 1 0
github.com/bashfulrobot/configr/internal/config/formatter_enhanced.go:127.3,127.32 1 0
github.com/bashfulrobot/configr/internal/config/formatter_enhanced.go:131.2,131.20 1 0
github.com/bashfulrobot/configr/internal/config/formatter_enhanced.go:131.20,133.3 1 0
github.com/bashfulrobot/configr/internal/config/formatter_enhanced.go:136.2,136.20 1 0
github.com/bashfulrobot/configr/internal/config/formatter_enhanced.go:136.20,138.3 1 0
github.com/bashfulrobot/configr/internal/config/formatter_enhanced.go:141.2,141.26 1 0
github.com/bashfulrobot/configr/internal/config/formatter_enhanced.go:141.26,143.85 2 0
github.com/bashfulrobot/configr/internal/config/formatter_enhanced.go:143.85,146.4 1 0
github.com/bashfulrobot/configr/internal/config/formatter_enhanced.go:146.9,148.4 1 0
github.com/bashfulrobot/configr/internal/config/formatter_enhanced.go:151.2,153.24 2 0
github.com/bashfulrobot/configr/internal/config/formatter_enhanced.go:156.84,163.44 3 0
github.com/bashfulrobot/configr/internal/config/formatter_enhanced.go:163.44,168.94 3 0
github.com/bashfulrobot/configr/internal/config/formatter_enhanced.go:168.94,170.4 1 0
github.com/bashfulrobot/configr/internal/config/formatter_enhanced.go:171.8,171.31 1 0
github.com/bashfulrobot/configr/internal/config/formatter_enhanced.go:171.31,173.3 1 0
github.com/bashfulrobot/configr/internal/config/formatter_enhanced.go:176.2,176.25 1 0
github.com/bashfulrobot/configr/internal/config/formatter_enhanced.go:176.25,178.26 2 0
github.com/bashfulrobot/configr/internal/config/formatter_enhanced.go:178.26,186.4 5 0
github.com/bashfulrobot/configr/internal/config/formatter_enhanced.go:186.9,188.29 2 0
github.com/bashfulrobot/configr/internal/config/formatter_enhanced.go:188.29,190.5 1 0
github.com/bashfulrobot/configr/internal/config/formatter_enhanced.go:192.3,192.32 1 0
github.com/bashfulrobot/configr/internal/config/formatter_enhanced.go:196.2,196.24 1 0
github.com/bashfulrobot/configr/internal/config/formatter_enhanced.go:196.24,198.3 1 0
github.com/bashfulrobot/configr/internal/config/formatter_enhanced.go:201.2,201.24 1 0
github.com/bashfulrobot/configr/internal/config/formatter_enhanced.go:201.24,203.3 1 0
github.com/bashfulrobot/configr/internal/config/formatter_enhanced.go:205.2,207.24 2 0
github.com/bashfulrobot/configr/internal/config/formatter_enhanced.go:211.87,213.16 2 0
github.com/bashfulrobot/configr/internal/config/formatter_enhanced.go:213.16,215.3 1 0
github.com/bashfulrobot/configr/internal/config/formatter_enhanced.go:217.2,218.36 2 0
github.com/bashfulrobot/configr/internal/config/formatter_enhanced.go:218.36,220.3 1 0
github.com/bashfulrobot/configr/internal/config/formatter_enhanced.go:222.2,231.40 5 0
github.com/bashfulrobot/configr/internal/config/formatter_enhanced.go:231.40,233.22 2 0
github.com/bashfulrobot/configr/internal/config/formatter_enhanced.go:233.22,235.4 1 0
github.com/bashfulrobot/configr/internal/config/formatter_enhanced.go:237.3,239.16 2 0
github.com/bashfulrobot/configr/internal/config/formatter_enhanced.go:239.16,246.48 2 0
github.com/bashfulrobot/configr/internal/config/formatter_enhanced.go:246.48,248.19 2 0
github.com/bashfulrobot/configr/internal/config/formatter_enhanced.go:248.19,250.6 1 0
github.com/bashfulrobot/configr/internal/config/formatter_enhanced.go:251.5,252.50 1 0
github.com/bashfulrobot/configr/internal/config/formatter_enhanced.go:254.9,258.4 1 0
github.com/bashfulrobot/configr/internal/config/formatter_enhanced.go:261.2,261.24 1 0
github.com/bashfulrobot/configr/internal/config/formatter_enhanced.go:265.77,269.29 3 0
github.com/bashfulrobot/configr/internal/config/formatter_enhanced.go:269.29,270.36 1 0
github.com/bashfulrobot/configr/internal/config/formatter_enhanced.go:270.36,272.4 1 0
github.com/bashfulrobot/configr/internal/config/formatter_enhanced.go:275.2,275.27 1 0
github.com/bashfulrobot/configr/internal/config/formatter_enhanced.go:279.86,280.29 1 0
github.com/bashfulrobot/configr/internal/config/formatter_enhanced.go:280.29,282.3 1 0
github.com/bashfulrobot/configr/internal/config/formatter_enhanced.go:284.2,289.36 5 0
github.com/bashfulrobot/configr/internal/config/formatter_enhanced.go:289.36,290.20 1 0
github.com/bashfulrobot/configr/internal/config/formatter_enhanced.go:290.20,294.9 3 0
github.com/bashfulrobot/configr/internal/config/formatter_enhanced.go:297.3,298.16 2 0
github.com/bashfulrobot/configr/internal/config/formatter_enhanced.go:298.16,300.57 2 0
github.com/bashfulrobot/configr/internal/config/formatter_enhanced.go:300.57,302.5 1 0
github.com/bashfulrobot/configr/internal/config/formatter_enhanced.go:303.4,304.14 2 0
github.com/bashfulrobot/configr/internal/config/formatter_enhanced.go:308.2,308.19 1 0
github.com/bashfulrobot/configr/internal/config/formatter_enhanced.go:308.19,311.3 1 0
github.com/bashfulrobot/configr/internal/config/formatter_enhanced.go:313.2,313.24 1 0
github.com/bashfulrobot/configr/internal/config/formatter_enhanced.go:316.78,317.9 1 0
github.com/bashfulrobot/configr/internal/config/formatter_enhanced.go:318.54,320.42 1 0
github.com/bashfulrobot/configr/internal/config/formatter_enhanced.go:321.60,322.85 1 0
github.com/bashfulrobot/configr/internal/config/formatter_enhanced.go:323.56,325.65 1 0
github.com/bashfulrobot/configr/internal/config/formatter_enhanced.go:326.57,327.65 1 0
github.com/bashfulrobot/configr/internal/config/formatter_enhanced.go:328.57,330.39 1 0
github.com/bashfulrobot/configr/internal/config/formatter_enhanced.go:331.59,332.27 1 0
github.com/bashfulrobot/configr/internal/config/formatter_enhanced.go:332.27,335.4 1 0
github.com/bashfulrobot/configr/internal/config/formatter_enhanced.go:336.3,336.73 1 0
github.com/bashfulrobot/configr/internal/config/formatter_enhanced.go:337.57,338.72 1 0
github.com/bashfulrobot/configr/internal/config/formatter_enhanced.go:339.50,341.37 1 0
github.com/bashfulrobot/configr/internal/config/formatter_enhanced.go:342.57,343.84 1 0
github.com/bashfulrobot/configr/internal/config/formatter_enhanced.go:344.56,345.73 1 0
github.com/bashfulrobot/configr/internal/config/formatter_enhanced.go:346.53,347.104 1 0
github.com/bashfulrobot/configr/internal/config/formatter_enhanced.go:348.58,350.58 1 0
github.com/bashfulrobot/configr/internal/config/formatter_enhanced.go:351.53,353.50 1 0
github.com/bashfulrobot/configr/internal/config/formatter_enhanced.go:354.61,355.90 1 0
github.com/bashfulrobot/configr/internal/config/formatter_enhanced.go:356.51,357.71 1 0
github.com/bashfulrobot/configr/internal/config/formatter_enhanced.go:358.47,359.67 1 0
github.com/bashfulrobot/configr/internal/config/formatter_enhanced.go:360.54,361.83 1 0
github.com/bashfulrobot/configr/internal/config/formatter_enhanced.go:362.10,363.21 1 0
github.com/bashfulrobot/configr/internal/config/formatter_enhanced.go:363.21,365.4 1 0
github.com/bashfulrobot/configr/internal/config/formatter_enhanced.go:366.3,366.67 1 0
github.com/bashfulrobot/configr/internal/config/formatter_enhanced.go:371.24,372.11 1 0
github.com/bashfulrobot/configr/internal/config/formatter_enhanced.go:372.11,374.3 1 0
github.com/bashfulrobot/configr/internal/config/formatter_enhanced.go:375.2,375.10 1 0
github.com/bashfulrobot/configr/internal/config/formatter_enhanced.go:378.24,379.11 1 0
github.com/bashfulrobot/configr/internal/config/formatter_enhanced.go:379.11,381.3 1 0
github.com/bashfulrobot/configr/internal/config/formatter_enhanced.go:382.2,382.10 1 0
github.com/bashfulrobot/configr/internal/config/formatter_simple.go:9.68,10.58 1 1
github.com/bashfulrobot/configr/internal/config/formatter_simple.go:10.58,12.3 1 1
github.com/bashfulrobot/configr/internal/config/formatter_simple.go:14.2,17.36 2 1
github.com/bashfulrobot/configr/internal/config/formatter_simple.go:17.36,18.12 1 1
github.com/bashfulrobot/configr/internal/config/formatter_simple.go:18.12,20.4 1 0
github.com/bashfulrobot/configr/internal/config/formatter_simple.go:21.3,21.45 1 1
github.com/bashfulrobot/configr/internal/config/formatter_simple.go:25.2,25.42 1 1
github.com/bashfulrobot/configr/internal/config/formatter_simple.go:25.42,26.38 1 1
github.com/bashfulrobot/configr/internal/config/formatter_simple.go:26.38,28.4 1 1
github.com/bashfulrobot/configr/internal/config/formatter_simple.go:29.3,29.51 1 1
github.com/bashfulrobot/configr/internal/config/formatter_simple.go:33.2,33.28 1 1
github.com/bashfulrobot/configr/internal/config/formatter_simple.go:33.28,35.3 1 1
github.com/bashfulrobot/configr/internal/config/formatter_simple.go:37.2,37.24 1 1
github.com/bashfulrobot/configr/internal/config/formatter_simple.go:40.52,47.36 3 1
github.com/bashfulrobot/configr/internal/config/formatter_simple.go:47.36,49.3 1 1
github.com/bashfulrobot/configr/internal/config/formatter_simple.go:49.8,49.27 1 1
github.com/bashfulrobot/configr/internal/config/formatter_simple.go:49.27,51.3 1 0
github.com/bashfulrobot/configr/internal/config/formatter_simple.go:54.2,54.21 1 1
github.com/bashfulrobot/configr/internal/config/formatter_simple.go:54.21,56.22 2 1
github.com/bashfulrobot/configr/internal/config/formatter_simple.go:56.22,58.4 1 1
github.com/bashfulrobot/configr/internal/config/formatter_simple.go:58.9,60.4 1 1
github.com/bashfulrobot/configr/internal/config/formatter_simple.go:61.3,61.31 1 1
github.com/bashfulrobot/configr/internal/config/formatter_simple.go:65.2,65.20 1 1
github.com/bashfulrobot/configr/internal/config/formatter_simple.go:65.20,67.3 1 1
github.com/bashfulrobot/configr/internal/config/formatter_simple.go:70.2,70.20 1 1
github.com/bashfulrobot/configr/internal/config/formatter_simple.go:70.20,72.3 1 1
github.com/bashfulrobot/configr/internal/config/formatter_simple.go:75.2,75.26 1 1
github.com/bashfulrobot/configr/internal/config/formatter_simple.go:75.26,77.3 1 0
github.com/bashfulrobot/configr/internal/config/formatter_simple.go:79.2,79.24 1 1
github.com/bashfulrobot/configr/internal/config/formatter_simple.go:82.58,89.44 3 1
github.com/bashfulrobot/configr/internal/config/formatter_simple.go:89.44,91.3 1 0
github.com/bashfulrobot/configr/internal/config/formatter_simple.go:94.2,94.25 1 1
github.com/bashfulrobot/configr/internal/config/formatter_simple.go:94.25,96.26 2 1
github.com/bashfulrobot/configr/internal/config/formatter_simple.go:96.26,98.4 1 1
github.com/bashfulrobot/configr/internal/config/formatter_simple.go:99.3,99.31 1 1
github.com/bashfulrobot/configr/internal/config/formatter_simple.go:103.2,103.24 1 1
github.com/bashfulrobot/configr/internal/config/formatter_simple.go:103.24,105.3 1 1
github.com/bashfulrobot/configr/internal/config/formatter_simple.go:107.2,107.24 1 1
github.com/bashfulrobot/configr/internal/config/formatter_simple.go:111.60,112.29 1 1
github.com/bashfulrobot/configr/internal/config/formatter_simple.go:112.29,114.3 1 1
github.com/bashfulrobot/configr/internal/config/formatter_simple.go:116.2,119.36 3 1
github.com/bashfulrobot/configr/internal/config/formatter_simple.go:119.36,120.13 1 1
github.com/bashfulrobot/configr/internal/config/formatter_simple.go:120.13,123.9 3 1
github.com/bashfulrobot/configr/internal/config/formatter_simple.go:126.3,127.16 2 1
github.com/bashfulrobot/configr/internal/config/formatter_simple.go:127.16,129.4 1 1
github.com/bashfulrobot/configr/internal/config/formatter_simple.go:132.2,132.24 1 1
github.com/bashfulrobot/configr/internal/config/formatter_simple.go:135.52,136.9 1 1
github.com/bashfulrobot/configr/internal/config/formatter_simple.go:137.54,138.65 1 1
github.com/bashfulrobot/configr/internal/config/formatter_simple.go:139.60,140.59 1 1
github.com/bashfulrobot/configr/internal/config/formatter_simple.go:141.56,142.64 1 1
github.com/bashfulrobot/configr/internal/config/formatter_simple.go:143.57,144.56 1 1
github.com/bashfulrobot/configr/internal/config/formatter_simple.go:145.57,146.68 1 1
github.com/bashfulrobot/configr/internal/config/formatter_simple.go:147.10,148.18 1 1
github.com/bashfulrobot/configr/internal/config/inheritance.go:43.62,49.2 1 0
github.com/bashfulrobot/configr/internal/config/inheritance.go:52.84,60.36 4 0
github.com/bashfulrobot/configr/internal/config/inheritance.go:60.36,62.3 1 0
github.com/bashfulrobot/configr/internal/config/inheritance.go:66.85,96.2 1 0
github.com/bashfulrobot/configr/internal/config/inheritance.go:99.106,104.80 2 0
github.com/bashfulrobot/configr/internal/config/inheritance.go:104.80,106.3 1 0
github.com/bashfulrobot/configr/internal/config/inheritance.go:108.2,108.100 1 0
github.com/bashfulrobot/configr/internal/config/inheritance.go:108.100,110.3 1 0
github.com/bashfulrobot/configr/internal/config/inheritance.go:112.2,112.70 1 0
github.com/bashfulrobot/configr/internal/config/inheritance.go:112.70,114.3 1 0
github.com/bashfulrobot/configr/internal/config/inheritance.go:116.2,116.96 1 0
github.com/bashfulrobot/configr/internal/config/inheritance.go:116.96,118.3 1 0
github.com/bashfulrobot/configr/internal/config/inheritance.go:120.2,120.92 1 0
github.com/bashfulrobot/configr/internal/config/inheritance.go:120.92,122.3 1 0
github.com/bashfulrobot/configr/internal/config/inheritance.go:124.2,124.91 1 0
github.com/bashfulrobot/configr/internal/config/inheritance.go:124.91,126.3 1 0
github.com/bashfulrobot/configr/internal/config/inheritance.go:128.2,128.76 1 0
github.com/bashfulrobot/configr/internal/config/inheritance.go:128.76,130.3 1 0
github.com/bashfulrobot/configr/internal/config/inheritance.go:132.2,132.20 1 0
github.com/bashfulrobot/configr/internal/config/inheritance.go:136.94,139.25 2 0
github.com/bashfulrobot/configr/internal/config/inheritance.go:140.25,141.62 1 0
github.com/bashfulrobot/configr/internal/config/inheritance.go:142.26,143.62 1 0
github.com/bashfulrobot/configr/internal/config/inheritance.go:144.27,144.27 0 0
github.com/bashfulrobot/configr/internal/config/inheritance.go:146.24,147.55 1 0
github.com/bashfulrobot/configr/internal/config/inheritance.go:151.2,152.29 2 0
github.com/bashfulrobot/configr/internal/config/inheritance.go:153.25,154.74 1 0
github.com/bashfulrobot/configr/internal/config/inheritance.go:155.26,156.74 1 0
github.com/bashfulrobot/configr/internal/config/inheritance.go:157.27,157.27 0 0
github.com/bashfulrobot/configr/internal/config/inheritance.go:159.24,160.67 1 0
github.com/bashfulrobot/configr/internal/config/inheritance.go:164.2,165.26 2 0
github.com/bashfulrobot/configr/internal/config/inheritance.go:166.25,167.65 1 0
github.com/bashfulrobot/configr/internal/config/inheritance.go:168.26,169.65 1 0
github.com/bashfulrobot/configr/internal/config/inheritance.go:170.27,170.27 0 0
github.com/bashfulrobot/configr/internal/config/inheritance.go:172.24,173.58 1 0
github.com/bashfulrobot/configr/internal/config/inheritance.go:176.2,176.12 1 0
github.com/bashfulrobot/configr/internal/config/inheritance.go:180.123,183.19 2 0
github.com/bashfulrobot/configr/internal/config/inheritance.go:183.19,185.3 1 0
github.com/bashfulrobot/configr/internal/config/inheritance.go:187.2,187.22 1 0
github.com/bashfulrobot/configr/internal/config/inheritance.go:188.27,190.34 1 0
github.com/bashfulrobot/configr/internal/config/inheritance.go:190.34,191.43 1 0
github.com/bashfulrobot/configr/internal/config/inheritance.go:191.43,194.5 2 0
github.com/bashfulrobot/configr/internal/config/inheritance.go:196.24,198.41 1 0
github.com/bashfulrobot/configr/internal/config/inheritance.go:198.41,199.52 1 0
github.com/bashfulrobot/configr/internal/config/inheritance.go:199.52,203.44 3 0
github.com/bashfulrobot/configr/internal/config/inheritance.go:203.44,204.39 1 0
github.com/bashfulrobot/configr/internal/config/inheritance.go:204.39,206.7 1 0
github.com/bashfulrobot/configr/internal/config/inheritance.go:208.5,208.27 1 0
github.com/bashfulrobot/configr/internal/config/inheritance.go:209.10,213.5 2 0
github.com/bashfulrobot/configr/internal/config/inheritance.go:215.25,217.41 1 0
github.com/bashfulrobot/configr/internal/config/inheritance.go:217.41,218.52 1 0
github.com/bashfulrobot/configr/internal/config/inheritance.go:218.52,219.46 1 0
github.com/bashfulrobot/configr/internal/config/inheritance.go:219.46,220.45 1 0
github.com/bashfulrobot/configr/internal/config/inheritance.go:220.45,222.7 1 0
github.com/bashfulrobot/configr/internal/config/inheritance.go:224.10,227.5 2 0
github.com/bashfulrobot/configr/internal/config/inheritance.go:229.26,231.41 1 0
github.com/bashfulrobot/configr/internal/config/inheritance.go:231.41,232.52 1 0
github.com/bashfulrobot/configr/internal/config/inheritance.go:232.52,235.44 3 0
github.com/bashfulrobot/configr/internal/config/inheritance.go:235.44,236.42 1 0
github.com/bashfulrobot/configr/internal/config/inheritance.go:236.42,238.7 1 0
github.com/bashfulrobot/configr/internal/config/inheritance.go:240.5,240.30 1 0
github.com/bashfulrobot/configr/internal/config/inheritance.go:241.10,244.5 2 0
github.com/bashfulrobot/configr/internal/config/inheritance.go:248.2,248.12 1 0
github.com/bashfulrobot/configr/internal/config/inheritance.go:252.105,255.19 2 0
github.com/bashfulrobot/configr/internal/config/inheritance.go:255.19,257.3 1 0
github.com/bashfulrobot/configr/internal/config/inheritance.go:259.2,259.22 1 0
github.com/bashfulrobot/configr/internal/config/inheritance.go:260.27,262.34 1 0
github.com/bashfulrobot/configr/internal/config/inheritance.go:262.34,263.43 1 0
github.com/bashfulrobot/configr/internal/config/inheritance.go:263.43,265.5 1 0
github.com/bashfulrobot/configr/internal/config/inheritance.go:267.24,269.39 1 0
github.com/bashfulrobot/configr/internal/config/inheritance.go:269.39,270.50 1 0
github.com/bashfulrobot/configr/internal/config/inheritance.go:270.50,273.31 2 0
github.com/bashfulrobot/configr/internal/config/inheritance.go:273.31,275.6 1 0
github.com/bashfulrobot/configr/internal/config/inheritance.go:276.5,276.36 1 0
github.com/bashfulrobot/configr/internal/config/inheritance.go:276.36,278.6 1 0
github.com/bashfulrobot/configr/internal/config/inheritance.go:279.5,279.30 1 0
github.com/bashfulrobot/configr/internal/config/inheritance.go:279.30,281.6 1 0
github.com/bashfulrobot/configr/internal/config/inheritance.go:282.5,282.30 1 0
github.com/bashfulrobot/configr/internal/config/inheritance.go:282.30,284.6 1 0
github.com/bashfulrobot/configr/internal/config/inheritance.go:285.5,285.29 1 0
github.com/bashfulrobot/configr/internal/config/inheritance.go:285.29,287.6 1 0
github.com/bashfulrobot/configr/internal/config/inheritance.go:289.5,289.25 1 0
github.com/bashfulrobot/configr/internal/config/inheritance.go:289.25,291.6 1 0
github.com/bashfulrobot/configr/internal/config/inheritance.go:292.5,292.23 1 0
github.com/bashfulrobot/configr/internal/config/inheritance.go:292.23,294.6 1 0
github.com/bashfulrobot/configr/internal/config/inheritance.go:295.5,295.30 1 0
github.com/bashfulrobot/configr/internal/config/inheritance.go:295.30,297.6 1 0
github.com/bashfulrobot/configr/internal/config/inheritance.go:298.5,298.27 1 0
github.com/bashfulrobot/configr/internal/config/inheritance.go:299.10,301.5 1 0
github.com/bashfulrobot/configr/internal/config/inheritance.go:303.45,305.41 1 0
github.com/bashfulrobot/configr/internal/config/inheritance.go:308.2,308.12 1 0
github.com/bashfulrobot/configr/internal/config/inheritance.go:312.117,315.19 2 0
github.com/bashfulrobot/configr/internal/config/inheritance.go:315.19,317.3 1 0
github.com/bashfulrobot/configr/internal/config/inheritance.go:319.2,319.22 1 0
github.com/bashfulrobot/configr/internal/config/inheritance.go:320.27,322.34 1 0
github.com/bashfulrobot/configr/internal/config/inheritance.go:322.34,323.43 1 0
github.com/bashfulrobot/configr/internal/config/inheritance.go:323.43,325.5 1 0
github.com/bashfulrobot/configr/internal/config/inheritance.go:327.63,329.34 1 0
github.com/bashfulrobot/configr/internal/config/inheritance.go:329.34,330.43 1 0
github.com/bashfulrobot/configr/internal/config/inheritance.go:330.43,332.5 1 0
github.com/bashfulrobot/configr/internal/config/inheritance.go:336.2,336.12 1 0
github.com/bashfulrobot/configr/internal/config/inheritance.go:340.101,345.22 3 0
github.com/bashfulrobot/configr/internal/config/inheritance.go:345.22,347.3 1 0
github.com/bashfulrobot/configr/internal/config/inheritance.go:348.2,348.26 1 0
github.com/bashfulrobot/configr/internal/config/inheritance.go:348.26,350.3 1 0
github.com/bashfulrobot/configr/internal/config/inheritance.go:353.2,353.25 1 0
github.com/bashfulrobot/configr/internal/config/inheritance.go:354.27,356.41 1 0
github.com/bashfulrobot/configr/internal/config/inheritance.go:356.41,358.40 2 0
github.com/bashfulrobot/configr/internal/config/inheritance.go:358.40,359.42 1 0
github.com/bashfulrobot/configr/internal/config/inheritance.go:359.42,361.11 2 0
github.com/bashfulrobot/configr/internal/config/inheritance.go:364.4,364.14 1 0
github.com/bashfulrobot/configr/internal/config/inheritance.go:364.14,366.5 1 0
github.com/bashfulrobot/configr/internal/config/inheritance.go:368.63,370.41 1 0
github.com/bashfulrobot/configr/internal/config/inheritance.go:370.41,372.40 2 0
github.com/bashfulrobot/configr/internal/config/inheritance.go:372.40,373.42 1 0
github.com/bashfulrobot/configr/internal/config/inheritance.go:373.42,375.11 2 0
github.com/bashfulrobot/configr/internal/config/inheritance.go:378.4,378.14 1 0
github.com/bashfulrobot/configr/internal/config/inheritance.go:378.14,380.5 1 0
github.com/bashfulrobot/configr/internal/config/inheritance.go:385.2,385.29 1 0
github.com/bashfulrobot/configr/internal/config/inheritance.go:386.27,388.45 1 0
github.com/bashfulrobot/configr/internal/config/inheritance.go:388.45,390.44 2 0
github.com/bashfulrobot/configr/internal/config/inheritance.go:390.44,391.42 1 0
github.com/bashfulrobot/configr/internal/config/inheritance.go:391.42,393.11 2 0
github.com/bashfulrobot/configr/internal/config/inheritance.go:396.4,396.14 1 0
github.com/bashfulrobot/configr/internal/config/inheritance.go:396.14,398.5 1 0
github.com/bashfulrobot/configr/internal/config/inheritance.go:400.63,402.45 1 0
github.com/bashfulrobot/configr/internal/config/inheritance.go:402.45,404.44 2 0
github.com/bashfulrobot/configr/internal/config/inheritance.go:404.44,405.42 1 0
github.com/bashfulrobot/configr/internal/config/inheritance.go:405.42,407.11 2 0
github.com/bashfulrobot/configr/internal/config/inheritance.go:410.4,410.14 1 0
github.com/bashfulrobot/configr/internal/config/inheritance.go:410.14,412.5 1 0
github.com/bashfulrobot/configr/internal/config/inheritance.go:416.2,416.12 1 0
github.com/bashfulrobot/configr/internal/config/inheritance.go:420.106,423.22 2 0
github.com/bashfulrobot/configr/internal/config/inheritance.go:424.27,426.47 1 0
github.com/bashfulrobot/configr/internal/config/inheritance.go:426.47,428.4 1 0
github.com/bashfulrobot/configr/internal/config/inheritance.go:429.3,429.48 1 0
github.com/bashfulrobot/configr/internal/config/inheritance.go:429.48,431.4 1 0
github.com/bashfulrobot/configr/internal/config/inheritance.go:432.3,432.49 1 0
github.com/bashfulrobot/configr/internal/config/inheritance.go:432.49,434.4 1 0
github.com/bashfulrobot/configr/internal/config/inheritance.go:435.3,435.55 1 0
github.com/bashfulrobot/configr/internal/config/inheritance.go:435.55,437.4 1 0
github.com/bashfulrobot/configr/internal/config/inheritance.go:438.3,438.61 1 0
github.com/bashfulrobot/configr/internal/config/inheritance.go:438.61,440.4 1 0
github.com/bashfulrobot/configr/internal/config/inheritance.go:441.24,443.25 1 0
github.com/bashfulrobot/configr/internal/config/inheritance.go:443.25,445.4 1 0
github.com/bashfulrobot/configr/internal/config/inheritance.go:446.3,446.25 1 0
github.com/bashfulrobot/configr/internal/config/inheritance.go:446.25,448.4 1 0
github.com/bashfulrobot/configr/internal/config/inheritance.go:449.3,449.26 1 0
github.com/bashfulrobot/configr/internal/config/inheritance.go:449.26,451.4 1 0
github.com/bashfulrobot/configr/internal/config/inheritance.go:452.3,452.29 1 0
github.com/bashfulrobot/configr/internal/config/inheritance.go:452.29,454.4 1 0
github.com/bashfulrobot/configr/internal/config/inheritance.go:455.3,455.32 1 0
github.com/bashfulrobot/configr/internal/config/inheritance.go:455.32,457.4 1 0
github.com/bashfulrobot/configr/internal/config/inheritance.go:460.2,460.12 1 0
github.com/bashfulrobot/configr/internal/config/inheritance.go:464.89,467.22 2 0
github.com/bashfulrobot/configr/internal/config/inheritance.go:468.27,470.35 1 0
github.com/bashfulrobot/configr/internal/config/inheritance.go:470.35,472.4 1 0
github.com/bashfulrobot/configr/internal/config/inheritance.go:473.24,475.19 1 0
github.com/bashfulrobot/configr/internal/config/inheritance.go:475.19,477.4 1 0
github.com/bashfulrobot/configr/internal/config/inheritance.go:480.2,480.12 1 0
github.com/bashfulrobot/configr/internal/config/inheritance.go:485.78,486.48 1 0
github.com/bashfulrobot/configr/internal/config/inheritance.go:486.48,488.3 1 0
github.com/bashfulrobot/configr/internal/config/inheritance.go:490.2,494.3 1 0
github.com/bashfulrobot/configr/internal/config/inheritance.go:497.104,502.28 4 0
github.com/bashfulrobot/configr/internal/config/inheritance.go:502.28,504.3 1 0
github.com/bashfulrobot/configr/internal/config/inheritance.go:506.2,506.29 1 0
github.com/bashfulrobot/configr/internal/config/inheritance.go:506.29,507.31 1 0
github.com/bashfulrobot/configr/internal/config/inheritance.go:507.31,510.4 2 0
github.com/bashfulrobot/configr/internal/config/inheritance.go:513.2,513.15 1 0
github.com/bashfulrobot/configr/internal/config/inheritance.go:516.97,519.28 2 0
github.com/bashfulrobot/configr/internal/config/inheritance.go:519.28,521.3 1 0
github.com/bashfulrobot/configr/internal/config/inheritance.go:524.2,525.35 2 0
github.com/bashfulrobot/configr/internal/config/inheritance.go:525.35,526.59 1 0
github.com/bashfulrobot/configr/internal/config/inheritance.go:526.59,529.4 1 0
github.com/bashfulrobot/configr/internal/config/inheritance.go:529.9,532.4 1 0
github.com/bashfulrobot/configr/internal/config/inheritance.go:536.2,536.33 1 0
github.com/bashfulrobot/configr/internal/config/inheritance.go:536.33,538.36 2 0
github.com/bashfulrobot/configr/internal/config/inheritance.go:538.36,539.39 1 0
github.com/bashfulrobot/configr/internal/config/inheritance.go:539.39,541.10 2 0
github.com/bashfulrobot/configr/internal/config/inheritance.go:544.3,544.13 1 0
github.com/bashfulrobot/configr/internal/config/inheritance.go:544.13,546.4 1 0
github.com/bashfulrobot/configr/internal/config/inheritance.go:549.2,549.15 1 0
github.com/bashfulrobot/configr/internal/config/inheritance.go:552.79,553.21 1 0
github.com/bashfulrobot/configr/internal/config/inheritance.go:553.21,555.3 1 0
github.com/bashfulrobot/configr/internal/config/inheritance.go:557.2,583.45 6 0
github.com/bashfulrobot/configr/internal/config/inheritance.go:583.45,586.3 2 0
github.com/bashfulrobot/configr/internal/config/inheritance.go:588.2,588.35 1 0
github.com/bashfulrobot/configr/internal/config/inheritance.go:588.35,590.3 1 0
github.com/bashfulrobot/configr/internal/config/inheritance.go:592.2,592.44 1 0
github.com/bashfulrobot/configr/internal/config/inheritance.go:592.44,594.3 1 0
github.com/bashfulrobot/configr/internal/config/inheritance.go:596.2,602.15 5 0
github.com/bashfulrobot/configr/internal/config/inheritance.go:606.97,607.23 1 0
github.com/bashfulrobot/configr/internal/config/inheritance.go:607.23,609.3 1 0
github.com/bashfulrobot/configr/internal/config/inheritance.go:611.2,611.23 1 0
github.com/bashfulrobot/configr/internal/config/inheritance.go:611.23,613.3 1 0
github.com/bashfulrobot/configr/internal/config/inheritance.go:619.2,620.36 2 0
github.com/bashfulrobot/configr/internal/config/inheritance.go:620.36,622.17 2 0
github.com/bashfulrobot/configr/internal/config/inheritance.go:622.17,624.4 1 0
github.com/bashfulrobot/configr/internal/config/inheritance.go:625.3,625.18 1 0
github.com/bashfulrobot/configr/internal/config/inheritance.go:628.2,628.20 1 0
github.com/bashfulrobot/configr/internal/config/inheritance.go:632.95,646.36 2 0
github.com/bashfulrobot/configr/internal/config/inheritance.go:646.36,647.35 1 0
github.com/bashfulrobot/configr/internal/config/inheritance.go:647.35,649.4 1 0
github.com/bashfulrobot/configr/internal/config/inheritance.go:651.3,651.46 1 0
github.com/bashfulrobot/configr/internal/config/inheritance.go:651.46,653.4 1 0
github.com/bashfulrobot/configr/internal/config/inheritance.go:656.2,656.12 1 0
github.com/bashfulrobot/configr/internal/config/inheritance.go:660.101,670.33 6 0
github.com/bashfulrobot/configr/internal/config/inheritance.go:670.33,672.3 1 0
github.com/bashfulrobot/configr/internal/config/inheritance.go:673.2,673.40 1 0
github.com/bashfulrobot/configr/internal/config/inheritance.go:673.40,675.3 1 0
github.com/bashfulrobot/configr/internal/config/inheritance.go:677.2,678.29 2 0
github.com/bashfulrobot/configr/internal/config/inheritance.go:678.29,681.3 2 0
github.com/bashfulrobot/configr/internal/config/inheritance.go:683.2,701.24 14 0
github.com/bashfulrobot/configr/internal/config/inheritance.go:704.88,705.17 1 0
github.com/bashfulrobot/configr/internal/config/inheritance.go:706.23,707.16 1 0
github.com/bashfulrobot/configr/internal/config/inheritance.go:708.27,709.20 1 0
github.com/bashfulrobot/configr/internal/config/inheritance.go:710.24,711.17 1 0
github.com/bashfulrobot/configr/internal/config/inheritance.go:712.25,713.18 1 0
github.com/bashfulrobot/configr/internal/config/inheritance.go:714.26,715.19 1 0
github.com/bashfulrobot/configr/internal/config/inheritance.go:716.10,717.19 1 0
github.com/bashfulrobot/configr/internal/config/loader.go:14.42,16.26 2 1
github.com/bashfulrobot/configr/internal/config/loader.go:16.26,18.3 1 0
github.com/bashfulrobot/configr/internal/config/loader.go:20.2,21.53 2 1
github.com/bashfulrobot/configr/internal/config/loader.go:25.87,28.16 2 1
github.com/bashfulrobot/configr/internal/config/loader.go:28.16,30.3 1 0
github.com/bashfulrobot/configr/internal/config/loader.go:32.2,32.22 1 1
github.com/bashfulrobot/configr/internal/config/loader.go:32.22,34.3 1 1
github.com/bashfulrobot/configr/internal/config/loader.go:35.2,39.16 3 1
github.com/bashfulrobot/configr/internal/config/loader.go:39.16,41.3 1 0
github.com/bashfulrobot/configr/internal/config/loader.go:43.2,44.54 2 1
github.com/bashfulrobot/configr/internal/config/loader.go:44.54,46.3 1 0
github.com/bashfulrobot/configr/internal/config/loader.go:49.2,49.30 1 1
github.com/bashfulrobot/configr/internal/config/loader.go:49.30,52.47 2 1
github.com/bashfulrobot/configr/internal/config/loader.go:52.47,54.18 2 1
github.com/bashfulrobot/configr/internal/config/loader.go:54.18,56.5 1 1
github.com/bashfulrobot/configr/internal/config/loader.go:58.4,59.18 2 1
github.com/bashfulrobot/configr/internal/config/loader.go:59.18,61.5 1 1
github.com/bashfulrobot/configr/internal/config/loader.go:64.4,64.64 1 1
github.com/bashfulrobot/configr/internal/config/loader.go:64.64,66.5 1 0
github.com/bashfulrobot/configr/internal/config/loader.go:71.2,73.21 2 1
github.com/bashfulrobot/configr/internal/config/loader.go:77.70,80.41 2 1
github.com/bashfulrobot/configr/internal/config/loader.go:80.41,83.3 1 1
github.com/bashfulrobot/configr/internal/config/loader.go:85.2,88.41 2 1
github.com/bashfulrobot/configr/internal/config/loader.go:88.41,90.66 1 1
github.com/bashfulrobot/configr/internal/config/loader.go:90.66,92.4 1 1
[...]
github.com/bashfulrobot/configr/internal/config/splitting.go:526.2,526.15 1 0
github.com/bashfulrobot/configr/internal/config/splitting.go:529.86,532.32 2 0
github.com/bashfulrobot/configr/internal/config/splitting.go:532.32,534.113 1 0
github.com/bashfulrobot/configr/internal/config/splitting.go:534.113,536.4 1 0
github.com/bashfulrobot/configr/internal/config/splitting.go:538.2,538.20 1 0
github.com/bashfulrobot/configr/internal/config/splitting.go:542.82,550.32 5 0
github.com/bashfulrobot/configr/internal/config/splitting.go:550.32,552.3 1 0
github.com/bashfulrobot/configr/internal/config/splitting.go:553.2,555.37 2 0
github.com/bashfulrobot/configr/internal/config/splitting.go:555.37,560.31 4 0
github.com/bashfulrobot/configr/internal/config/splitting.go:560.31,562.4 1 0
github.com/bashfulrobot/configr/internal/config/splitting.go:564.3,569.24 5 0
github.com/bashfulrobot/configr/internal/config/splitting.go:569.24,572.4 1 0
github.com/bashfulrobot/configr/internal/config/splitting.go:574.3,574.28 1 0
github.com/bashfulrobot/configr/internal/config/splitting.go:574.28,576.4 1 0
github.com/bashfulrobot/configr/internal/config/splitting.go:578.3,578.37 1 0
github.com/bashfulrobot/configr/internal/config/splitting.go:578.37,580.4 1 0
github.com/bashfulrobot/configr/internal/config/splitting.go:582.3,582.79 1 0
github.com/bashfulrobot/configr/internal/config/splitting.go:582.79,585.4 1 0
github.com/bashfulrobot/configr/internal/config/splitting.go:587.3,587.27 1 0
github.com/bashfulrobot/configr/internal/config/splitting.go:590.2,590.24 1 0
github.com/bashfulrobot/configr/internal/config/splitting.go:594.49,595.26 1 0
github.com/bashfulrobot/configr/internal/config/splitting.go:595.26,596.16 1 0
github.com/bashfulrobot/configr/internal/config/splitting.go:596.16,598.4 1 0
github.com/bashfulrobot/configr/internal/config/splitting.go:600.2,600.14 1 0
github.com/bashfulrobot/configr/internal/config/templates.go:31.64,36.2 1 0
github.com/bashfulrobot/configr/internal/config/templates.go:39.58,130.2 5 0
github.com/bashfulrobot/configr/internal/config/templates.go:133.81,135.13 2 0
github.com/bashfulrobot/configr/internal/config/templates.go:135.13,137.3 1 0
github.com/bashfulrobot/configr/internal/config/templates.go:138.2,138.22 1 0
github.com/bashfulrobot/configr/internal/config/templates.go:142.56,144.33 2 0
github.com/bashfulrobot/configr/internal/config/templates.go:144.33,146.3 1 0
github.com/bashfulrobot/configr/internal/config/templates.go:147.2,147.14 1 0
github.com/bashfulrobot/configr/internal/config/templates.go:151.121,153.16 2 0
github.com/bashfulrobot/configr/internal/config/templates.go:153.16,155.3 1 0
github.com/bashfulrobot/configr/internal/config/templates.go:158.2,159.35 2 0
github.com/bashfulrobot/configr/internal/config/templates.go:159.35,161.3 1 0
github.com/bashfulrobot/configr/internal/config/templates.go:162.2,162.30 1 0
github.com/bashfulrobot/configr/internal/config/templates.go:162.30,164.3 1 0
github.com/bashfulrobot/configr/internal/config/templates.go:167.2,172.53 4 0
github.com/bashfulrobot/configr/internal/config/templates.go:172.53,174.3 1 0
github.com/bashfulrobot/configr/internal/config/templates.go:177.2,177.44 1 0
github.com/bashfulrobot/configr/internal/config/templates.go:177.44,178.90 1 0
github.com/bashfulrobot/configr/internal/config/templates.go:178.90,180.4 1 0
github.com/bashfulrobot/configr/internal/config/templates.go:183.2,183.12 1 0
github.com/bashfulrobot/configr/internal/config/templates.go:187.141,190.16 2 0
github.com/bashfulrobot/configr/internal/config/templates.go:190.16,192.3 1 0
github.com/bashfulrobot/configr/internal/config/templates.go:195.2,199.51 3 0
github.com/bashfulrobot/configr/internal/config/templates.go:199.51,201.3 1 0
github.com/bashfulrobot/configr/internal/config/templates.go:204.2,205.16 2 0
github.com/bashfulrobot/configr/internal/config/templates.go:205.16,207.3 1 0
github.com/bashfulrobot/configr/internal/config/templates.go:208.2,211.54 2 0
github.com/bashfulrobot/configr/internal/config/templates.go:211.54,213.3 1 0
github.com/bashfulrobot/configr/internal/config/templates.go:215.2,215.12 1 0
github.com/bashfulrobot/configr/internal/config/templates.go:219.76,220.21 1 0
github.com/bashfulrobot/configr/internal/config/templates.go:220.21,222.3 1 0
github.com/bashfulrobot/configr/internal/config/templates.go:224.2,224.24 1 0
github.com/bashfulrobot/configr/internal/config/templates.go:224.24,226.3 1 0
github.com/bashfulrobot/configr/internal/config/templates.go:228.2,228.26 1 0
github.com/bashfulrobot/configr/internal/config/templates.go:228.26,230.3 1 0
github.com/bashfulrobot/configr/internal/config/templates.go:233.2,233.44 1 0
github.com/bashfulrobot/configr/internal/config/templates.go:233.44,234.82 1 0
github.com/bashfulrobot/configr/internal/config/templates.go:234.82,237.18 2 0
github.com/bashfulrobot/configr/internal/config/templates.go:237.18,239.5 1 0
github.com/bashfulrobot/configr/internal/config/templates.go:242.4,243.37 2 0
github.com/bashfulrobot/configr/internal/config/templates.go:243.37,245.5 1 0
github.com/bashfulrobot/configr/internal/config/templates.go:247.4,248.60 2 0
github.com/bashfulrobot/configr/internal/config/templates.go:248.60,250.5 1 0
github.com/bashfulrobot/configr/internal/config/templates.go:253.4,254.76 2 0
github.com/bashfulrobot/configr/internal/config/templates.go:254.76,256.5 1 0
github.com/bashfulrobot/configr/internal/config/templates.go:260.2,260.12 1 0
github.com/bashfulrobot/configr/internal/config/validation.go:40.48,42.2 1 0
github.com/bashfulrobot/configr/internal/config/validation.go:45.70,48.2 2 0
github.com/bashfulrobot/configr/internal/config/validation.go:51.62,54.2 2 0
github.com/bashfulrobot/configr/internal/config/validation.go:57.54,58.27 1 1
github.com/bashfulrobot/configr/internal/config/validation.go:58.27,60.3 1 1
github.com/bashfulrobot/configr/internal/config/validation.go:60.8,63.3 2 1
github.com/bashfulrobot/configr/internal/config/validation.go:67.46,69.2 1 1
github.com/bashfulrobot/configr/internal/config/validation.go:72.68,77.16 3 1
github.com/bashfulrobot/configr/internal/config/validation.go:77.16,86.3 7 1
github.com/bashfulrobot/configr/internal/config/validation.go:89.2,96.15 7 0
github.com/bashfulrobot/configr/internal/config/validation.go:100.114,101.26 1 1
github.com/bashfulrobot/configr/internal/config/validation.go:101.26,103.23 2 1
github.com/bashfulrobot/configr/internal/config/validation.go:103.23,105.4 1 0
github.com/bashfulrobot/configr/internal/config/validation.go:107.3,118.9 2 1
github.com/bashfulrobot/configr/internal/config/validation.go:122.2,123.14 2 1
github.com/bashfulrobot/configr/internal/config/validation.go:123.14,125.23 2 1
github.com/bashfulrobot/configr/internal/config/validation.go:125.23,127.4 1 0
github.com/bashfulrobot/configr/internal/config/validation.go:129.3,140.5 1 1
github.com/bashfulrobot/configr/internal/config/validation.go:145.115,146.31 1 1
github.com/bashfulrobot/configr/internal/config/validation.go:146.31,148.3 1 1
github.com/bashfulrobot/configr/internal/config/validation.go:150.2,153.46 3 1
github.com/bashfulrobot/configr/internal/config/validation.go:153.46,156.23 3 1
github.com/bashfulrobot/configr/internal/config/validation.go:156.23,158.4 1 0
github.com/bashfulrobot/configr/internal/config/validation.go:161.3,161.65 1 1
github.com/bashfulrobot/configr/internal/config/validation.go:161.65,173.12 2 0
github.com/bashfulrobot/configr/internal/config/validation.go:177.3,177.52 1 1
github.com/bashfulrobot/configr/internal/config/validation.go:177.52,179.62 2 0
github.com/bashfulrobot/configr/internal/config/validation.go:179.62,191.5 1 0
github.com/bashfulrobot/configr/internal/config/validation.go:195.3,195.47 1 1
github.com/bashfulrobot/configr/internal/config/validation.go:195.47,208.4 1 0
github.com/bashfulrobot/configr/internal/config/validation.go:211.3,211.51 1 1
github.com/bashfulrobot/configr/internal/config/validation.go:211.51,213.52 2 0
github.com/bashfulrobot/configr/internal/config/validation.go:213.52,226.5 1 0
github.com/bashfulrobot/configr/internal/config/validation.go:230.3,230.77 1 1
github.com/bashfulrobot/configr/internal/config/validation.go:230.77,232.55 2 1
github.com/bashfulrobot/configr/internal/config/validation.go:232.55,234.37 1 1
github.com/bashfulrobot/configr/internal/config/validation.go:234.37,236.49 2 1
github.com/bashfulrobot/configr/internal/config/validation.go:236.49,249.7 1 1
github.com/bashfulrobot/configr/internal/config/validation.go:257.119,263.2 2 1
github.com/bashfulrobot/configr/internal/config/validation.go:266.129,267.29 1 1
github.com/bashfulrobot/configr/internal/config/validation.go:267.29,274.25 4 1
github.com/bashfulrobot/configr/internal/config/validation.go:274.25,283.12 2 1
github.com/bashfulrobot/configr/internal/config/validation.go:286.3,286.23 1 1
github.com/bashfulrobot/configr/internal/config/validation.go:286.23,295.12 2 1
github.com/bashfulrobot/configr/internal/config/validation.go:299.3,299.13 1 1
github.com/bashfulrobot/configr/internal/config/validation.go:299.13,300.35 1 1
github.com/bashfulrobot/configr/internal/config/validation.go:300.35,310.5 1 1
github.com/bashfulrobot/configr/internal/config/validation.go:314.3,314.13 1 1
github.com/bashfulrobot/configr/internal/config/validation.go:314.13,315.42 1 1
github.com/bashfulrobot/configr/internal/config/validation.go:315.42,325.5 1 1
github.com/bashfulrobot/configr/internal/config/validation.go:329.3,329.21 1 1
github.com/bashfulrobot/configr/internal/config/validation.go:329.21,330.41 1 1
github.com/bashfulrobot/configr/internal/config/validation.go:330.41,340.5 1 1
github.com/bashfulrobot/configr/internal/config/validation.go:346.137,347.29 1 1
github.com/bashfulrobot/configr/internal/config/validation.go:347.29,351.21 2 1
github.com/bashfulrobot/configr/internal/config/validation.go:351.21,360.12 2 1
github.com/bashfulrobot/configr/internal/config/validation.go:364.3,364.45 1 1
github.com/bashfulrobot/configr/internal/config/validation.go:364.45,374.4 1 1
github.com/bashfulrobot/configr/internal/config/validation.go:377.3,377.43 1 1
github.com/bashfulrobot/configr/internal/config/validation.go:377.43,387.4 1 1
github.com/bashfulrobot/configr/internal/config/validation.go:392.115,406.35 5 1
github.com/bashfulrobot/configr/internal/config/validation.go:406.35,408.3 1 1
github.com/bashfulrobot/configr/internal/config/validation.go:412.131,415.39 2 1
github.com/bashfulrobot/configr/internal/config/validation.go:415.39,419.24 2 1
github.com/bashfulrobot/configr/internal/config/validation.go:419.24,428.12 2 1
github.com/bashfulrobot/configr/internal/config/validation.go:431.3,431.29 1 1
github.com/bashfulrobot/configr/internal/config/validation.go:431.29,440.12 2 1
github.com/bashfulrobot/configr/internal/config/validation.go:444.3,445.34 2 1
github.com/bashfulrobot/configr/internal/config/validation.go:445.34,447.4 1 1
github.com/bashfulrobot/configr/internal/config/validation.go:449.3,449.56 1 1
github.com/bashfulrobot/configr/internal/config/validation.go:449.56,463.4 2 1
github.com/bashfulrobot/configr/internal/config/validation.go:466.3,466.22 1 1
github.com/bashfulrobot/configr/internal/config/validation.go:466.22,467.35 1 1
github.com/bashfulrobot/configr/internal/config/validation.go:467.35,477.5 1 1
github.com/bashfulrobot/configr/internal/config/validation.go:477.10,477.44 1 1
github.com/bashfulrobot/configr/internal/config/validation.go:477.44,487.5 1 0
github.com/bashfulrobot/configr/internal/config/validation.go:491.3,491.47 1 1
github.com/bashfulrobot/configr/internal/config/validation.go:491.47,501.4 1 1
github.com/bashfulrobot/configr/internal/config/validation.go:506.112,507.49 1 1
github.com/bashfulrobot/configr/internal/config/validation.go:507.49,511.36 2 1
github.com/bashfulrobot/configr/internal/config/validation.go:511.36,521.4 1 1
github.com/bashfulrobot/configr/internal/config/validation.go:524.3,524.35 1 1
github.com/bashfulrobot/configr/internal/config/validation.go:524.35,533.4 1 1
github.com/bashfulrobot/configr/internal/config/validation.go:538.43,541.2 2 0
github.com/bashfulrobot/configr/internal/config/validation.go:543.46,545.2 1 0
github.com/bashfulrobot/configr/internal/config/validation.go:548.62,549.17 1 1
github.com/bashfulrobot/configr/internal/config/validation.go:550.13,552.38 1 1
github.com/bashfulrobot/configr/internal/config/validation.go:552.38,555.4 1 1
github.com/bashfulrobot/configr/internal/config/validation.go:557.3,558.17 2 1
github.com/bashfulrobot/configr/internal/config/validation.go:559.17,562.17 2 1
github.com/bashfulrobot/configr/internal/config/validation.go:563.14,566.17 2 1
github.com/bashfulrobot/configr/internal/config/validation.go:567.10,569.34 1 0
github.com/bashfulrobot/configr/internal/config/validation.go:574.61,575.17 1 1
github.com/bashfulrobot/configr/internal/config/validation.go:576.13,577.74 1 1
github.com/bashfulrobot/configr/internal/config/validation.go:578.17,579.54 1 0
github.com/bashfulrobot/configr/internal/config/validation.go:580.14,581.57 1 1
github.com/bashfulrobot/configr/internal/config/validation.go:582.10,583.52 1 0
github.com/bashfulrobot/configr/internal/config/validation.go:588.58,589.17 1 1
github.com/bashfulrobot/configr/internal/config/validation.go:590.13,591.78 1 1
github.com/bashfulrobot/configr/internal/config/validation.go:592.17,593.76 1 0
github.com/bashfulrobot/configr/internal/config/validation.go:594.14,595.60 1 1
github.com/bashfulrobot/configr/internal/config/validation.go:596.10,597.66 1 0
github.com/bashfulrobot/configr/internal/config/validation.go:602.65,603.17 1 1
github.com/bashfulrobot/configr/internal/config/validation.go:604.13,605.92 1 1
github.com/bashfulrobot/configr/internal/config/validation.go:606.17,608.77 1 0
github.com/bashfulrobot/configr/internal/config/validation.go:609.14,610.88 1 1
github.com/bashfulrobot/configr/internal/config/validation.go:611.10,612.35 1 0
github.com/bashfulrobot/configr/internal/config/validation.go:617.177,618.31 1 1
github.com/bashfulrobot/configr/internal/config/validation.go:618.31,620.21 1 1
github.com/bashfulrobot/configr/internal/config/validation.go:620.21,628.12 2 1
github.com/bashfulrobot/configr/internal/config/validation.go:631.3,631.55 1 1
github.com/bashfulrobot/configr/internal/config/validation.go:631.55,641.4 1 1
github.com/bashfulrobot/configr/internal/config/validation.go:644.3,644.54 1 1
github.com/bashfulrobot/configr/internal/config/validation.go:644.54,654.4 1 0
github.com/bashfulrobot/configr/internal/config/validation.go:654.9,656.4 1 1
github.com/bashfulrobot/configr/internal/config/validation.go:659.3,659.45 1 1
github.com/bashfulrobot/configr/internal/config/validation.go:664.87,665.25 1 1
github.com/bashfulrobot/configr/internal/config/validation.go:665.25,667.3 1 1
github.com/bashfulrobot/configr/internal/config/validation.go:670.2,676.42 3 1
github.com/bashfulrobot/configr/internal/config/validation.go:680.96,687.29 2 1
github.com/bashfulrobot/configr/internal/config/validation.go:687.29,688.64 1 1
github.com/bashfulrobot/configr/internal/config/validation.go:688.64,698.4 1 0
github.com/bashfulrobot/configr/internal/config/validation.go:703.99,708.60 2 1
github.com/bashfulrobot/configr/internal/config/validation.go:708.60,710.30 2 1
github.com/bashfulrobot/configr/internal/config/validation.go:710.30,711.50 1 1
github.com/bashfulrobot/configr/internal/config/validation.go:711.50,712.29 1 1
github.com/bashfulrobot/configr/internal/config/validation.go:712.29,714.6 1 1
github.com/bashfulrobot/configr/internal/config/validation.go:718.3,718.21 1 1
github.com/bashfulrobot/configr/internal/config/validation.go:718.21,727.4 1 0
github.com/bashfulrobot/configr/internal/config/validation.go:732.85,743.64 2 1
github.com/bashfulrobot/configr/internal/config/validation.go:743.64,744.96 1 1
github.com/bashfulrobot/configr/internal/config/validation.go:744.96,747.45 2 0
github.com/bashfulrobot/configr/internal/config/validation.go:747.45,749.38 2 0
github.com/bashfulrobot/configr/internal/config/validation.go:749.38,750.29 1 0
github.com/bashfulrobot/configr/internal/config/validation.go:750.29,752.12 2 0
github.com/bashfulrobot/configr/internal/config/validation.go:755.5,755.15 1 0
github.com/bashfulrobot/configr/internal/config/validation.go:755.15,757.11 2 0
github.com/bashfulrobot/configr/internal/config/validation.go:761.4,761.47 1 0
github.com/bashfulrobot/configr/internal/config/validation.go:761.47,771.5 1 0
github.com/bashfulrobot/configr/internal/config/validation.go:777.136,780.39 2 1
github.com/bashfulrobot/configr/internal/config/validation.go:780.39,783.55 2 1
github.com/bashfulrobot/configr/internal/config/validation.go:783.55,784.36 1 1
github.com/bashfulrobot/configr/internal/config/validation.go:784.36,786.10 2 1
github.com/bashfulrobot/configr/internal/config/validation.go:790.3,790.17 1 1
github.com/bashfulrobot/configr/internal/config/validation.go:790.17,800.4 1 1
github.com/bashfulrobot/configr/internal/config/validation.go:803.3,804.91 2 1
github.com/bashfulrobot/configr/internal/config/validation.go:808.40,809.38 1 1
github.com/bashfulrobot/configr/internal/config/validation.go:809.38,811.3 1 1
github.com/bashfulrobot/configr/internal/config/validation.go:812.2,813.19 2 1
github.com/bashfulrobot/configr/internal/config/validation.go:816.43,820.2 1 1
github.com/bashfulrobot/configr/internal/config/validation.go:822.49,833.35 4 1
github.com/bashfulrobot/configr/internal/config/validation.go:833.35,834.41 1 1
github.com/bashfulrobot/configr/internal/config/validation.go:834.41,836.4 1 0
github.com/bashfulrobot/configr/internal/config/validation.go:839.2,839.11 1 1
github.com/bashfulrobot/configr/internal/config/validation.go:843.46,845.41 1 1
github.com/bashfulrobot/configr/internal/config/validation.go:845.41,847.3 1 1
github.com/bashfulrobot/configr/internal/config/validation.go:850.2,850.37 1 1
github.com/bashfulrobot/configr/internal/config/validation.go:850.37,852.3 1 1
github.com/bashfulrobot/configr/internal/config/validation.go:855.2,855.37 1 1
github.com/bashfulrobot/configr/internal/config/validation.go:855.37,857.3 1 1
github.com/bashfulrobot/configr/internal/config/validation.go:860.2,862.24 3 1
github.com/bashfulrobot/configr/internal/config/validation.go:862.24,864.3 1 1
github.com/bashfulrobot/configr/internal/config/validation.go:866.2,866.13 1 1
github.com/bashfulrobot/configr/internal/config/validation.go:872.40,876.2 2 1
github.com/bashfulrobot/configr/internal/config/validation.go:879.42,885.33 3 1
github.com/bashfulrobot/configr/internal/config/validation.go:885.33,887.3 1 1
github.com/bashfulrobot/configr/internal/config/validation.go:890.2,891.21 2 0
github.com/bashfulrobot/configr/internal/config/validation.go:891.21,895.3 3 0
github.com/bashfulrobot/configr/internal/config/validation.go:897.2,897.11 1 0
github.com/bashfulrobot/configr/internal/config/validation.go:901.47,903.76 1 1
github.com/bashfulrobot/configr/internal/config/validation.go:903.76,905.3 1 1
github.com/bashfulrobot/configr/internal/config/validation.go:908.2,908.114 1 1
github.com/bashfulrobot/configr/internal/config/validation.go:912.46,914.110 1 1
github.com/bashfulrobot/configr/internal/config/validation.go:914.110,916.3 1 1
github.com/bashfulrobot/configr/internal/config/validation.go:919.2,921.16 3 1
github.com/bashfulrobot/configr/internal/config/validation.go:925.51,927.79 1 1
github.com/bashfulrobot/configr/internal/config/validation.go:927.79,929.3 1 1
github.com/bashfulrobot/configr/internal/config/validation.go:932.2,932.82 1 1
github.com/bashfulrobot/configr/internal/config/validation.go:936.49,941.2 2 1
github.com/bashfulrobot/configr/internal/config/validation.go:944.51,949.42 3 1
github.com/bashfulrobot/configr/internal/config/validation.go:949.42,951.3 1 1
github.com/bashfulrobot/configr/internal/config/validation.go:953.2,953.11 1 1
